{"meta": {"format": 3, "version": "7.10.1", "timestamp": "2025-10-31T21:56:46.198360", "branch_coverage": false, "show_contexts": false}, "files": {"src/bbia_sim/__init__.py": {"executed_lines": [1], "summary": {"covered_lines": 0, "num_statements": 0, "percent_covered": 100.0, "percent_covered_display": "100.00", "missing_lines": 0, "excluded_lines": 0}, "missing_lines": [], "excluded_lines": [], "functions": {"": {"executed_lines": [], "summary": {"covered_lines": 0, "num_statements": 0, "percent_covered": 100.0, "percent_covered_display": "100.00", "missing_lines": 0, "excluded_lines": 0}, "missing_lines": [], "excluded_lines": []}}, "classes": {"": {"executed_lines": [], "summary": {"covered_lines": 0, "num_statements": 0, "percent_covered": 100.0, "percent_covered_display": "100.00", "missing_lines": 0, "excluded_lines": 0}, "missing_lines": [], "excluded_lines": []}}}, "src/bbia_sim/__main__.py": {"executed_lines": [1, 3, 4, 5, 6, 7, 9, 11, 14, 21, 22, 27, 29, 43, 44, 50, 55, 63, 66, 67, 72, 73, 75, 78, 80, 81, 82, 93, 96, 101, 108, 111, 112, 114, 124, 136, 137, 140, 141, 149, 150, 151, 154, 155, 158, 160, 163, 164, 165, 168, 170, 172, 173, 175, 181, 188, 190, 191, 193, 199, 201, 203, 204, 206, 207, 213, 214], "summary": {"covered_lines": 64, "num_statements": 94, "percent_covered": 68.08510638297872, "percent_covered_display": "68.09", "missing_lines": 30, "excluded_lines": 2}, "missing_lines": [83, 84, 85, 86, 87, 88, 91, 94, 95, 97, 98, 115, 122, 126, 127, 133, 144, 145, 146, 161, 162, 176, 177, 178, 194, 195, 196, 208, 209, 210], "excluded_lines": [213, 214], "functions": {"setup_logging": {"executed_lines": [21, 22], "summary": {"covered_lines": 2, "num_statements": 2, "percent_covered": 100.0, "percent_covered_display": "100.00", "missing_lines": 0, "excluded_lines": 0}, "missing_lines": [], "excluded_lines": []}, "main": {"executed_lines": [29, 43, 44, 50, 55, 63, 66, 67, 72, 73, 75, 78, 80, 81, 82, 93, 96], "summary": {"covered_lines": 17, "num_statements": 28, "percent_covered": 60.714285714285715, "percent_covered_display": "60.71", "missing_lines": 11, "excluded_lines": 0}, "missing_lines": [83, 84, 85, 86, 87, 88, 91, 94, 95, 97, 98], "excluded_lines": []}, "run_simulation": {"executed_lines": [108, 111, 112, 114, 124, 136, 137, 140, 141, 149, 150, 151, 154, 155, 158, 160, 163, 164, 165], "summary": {"covered_lines": 19, "num_statements": 29, "percent_covered": 65.51724137931035, "percent_covered_display": "65.52", "missing_lines": 10, "excluded_lines": 0}, "missing_lines": [115, 122, 126, 127, 133, 144, 145, 146, 161, 162], "excluded_lines": []}, "run_awake_sequence": {"executed_lines": [170, 172, 173, 175], "summary": {"covered_lines": 4, "num_statements": 7, "percent_covered": 57.142857142857146, "percent_covered_display": "57.14", "missing_lines": 3, "excluded_lines": 0}, "missing_lines": [176, 177, 178], "excluded_lines": []}, "run_voice_synthesis": {"executed_lines": [188, 190, 191, 193], "summary": {"covered_lines": 4, "num_statements": 7, "percent_covered": 57.142857142857146, "percent_covered_display": "57.14", "missing_lines": 3, "excluded_lines": 0}, "missing_lines": [194, 195, 196], "excluded_lines": []}, "run_voice_recognition": {"executed_lines": [201, 203, 204, 206, 207], "summary": {"covered_lines": 5, "num_statements": 8, "percent_covered": 62.5, "percent_covered_display": "62.50", "missing_lines": 3, "excluded_lines": 0}, "missing_lines": [208, 209, 210], "excluded_lines": []}, "": {"executed_lines": [1, 3, 4, 5, 6, 7, 9, 11, 14, 27, 101, 168, 181, 199, 213, 214], "summary": {"covered_lines": 13, "num_statements": 13, "percent_covered": 100.0, "percent_covered_display": "100.00", "missing_lines": 0, "excluded_lines": 2}, "missing_lines": [], "excluded_lines": [213, 214]}}, "classes": {"": {"executed_lines": [1, 3, 4, 5, 6, 7, 9, 11, 14, 21, 22, 27, 29, 43, 44, 50, 55, 63, 66, 67, 72, 73, 75, 78, 80, 81, 82, 93, 96, 101, 108, 111, 112, 114, 124, 136, 137, 140, 141, 149, 150, 151, 154, 155, 158, 160, 163, 164, 165, 168, 170, 172, 173, 175, 181, 188, 190, 191, 193, 199, 201, 203, 204, 206, 207, 213, 214], "summary": {"covered_lines": 64, "num_statements": 94, "percent_covered": 68.08510638297872, "percent_covered_display": "68.09", "missing_lines": 30, "excluded_lines": 2}, "missing_lines": [83, 84, 85, 86, 87, 88, 91, 94, 95, 97, 98, 115, 122, 126, 127, 133, 144, 145, 146, 161, 162, 176, 177, 178, 194, 195, 196, 208, 209, 210], "excluded_lines": [213, 214]}}}, "src/bbia_sim/ai_backends.py": {"executed_lines": [1, 8, 10, 11, 12, 13, 14, 17, 18, 22, 23, 27, 28, 32, 33, 39, 41, 42, 44, 45, 46, 47, 48, 50, 51, 54, 56, 58, 59, 66, 67, 69, 70, 71, 76, 77, 79, 80, 81, 82, 83, 94, 95, 97, 98, 103, 106, 107, 108, 109, 110, 111, 122, 123, 125, 134, 135, 136, 137, 138, 139, 150, 151, 153, 162, 163, 168, 180, 193, 194, 202, 205, 230, 231, 233, 234, 237, 238, 243, 244, 245, 246, 247, 248, 262, 263, 264, 266, 289, 290, 292, 293, 296, 297, 302, 303, 304, 305, 306, 307, 314, 315, 316, 318, 333, 334, 335, 336, 337, 338, 339, 340, 341, 343, 345, 346, 348, 351, 352, 353, 354, 356, 361, 362, 363, 364, 365, 369, 371], "summary": {"covered_lines": 102, "num_statements": 181, "percent_covered": 56.353591160220994, "percent_covered_display": "56.35", "missing_lines": 79, "excluded_lines": 55}, "missing_lines": [60, 63, 72, 73, 99, 100, 101, 102, 126, 127, 128, 129, 130, 131, 154, 155, 156, 157, 158, 159, 169, 170, 176, 177, 178, 181, 182, 183, 185, 186, 187, 188, 189, 190, 203, 206, 207, 208, 209, 211, 212, 215, 216, 219, 222, 225, 226, 227, 253, 255, 258, 261, 267, 268, 269, 271, 272, 274, 275, 276, 277, 278, 279, 282, 283, 309, 310, 312, 313, 319, 320, 321, 322, 326, 327, 342, 344, 358, 366], "excluded_lines": [17, 18, 19, 22, 23, 24, 27, 28, 29, 82, 83, 85, 86, 87, 88, 89, 90, 91, 93, 110, 111, 113, 114, 115, 116, 117, 118, 119, 121, 138, 139, 141, 142, 143, 144, 145, 146, 147, 149, 171, 172, 174, 175, 262, 263, 264, 284, 285, 286, 314, 315, 316, 328, 329, 330], "functions": {"TextToSpeech.synthesize_to_wav": {"executed_lines": [], "summary": {"covered_lines": 0, "num_statements": 0, "percent_covered": 100.0, "percent_covered_display": "100.00", "missing_lines": 0, "excluded_lines": 1}, "missing_lines": [], "excluded_lines": [19]}, "SpeechToText.transcribe_wav": {"executed_lines": [], "summary": {"covered_lines": 0, "num_statements": 0, "percent_covered": 100.0, "percent_covered_display": "100.00", "missing_lines": 0, "excluded_lines": 1}, "missing_lines": [], "excluded_lines": [24]}, "LocalLLM.generate": {"executed_lines": [], "summary": {"covered_lines": 0, "num_statements": 0, "percent_covered": 100.0, "percent_covered_display": "100.00", "missing_lines": 0, "excluded_lines": 1}, "missing_lines": [], "excluded_lines": [29]}, "Pyttsx3TTS.__init__": {"executed_lines": [41, 42], "summary": {"covered_lines": 2, "num_statements": 2, "percent_covered": 100.0, "percent_covered_display": "100.00", "missing_lines": 0, "excluded_lines": 0}, "missing_lines": [], "excluded_lines": []}, "Pyttsx3TTS.synthesize_to_wav": {"executed_lines": [45, 46, 47, 48, 50, 51, 54, 56, 58, 59, 66, 67, 69, 70, 71], "summary": {"covered_lines": 15, "num_statements": 19, "percent_covered": 78.94736842105263, "percent_covered_display": "78.95", "missing_lines": 4, "excluded_lines": 0}, "missing_lines": [60, 63, 72, 73], "excluded_lines": []}, "KittenTTSTTS.__init__": {"executed_lines": [80, 81, 82, 83, 94, 95], "summary": {"covered_lines": 4, "num_statements": 4, "percent_covered": 100.0, "percent_covered_display": "100.00", "missing_lines": 0, "excluded_lines": 7}, "missing_lines": [], "excluded_lines": [82, 83, 85, 86, 88, 89, 93]}, "KittenTTSTTS.__init__._KittenImpl.__init__": {"executed_lines": [], "summary": {"covered_lines": 0, "num_statements": 0, "percent_covered": 100.0, "percent_covered_display": "100.00", "missing_lines": 0, "excluded_lines": 1}, "missing_lines": [], "excluded_lines": [87]}, "KittenTTSTTS.__init__._KittenImpl.synthesize_to_wav": {"executed_lines": [], "summary": {"covered_lines": 0, "num_statements": 0, "percent_covered": 100.0, "percent_covered_display": "100.00", "missing_lines": 0, "excluded_lines": 2}, "missing_lines": [], "excluded_lines": [90, 91]}, "KittenTTSTTS.synthesize_to_wav": {"executed_lines": [98, 103], "summary": {"covered_lines": 2, "num_statements": 6, "percent_covered": 33.333333333333336, "percent_covered_display": "33.33", "missing_lines": 4, "excluded_lines": 0}, "missing_lines": [99, 100, 101, 102], "excluded_lines": []}, "KokoroTTS.__init__": {"executed_lines": [108, 109, 110, 111, 122, 123], "summary": {"covered_lines": 4, "num_statements": 4, "percent_covered": 100.0, "percent_covered_display": "100.00", "missing_lines": 0, "excluded_lines": 7}, "missing_lines": [], "excluded_lines": [110, 111, 113, 114, 116, 117, 121]}, "KokoroTTS.__init__._KokoroImpl.__init__": {"executed_lines": [], "summary": {"covered_lines": 0, "num_statements": 0, "percent_covered": 100.0, "percent_covered_display": "100.00", "missing_lines": 0, "excluded_lines": 1}, "missing_lines": [], "excluded_lines": [115]}, "KokoroTTS.__init__._KokoroImpl.synthesize_to_wav": {"executed_lines": [], "summary": {"covered_lines": 0, "num_statements": 0, "percent_covered": 100.0, "percent_covered_display": "100.00", "missing_lines": 0, "excluded_lines": 2}, "missing_lines": [], "excluded_lines": [118, 119]}, "KokoroTTS.synthesize_to_wav": {"executed_lines": [], "summary": {"covered_lines": 0, "num_statements": 6, "percent_covered": 0.0, "percent_covered_display": "0.00", "missing_lines": 6, "excluded_lines": 0}, "missing_lines": [126, 127, 128, 129, 130, 131], "excluded_lines": []}, "NeuTTSTTS.__init__": {"executed_lines": [136, 137, 138, 139, 150, 151], "summary": {"covered_lines": 4, "num_statements": 4, "percent_covered": 100.0, "percent_covered_display": "100.00", "missing_lines": 0, "excluded_lines": 7}, "missing_lines": [], "excluded_lines": [138, 139, 141, 142, 144, 145, 149]}, "NeuTTSTTS.__init__._NeuImpl.__init__": {"executed_lines": [], "summary": {"covered_lines": 0, "num_statements": 0, "percent_covered": 100.0, "percent_covered_display": "100.00", "missing_lines": 0, "excluded_lines": 1}, "missing_lines": [], "excluded_lines": [143]}, "NeuTTSTTS.__init__._NeuImpl.synthesize_to_wav": {"executed_lines": [], "summary": {"covered_lines": 0, "num_statements": 0, "percent_covered": 100.0, "percent_covered_display": "100.00", "missing_lines": 0, "excluded_lines": 2}, "missing_lines": [], "excluded_lines": [146, 147]}, "NeuTTSTTS.synthesize_to_wav": {"executed_lines": [], "summary": {"covered_lines": 0, "num_statements": 6, "percent_covered": 0.0, "percent_covered_display": "0.00", "missing_lines": 6, "excluded_lines": 0}, "missing_lines": [154, 155, 156, 157, 158, 159], "excluded_lines": []}, "CoquiTTSTTS.__init__": {"executed_lines": [], "summary": {"covered_lines": 0, "num_statements": 5, "percent_covered": 0.0, "percent_covered_display": "0.00", "missing_lines": 5, "excluded_lines": 4}, "missing_lines": [169, 170, 176, 177, 178], "excluded_lines": [171, 172, 174, 175]}, "CoquiTTSTTS.synthesize_to_wav": {"executed_lines": [], "summary": {"covered_lines": 0, "num_statements": 9, "percent_covered": 0.0, "percent_covered_display": "0.00", "missing_lines": 9, "excluded_lines": 0}, "missing_lines": [181, 182, 183, 185, 186, 187, 188, 189, 190], "excluded_lines": []}, "OpenVoiceTTSTTS.__init__": {"executed_lines": [], "summary": {"covered_lines": 0, "num_statements": 1, "percent_covered": 0.0, "percent_covered_display": "0.00", "missing_lines": 1, "excluded_lines": 0}, "missing_lines": [203], "excluded_lines": []}, "OpenVoiceTTSTTS.synthesize_to_wav": {"executed_lines": [], "summary": {"covered_lines": 0, "num_statements": 13, "percent_covered": 0.0, "percent_covered_display": "0.00", "missing_lines": 13, "excluded_lines": 0}, "missing_lines": [206, 207, 208, 209, 211, 212, 215, 216, 219, 222, 225, 226, 227], "excluded_lines": []}, "DummySTT.transcribe_wav": {"executed_lines": [234], "summary": {"covered_lines": 1, "num_statements": 1, "percent_covered": 100.0, "percent_covered_display": "100.00", "missing_lines": 0, "excluded_lines": 0}, "missing_lines": [], "excluded_lines": []}, "WhisperSTT.__init__": {"executed_lines": [244, 245, 246, 247, 248, 262, 263, 264], "summary": {"covered_lines": 5, "num_statements": 9, "percent_covered": 55.55555555555556, "percent_covered_display": "55.56", "missing_lines": 4, "excluded_lines": 3}, "missing_lines": [253, 255, 258, 261], "excluded_lines": [262, 263, 264]}, "WhisperSTT.transcribe_wav": {"executed_lines": [], "summary": {"covered_lines": 0, "num_statements": 13, "percent_covered": 0.0, "percent_covered_display": "0.00", "missing_lines": 13, "excluded_lines": 3}, "missing_lines": [267, 268, 269, 271, 272, 274, 275, 276, 277, 278, 279, 282, 283], "excluded_lines": [284, 285, 286]}, "EchoLLM.generate": {"executed_lines": [293], "summary": {"covered_lines": 1, "num_statements": 1, "percent_covered": 100.0, "percent_covered_display": "100.00", "missing_lines": 0, "excluded_lines": 0}, "missing_lines": [], "excluded_lines": []}, "LlamaCppLLM.__init__": {"executed_lines": [303, 304, 305, 306, 307, 314, 315, 316], "summary": {"covered_lines": 5, "num_statements": 9, "percent_covered": 55.55555555555556, "percent_covered_display": "55.56", "missing_lines": 4, "excluded_lines": 3}, "missing_lines": [309, 310, 312, 313], "excluded_lines": [314, 315, 316]}, "LlamaCppLLM.generate": {"executed_lines": [], "summary": {"covered_lines": 0, "num_statements": 6, "percent_covered": 0.0, "percent_covered_display": "0.00", "missing_lines": 6, "excluded_lines": 3}, "missing_lines": [319, 320, 321, 322, 326, 327], "excluded_lines": [328, 329, 330]}, "get_tts_backend": {"executed_lines": [334, 335, 336, 337, 338, 339, 340, 341, 343, 345, 346, 348], "summary": {"covered_lines": 12, "num_statements": 14, "percent_covered": 85.71428571428571, "percent_covered_display": "85.71", "missing_lines": 2, "excluded_lines": 0}, "missing_lines": [342, 344], "excluded_lines": []}, "get_stt_backend": {"executed_lines": [352, 353, 354, 356], "summary": {"covered_lines": 4, "num_statements": 5, "percent_covered": 80.0, "percent_covered_display": "80.00", "missing_lines": 1, "excluded_lines": 0}, "missing_lines": [358], "excluded_lines": []}, "get_llm_backend": {"executed_lines": [362, 363, 364, 365], "summary": {"covered_lines": 4, "num_statements": 5, "percent_covered": 80.0, "percent_covered_display": "80.00", "missing_lines": 1, "excluded_lines": 0}, "missing_lines": [366], "excluded_lines": []}, "select_backends": {"executed_lines": [371], "summary": {"covered_lines": 1, "num_statements": 1, "percent_covered": 100.0, "percent_covered_display": "100.00", "missing_lines": 0, "excluded_lines": 0}, "missing_lines": [], "excluded_lines": []}, "": {"executed_lines": [1, 8, 10, 11, 12, 13, 14, 17, 18, 22, 23, 27, 28, 32, 33, 39, 44, 76, 77, 79, 97, 106, 107, 125, 134, 135, 153, 162, 163, 168, 180, 193, 194, 202, 205, 230, 231, 233, 237, 238, 243, 266, 289, 290, 292, 296, 297, 302, 318, 333, 351, 361, 369], "summary": {"covered_lines": 38, "num_statements": 38, "percent_covered": 100.0, "percent_covered_display": "100.00", "missing_lines": 0, "excluded_lines": 6}, "missing_lines": [], "excluded_lines": [17, 18, 22, 23, 27, 28]}}, "classes": {"TextToSpeech": {"executed_lines": [], "summary": {"covered_lines": 0, "num_statements": 0, "percent_covered": 100.0, "percent_covered_display": "100.00", "missing_lines": 0, "excluded_lines": 1}, "missing_lines": [], "excluded_lines": [19]}, "SpeechToText": {"executed_lines": [], "summary": {"covered_lines": 0, "num_statements": 0, "percent_covered": 100.0, "percent_covered_display": "100.00", "missing_lines": 0, "excluded_lines": 1}, "missing_lines": [], "excluded_lines": [24]}, "LocalLLM": {"executed_lines": [], "summary": {"covered_lines": 0, "num_statements": 0, "percent_covered": 100.0, "percent_covered_display": "100.00", "missing_lines": 0, "excluded_lines": 1}, "missing_lines": [], "excluded_lines": [29]}, "Pyttsx3TTS": {"executed_lines": [41, 42, 45, 46, 47, 48, 50, 51, 54, 56, 58, 59, 66, 67, 69, 70, 71], "summary": {"covered_lines": 17, "num_statements": 21, "percent_covered": 80.95238095238095, "percent_covered_display": "80.95", "missing_lines": 4, "excluded_lines": 0}, "missing_lines": [60, 63, 72, 73], "excluded_lines": []}, "KittenTTSTTS": {"executed_lines": [80, 81, 82, 83, 94, 95, 98, 103], "summary": {"covered_lines": 6, "num_statements": 10, "percent_covered": 60.0, "percent_covered_display": "60.00", "missing_lines": 4, "excluded_lines": 7}, "missing_lines": [99, 100, 101, 102], "excluded_lines": [82, 83, 85, 86, 88, 89, 93]}, "KittenTTSTTS.__init__._KittenImpl": {"executed_lines": [], "summary": {"covered_lines": 0, "num_statements": 0, "percent_covered": 100.0, "percent_covered_display": "100.00", "missing_lines": 0, "excluded_lines": 3}, "missing_lines": [], "excluded_lines": [87, 90, 91]}, "KokoroTTS": {"executed_lines": [108, 109, 110, 111, 122, 123], "summary": {"covered_lines": 4, "num_statements": 10, "percent_covered": 40.0, "percent_covered_display": "40.00", "missing_lines": 6, "excluded_lines": 7}, "missing_lines": [126, 127, 128, 129, 130, 131], "excluded_lines": [110, 111, 113, 114, 116, 117, 121]}, "KokoroTTS.__init__._KokoroImpl": {"executed_lines": [], "summary": {"covered_lines": 0, "num_statements": 0, "percent_covered": 100.0, "percent_covered_display": "100.00", "missing_lines": 0, "excluded_lines": 3}, "missing_lines": [], "excluded_lines": [115, 118, 119]}, "NeuTTSTTS": {"executed_lines": [136, 137, 138, 139, 150, 151], "summary": {"covered_lines": 4, "num_statements": 10, "percent_covered": 40.0, "percent_covered_display": "40.00", "missing_lines": 6, "excluded_lines": 7}, "missing_lines": [154, 155, 156, 157, 158, 159], "excluded_lines": [138, 139, 141, 142, 144, 145, 149]}, "NeuTTSTTS.__init__._NeuImpl": {"executed_lines": [], "summary": {"covered_lines": 0, "num_statements": 0, "percent_covered": 100.0, "percent_covered_display": "100.00", "missing_lines": 0, "excluded_lines": 3}, "missing_lines": [], "excluded_lines": [143, 146, 147]}, "CoquiTTSTTS": {"executed_lines": [], "summary": {"covered_lines": 0, "num_statements": 14, "percent_covered": 0.0, "percent_covered_display": "0.00", "missing_lines": 14, "excluded_lines": 4}, "missing_lines": [169, 170, 176, 177, 178, 181, 182, 183, 185, 186, 187, 188, 189, 190], "excluded_lines": [171, 172, 174, 175]}, "OpenVoiceTTSTTS": {"executed_lines": [], "summary": {"covered_lines": 0, "num_statements": 14, "percent_covered": 0.0, "percent_covered_display": "0.00", "missing_lines": 14, "excluded_lines": 0}, "missing_lines": [203, 206, 207, 208, 209, 211, 212, 215, 216, 219, 222, 225, 226, 227], "excluded_lines": []}, "DummySTT": {"executed_lines": [234], "summary": {"covered_lines": 1, "num_statements": 1, "percent_covered": 100.0, "percent_covered_display": "100.00", "missing_lines": 0, "excluded_lines": 0}, "missing_lines": [], "excluded_lines": []}, "WhisperSTT": {"executed_lines": [244, 245, 246, 247, 248, 262, 263, 264], "summary": {"covered_lines": 5, "num_statements": 22, "percent_covered": 22.727272727272727, "percent_covered_display": "22.73", "missing_lines": 17, "excluded_lines": 6}, "missing_lines": [253, 255, 258, 261, 267, 268, 269, 271, 272, 274, 275, 276, 277, 278, 279, 282, 283], "excluded_lines": [262, 263, 264, 284, 285, 286]}, "EchoLLM": {"executed_lines": [293], "summary": {"covered_lines": 1, "num_statements": 1, "percent_covered": 100.0, "percent_covered_display": "100.00", "missing_lines": 0, "excluded_lines": 0}, "missing_lines": [], "excluded_lines": []}, "LlamaCppLLM": {"executed_lines": [303, 304, 305, 306, 307, 314, 315, 316], "summary": {"covered_lines": 5, "num_statements": 15, "percent_covered": 33.333333333333336, "percent_covered_display": "33.33", "missing_lines": 10, "excluded_lines": 6}, "missing_lines": [309, 310, 312, 313, 319, 320, 321, 322, 326, 327], "excluded_lines": [314, 315, 316, 328, 329, 330]}, "": {"executed_lines": [1, 8, 10, 11, 12, 13, 14, 17, 18, 22, 23, 27, 28, 32, 33, 39, 44, 76, 77, 79, 97, 106, 107, 125, 134, 135, 153, 162, 163, 168, 180, 193, 194, 202, 205, 230, 231, 233, 237, 238, 243, 266, 289, 290, 292, 296, 297, 302, 318, 333, 334, 335, 336, 337, 338, 339, 340, 341, 343, 345, 346, 348, 351, 352, 353, 354, 356, 361, 362, 363, 364, 365, 369, 371], "summary": {"covered_lines": 59, "num_statements": 63, "percent_covered": 93.65079365079364, "percent_covered_display": "93.65", "missing_lines": 4, "excluded_lines": 6}, "missing_lines": [342, 344, 358, 366], "excluded_lines": [17, 18, 22, 23, 27, 28]}}}, "src/bbia_sim/backends/__init__.py": {"executed_lines": [1, 3, 4, 6], "summary": {"covered_lines": 3, "num_statements": 3, "percent_covered": 100.0, "percent_covered_display": "100.00", "missing_lines": 0, "excluded_lines": 0}, "missing_lines": [], "excluded_lines": [], "functions": {"": {"executed_lines": [1, 3, 4, 6], "summary": {"covered_lines": 3, "num_statements": 3, "percent_covered": 100.0, "percent_covered_display": "100.00", "missing_lines": 0, "excluded_lines": 0}, "missing_lines": [], "excluded_lines": []}}, "classes": {"": {"executed_lines": [1, 3, 4, 6], "summary": {"covered_lines": 3, "num_statements": 3, "percent_covered": 100.0, "percent_covered_display": "100.00", "missing_lines": 0, "excluded_lines": 0}, "missing_lines": [], "excluded_lines": []}}}, "src/bbia_sim/backends/mujoco_backend.py": {"executed_lines": [2, 7, 8, 9, 10, 12, 13, 15, 17, 20, 21, 23, 26, 27, 28, 29, 30, 31, 32, 33, 35, 37, 38, 42, 43, 46, 47, 48, 49, 51, 52, 54, 55, 56, 57, 63, 65, 66, 70, 71, 72, 73, 74, 80, 82, 83, 85, 87, 89, 93, 98, 99, 100, 103, 104, 105, 107, 108, 110, 112, 115, 116, 118, 119, 120, 123, 125, 128, 129, 130, 131, 136, 138, 139, 140, 142, 144, 145, 146, 147, 148, 149, 154, 172, 174, 175, 184, 194], "summary": {"covered_lines": 86, "num_statements": 138, "percent_covered": 62.31884057971015, "percent_covered_display": "62.32", "missing_lines": 52, "excluded_lines": 0}, "missing_lines": [39, 40, 59, 60, 61, 67, 68, 76, 77, 78, 90, 91, 94, 95, 113, 121, 126, 132, 133, 134, 150, 151, 152, 156, 157, 158, 160, 161, 162, 164, 166, 167, 168, 169, 170, 177, 178, 179, 180, 181, 182, 186, 187, 189, 190, 191, 192, 196, 197, 199, 200, 202], "excluded_lines": [], "functions": {"MuJoCoBackend.__init__": {"executed_lines": [26, 27, 28, 29, 30, 31, 32, 33], "summary": {"covered_lines": 8, "num_statements": 8, "percent_covered": 100.0, "percent_covered_display": "100.00", "missing_lines": 0, "excluded_lines": 0}, "missing_lines": [], "excluded_lines": []}, "MuJoCoBackend.connect": {"executed_lines": [37, 38, 42, 43, 46, 47, 48, 49, 51, 52, 54, 55, 56, 57], "summary": {"covered_lines": 14, "num_statements": 19, "percent_covered": 73.6842105263158, "percent_covered_display": "73.68", "missing_lines": 5, "excluded_lines": 0}, "missing_lines": [39, 40, 59, 60, 61], "excluded_lines": []}, "MuJoCoBackend.disconnect": {"executed_lines": [65, 66, 70, 71, 72, 73, 74], "summary": {"covered_lines": 7, "num_statements": 12, "percent_covered": 58.333333333333336, "percent_covered_display": "58.33", "missing_lines": 5, "excluded_lines": 0}, "missing_lines": [67, 68, 76, 77, 78], "excluded_lines": []}, "MuJoCoBackend.get_available_joints": {"executed_lines": [82, 83, 85], "summary": {"covered_lines": 3, "num_statements": 3, "percent_covered": 100.0, "percent_covered_display": "100.00", "missing_lines": 0, "excluded_lines": 0}, "missing_lines": [], "excluded_lines": []}, "MuJoCoBackend.set_joint_pos": {"executed_lines": [89, 93, 98, 99, 100, 103, 104, 105, 107, 108], "summary": {"covered_lines": 10, "num_statements": 14, "percent_covered": 71.42857142857143, "percent_covered_display": "71.43", "missing_lines": 4, "excluded_lines": 0}, "missing_lines": [90, 91, 94, 95], "excluded_lines": []}, "MuJoCoBackend.get_joint_pos": {"executed_lines": [112, 115, 116, 118, 119, 120], "summary": {"covered_lines": 6, "num_statements": 8, "percent_covered": 75.0, "percent_covered_display": "75.00", "missing_lines": 2, "excluded_lines": 0}, "missing_lines": [113, 121], "excluded_lines": []}, "MuJoCoBackend.step": {"executed_lines": [125, 128, 129, 130, 131], "summary": {"covered_lines": 5, "num_statements": 9, "percent_covered": 55.55555555555556, "percent_covered_display": "55.56", "missing_lines": 4, "excluded_lines": 0}, "missing_lines": [126, 132, 133, 134], "excluded_lines": []}, "MuJoCoBackend.emergency_stop": {"executed_lines": [138, 139, 140, 142, 144, 145, 146, 147, 148, 149], "summary": {"covered_lines": 10, "num_statements": 13, "percent_covered": 76.92307692307692, "percent_covered_display": "76.92", "missing_lines": 3, "excluded_lines": 0}, "missing_lines": [150, 151, 152], "excluded_lines": []}, "MuJoCoBackend.launch_viewer": {"executed_lines": [], "summary": {"covered_lines": 0, "num_statements": 12, "percent_covered": 0.0, "percent_covered_display": "0.00", "missing_lines": 12, "excluded_lines": 0}, "missing_lines": [156, 157, 158, 160, 161, 162, 164, 166, 167, 168, 169, 170], "excluded_lines": []}, "MuJoCoBackend.sync_viewer": {"executed_lines": [174, 175], "summary": {"covered_lines": 2, "num_statements": 8, "percent_covered": 25.0, "percent_covered_display": "25.00", "missing_lines": 6, "excluded_lines": 0}, "missing_lines": [177, 178, 179, 180, 181, 182], "excluded_lines": []}, "MuJoCoBackend.is_viewer_running": {"executed_lines": [], "summary": {"covered_lines": 0, "num_statements": 6, "percent_covered": 0.0, "percent_covered_display": "0.00", "missing_lines": 6, "excluded_lines": 0}, "missing_lines": [186, 187, 189, 190, 191, 192], "excluded_lines": []}, "MuJoCoBackend.get_telemetry": {"executed_lines": [], "summary": {"covered_lines": 0, "num_statements": 5, "percent_covered": 0.0, "percent_covered_display": "0.00", "missing_lines": 5, "excluded_lines": 0}, "missing_lines": [196, 197, 199, 200, 202], "excluded_lines": []}, "": {"executed_lines": [2, 7, 8, 9, 10, 12, 13, 15, 17, 20, 21, 23, 35, 63, 80, 87, 110, 123, 136, 154, 172, 184, 194], "summary": {"covered_lines": 21, "num_statements": 21, "percent_covered": 100.0, "percent_covered_display": "100.00", "missing_lines": 0, "excluded_lines": 0}, "missing_lines": [], "excluded_lines": []}}, "classes": {"MuJoCoBackend": {"executed_lines": [26, 27, 28, 29, 30, 31, 32, 33, 37, 38, 42, 43, 46, 47, 48, 49, 51, 52, 54, 55, 56, 57, 65, 66, 70, 71, 72, 73, 74, 82, 83, 85, 89, 93, 98, 99, 100, 103, 104, 105, 107, 108, 112, 115, 116, 118, 119, 120, 125, 128, 129, 130, 131, 138, 139, 140, 142, 144, 145, 146, 147, 148, 149, 174, 175], "summary": {"covered_lines": 65, "num_statements": 117, "percent_covered": 55.55555555555556, "percent_covered_display": "55.56", "missing_lines": 52, "excluded_lines": 0}, "missing_lines": [39, 40, 59, 60, 61, 67, 68, 76, 77, 78, 90, 91, 94, 95, 113, 121, 126, 132, 133, 134, 150, 151, 152, 156, 157, 158, 160, 161, 162, 164, 166, 167, 168, 169, 170, 177, 178, 179, 180, 181, 182, 186, 187, 189, 190, 191, 192, 196, 197, 199, 200, 202], "excluded_lines": []}, "": {"executed_lines": [2, 7, 8, 9, 10, 12, 13, 15, 17, 20, 21, 23, 35, 63, 80, 87, 110, 123, 136, 154, 172, 184, 194], "summary": {"covered_lines": 21, "num_statements": 21, "percent_covered": 100.0, "percent_covered_display": "100.00", "missing_lines": 0, "excluded_lines": 0}, "missing_lines": [], "excluded_lines": []}}}, "src/bbia_sim/backends/reachy_backend.py": {"executed_lines": [2, 7, 8, 9, 11, 13, 16, 17, 19, 20, 21, 22, 23, 24, 25, 28, 39, 49, 51, 54, 57, 59, 60, 61, 62, 68, 70, 72, 74, 75, 76, 82, 84, 85, 87, 89, 91, 95, 100, 101, 106, 108, 109, 111, 113, 116, 119, 121, 123, 126, 129, 130, 131, 136, 152, 175, 187], "summary": {"covered_lines": 55, "num_statements": 93, "percent_covered": 59.13978494623656, "percent_covered_display": "59.14", "missing_lines": 38, "excluded_lines": 0}, "missing_lines": [64, 65, 66, 78, 79, 80, 92, 93, 96, 97, 102, 114, 117, 124, 132, 133, 134, 138, 139, 140, 142, 145, 146, 147, 148, 149, 150, 154, 155, 157, 158, 160, 179, 180, 181, 184, 185, 189], "excluded_lines": [], "functions": {"ReachyBackend.__init__": {"executed_lines": [20, 21, 22, 23, 24, 25, 28, 39], "summary": {"covered_lines": 8, "num_statements": 8, "percent_covered": 100.0, "percent_covered_display": "100.00", "missing_lines": 0, "excluded_lines": 0}, "missing_lines": [], "excluded_lines": []}, "ReachyBackend.connect": {"executed_lines": [51, 54, 57, 59, 60, 61, 62], "summary": {"covered_lines": 7, "num_statements": 10, "percent_covered": 70.0, "percent_covered_display": "70.00", "missing_lines": 3, "excluded_lines": 0}, "missing_lines": [64, 65, 66], "excluded_lines": []}, "ReachyBackend.disconnect": {"executed_lines": [70, 72, 74, 75, 76], "summary": {"covered_lines": 5, "num_statements": 8, "percent_covered": 62.5, "percent_covered_display": "62.50", "missing_lines": 3, "excluded_lines": 0}, "missing_lines": [78, 79, 80], "excluded_lines": []}, "ReachyBackend.get_available_joints": {"executed_lines": [84, 85, 87], "summary": {"covered_lines": 3, "num_statements": 3, "percent_covered": 100.0, "percent_covered_display": "100.00", "missing_lines": 0, "excluded_lines": 0}, "missing_lines": [], "excluded_lines": []}, "ReachyBackend.set_joint_pos": {"executed_lines": [91, 95, 100, 101, 106, 108, 109], "summary": {"covered_lines": 7, "num_statements": 12, "percent_covered": 58.333333333333336, "percent_covered_display": "58.33", "missing_lines": 5, "excluded_lines": 0}, "missing_lines": [92, 93, 96, 97, 102], "excluded_lines": []}, "ReachyBackend.get_joint_pos": {"executed_lines": [113, 116, 119], "summary": {"covered_lines": 3, "num_statements": 5, "percent_covered": 60.0, "percent_covered_display": "60.00", "missing_lines": 2, "excluded_lines": 0}, "missing_lines": [114, 117], "excluded_lines": []}, "ReachyBackend.step": {"executed_lines": [123, 126, 129, 130, 131], "summary": {"covered_lines": 5, "num_statements": 9, "percent_covered": 55.55555555555556, "percent_covered_display": "55.56", "missing_lines": 4, "excluded_lines": 0}, "missing_lines": [124, 132, 133, 134], "excluded_lines": []}, "ReachyBackend.emergency_stop": {"executed_lines": [], "summary": {"covered_lines": 0, "num_statements": 10, "percent_covered": 0.0, "percent_covered_display": "0.00", "missing_lines": 10, "excluded_lines": 0}, "missing_lines": [138, 139, 140, 142, 145, 146, 147, 148, 149, 150], "excluded_lines": []}, "ReachyBackend.get_telemetry": {"executed_lines": [], "summary": {"covered_lines": 0, "num_statements": 5, "percent_covered": 0.0, "percent_covered_display": "0.00", "missing_lines": 5, "excluded_lines": 0}, "missing_lines": [154, 155, 157, 158, 160], "excluded_lines": []}, "ReachyBackend.send_command": {"executed_lines": [], "summary": {"covered_lines": 0, "num_statements": 5, "percent_covered": 0.0, "percent_covered_display": "0.00", "missing_lines": 5, "excluded_lines": 0}, "missing_lines": [179, 180, 181, 184, 185], "excluded_lines": []}, "ReachyBackend.get_robot_status": {"executed_lines": [], "summary": {"covered_lines": 0, "num_statements": 1, "percent_covered": 0.0, "percent_covered_display": "0.00", "missing_lines": 1, "excluded_lines": 0}, "missing_lines": [189], "excluded_lines": []}, "": {"executed_lines": [2, 7, 8, 9, 11, 13, 16, 17, 19, 49, 68, 82, 89, 111, 121, 136, 152, 175, 187], "summary": {"covered_lines": 17, "num_statements": 17, "percent_covered": 100.0, "percent_covered_display": "100.00", "missing_lines": 0, "excluded_lines": 0}, "missing_lines": [], "excluded_lines": []}}, "classes": {"ReachyBackend": {"executed_lines": [20, 21, 22, 23, 24, 25, 28, 39, 51, 54, 57, 59, 60, 61, 62, 70, 72, 74, 75, 76, 84, 85, 87, 91, 95, 100, 101, 106, 108, 109, 113, 116, 119, 123, 126, 129, 130, 131], "summary": {"covered_lines": 38, "num_statements": 76, "percent_covered": 50.0, "percent_covered_display": "50.00", "missing_lines": 38, "excluded_lines": 0}, "missing_lines": [64, 65, 66, 78, 79, 80, 92, 93, 96, 97, 102, 114, 117, 124, 132, 133, 134, 138, 139, 140, 142, 145, 146, 147, 148, 149, 150, 154, 155, 157, 158, 160, 179, 180, 181, 184, 185, 189], "excluded_lines": []}, "": {"executed_lines": [2, 7, 8, 9, 11, 13, 16, 17, 19, 49, 68, 82, 89, 111, 121, 136, 152, 175, 187], "summary": {"covered_lines": 17, "num_statements": 17, "percent_covered": 100.0, "percent_covered_display": "100.00", "missing_lines": 0, "excluded_lines": 0}, "missing_lines": [], "excluded_lines": []}}}, "src/bbia_sim/backends/reachy_mini_backend.py": {"executed_lines": [2, 7, 8, 9, 10, 12, 13, 15, 16, 17, 19, 25, 28, 31, 32, 33, 34, 36, 39, 40, 42, 64, 65, 66, 67, 68, 69, 70, 71, 72, 73, 74, 77, 78, 79, 80, 82, 85, 86, 87, 91, 108, 129, 134, 136, 137, 138, 139, 140, 141, 142, 143, 146, 147, 148, 149, 150, 151, 152, 153, 155, 158, 176, 178, 182, 183, 184, 185, 186, 187, 215, 218, 219, 222, 223, 227, 228, 229, 231, 233, 235, 236, 237, 244, 246, 248, 253, 254, 256, 258, 259, 261, 263, 264, 265, 266, 267, 268, 269, 271, 272, 274, 280, 281, 283, 284, 285, 288, 289, 291, 295, 297, 298, 303, 304, 305, 308, 314, 329, 331, 333, 335, 336, 337, 341, 343, 345, 347, 348, 457, 460, 461, 462, 469, 470, 479, 481, 482, 483, 582, 585, 588, 589, 590, 593, 594, 597, 600, 602, 603, 604, 607, 610, 619, 621, 622, 623, 624, 643, 652, 654, 658, 671, 679, 680, 681, 682, 684, 686, 687, 726, 728, 729, 731, 733, 734, 735, 739, 740, 751, 768, 784, 790, 791, 809, 821, 823, 824, 825, 832, 834, 835, 836, 843, 847, 848, 849, 871, 881, 882, 883, 885, 886, 887, 961, 963, 964, 965, 972, 974, 975, 976, 983, 989, 993, 995, 998, 999, 1000, 1001, 1004, 1008, 1009, 1011, 1012, 1014, 1016, 1017, 1018, 1025, 1027, 1028, 1029, 1038, 1049, 1056, 1057, 1058, 1065, 1067, 1068, 1069, 1076, 1078, 1079, 1080, 1089, 1105, 1112, 1113, 1114, 1123, 1124, 1126, 1127, 1128, 1131, 1132, 1134, 1135, 1136, 1141, 1191, 1207, 1209, 1210, 1225, 1236, 1249, 1250, 1252, 1255, 1256, 1257, 1258, 1260, 1261, 1264, 1266, 1267, 1268, 1269, 1272, 1273, 1274, 1275, 1276, 1277, 1278, 1279, 1282, 1283, 1284, 1285, 1287, 1336, 1347], "summary": {"covered_lines": 292, "num_statements": 681, "percent_covered": 42.87812041116006, "percent_covered_display": "42.88", "missing_lines": 389, "excluded_lines": 5}, "missing_lines": [20, 21, 22, 23, 26, 169, 170, 171, 173, 174, 175, 188, 190, 191, 192, 196, 197, 198, 199, 200, 201, 203, 207, 208, 209, 210, 212, 213, 220, 221, 224, 225, 226, 296, 311, 315, 319, 320, 321, 323, 324, 326, 350, 352, 355, 360, 363, 364, 365, 366, 367, 368, 372, 373, 376, 377, 378, 382, 386, 387, 389, 390, 395, 399, 404, 405, 408, 410, 412, 414, 415, 418, 419, 420, 423, 424, 425, 427, 428, 432, 433, 435, 439, 442, 448, 450, 451, 453, 454, 455, 487, 488, 490, 491, 497, 502, 503, 506, 507, 508, 509, 510, 517, 521, 522, 524, 525, 527, 528, 529, 530, 531, 532, 535, 542, 543, 550, 570, 575, 577, 578, 579, 580, 626, 628, 629, 634, 635, 636, 637, 639, 640, 641, 660, 663, 666, 667, 668, 669, 689, 691, 692, 693, 694, 695, 700, 701, 704, 706, 707, 708, 715, 716, 717, 718, 719, 721, 722, 723, 724, 741, 743, 746, 762, 763, 764, 770, 771, 773, 774, 775, 780, 781, 782, 793, 795, 796, 800, 804, 805, 806, 807, 811, 812, 814, 815, 816, 817, 818, 819, 827, 828, 829, 830, 838, 839, 840, 841, 851, 852, 854, 855, 857, 858, 860, 861, 862, 863, 864, 866, 867, 868, 869, 889, 900, 901, 902, 907, 910, 921, 922, 923, 924, 927, 928, 929, 934, 938, 940, 944, 945, 948, 955, 957, 958, 959, 967, 968, 969, 970, 978, 979, 980, 981, 990, 991, 1005, 1006, 1007, 1020, 1021, 1022, 1023, 1031, 1032, 1033, 1034, 1040, 1041, 1042, 1044, 1045, 1046, 1047, 1060, 1061, 1062, 1063, 1071, 1072, 1073, 1074, 1082, 1083, 1084, 1085, 1086, 1087, 1096, 1097, 1098, 1100, 1101, 1102, 1103, 1116, 1117, 1118, 1119, 1129, 1137, 1145, 1146, 1149, 1150, 1153, 1154, 1156, 1157, 1159, 1161, 1162, 1163, 1164, 1167, 1168, 1169, 1171, 1172, 1175, 1176, 1177, 1178, 1182, 1183, 1185, 1187, 1188, 1189, 1195, 1197, 1200, 1201, 1203, 1215, 1216, 1217, 1218, 1220, 1221, 1222, 1223, 1227, 1228, 1229, 1231, 1232, 1233, 1234, 1289, 1290, 1293, 1294, 1295, 1296, 1297, 1298, 1302, 1303, 1304, 1307, 1309, 1310, 1311, 1312, 1314, 1315, 1316, 1317, 1318, 1319, 1320, 1321, 1322, 1323, 1324, 1325, 1326, 1327, 1328, 1329, 1330, 1331, 1332, 1334, 1338, 1339, 1340, 1342, 1343, 1344, 1345, 1349, 1350, 1351, 1353, 1354, 1355, 1356], "excluded_lines": [335, 336, 337, 338, 339], "functions": {"ReachyMiniBackend.__init__": {"executed_lines": [64, 65, 66, 67, 68, 69, 70, 71, 72, 73, 74, 77, 78, 79, 80, 82, 85, 86, 87, 91, 108, 129], "summary": {"covered_lines": 22, "num_statements": 22, "percent_covered": 100.0, "percent_covered_display": "100.00", "missing_lines": 0, "excluded_lines": 0}, "missing_lines": [], "excluded_lines": []}, "ReachyMiniBackend.connect": {"executed_lines": [136, 137, 138, 139, 140, 141, 142, 143, 146, 147, 148, 149, 150, 151, 152, 153, 155, 158, 176, 178, 182, 183, 184, 185, 186, 187], "summary": {"covered_lines": 26, "num_statements": 49, "percent_covered": 53.06122448979592, "percent_covered_display": "53.06", "missing_lines": 23, "excluded_lines": 0}, "missing_lines": [169, 170, 171, 173, 174, 175, 188, 190, 191, 192, 196, 197, 198, 199, 200, 201, 203, 207, 208, 209, 210, 212, 213], "excluded_lines": []}, "ReachyMiniBackend.disconnect": {"executed_lines": [218, 219, 222, 223, 227, 228, 229], "summary": {"covered_lines": 7, "num_statements": 12, "percent_covered": 58.333333333333336, "percent_covered_display": "58.33", "missing_lines": 5, "excluded_lines": 0}, "missing_lines": [220, 221, 224, 225, 226], "excluded_lines": []}, "ReachyMiniBackend._start_watchdog": {"executed_lines": [233, 235, 236, 237, 244, 246, 248, 253, 254], "summary": {"covered_lines": 9, "num_statements": 9, "percent_covered": 100.0, "percent_covered_display": "100.00", "missing_lines": 0, "excluded_lines": 0}, "missing_lines": [], "excluded_lines": []}, "ReachyMiniBackend._stop_watchdog": {"executed_lines": [258, 259, 261, 263, 264, 265, 266, 267, 268, 269, 271, 272], "summary": {"covered_lines": 12, "num_statements": 12, "percent_covered": 100.0, "percent_covered_display": "100.00", "missing_lines": 0, "excluded_lines": 0}, "missing_lines": [], "excluded_lines": []}, "ReachyMiniBackend._watchdog_monitor": {"executed_lines": [280, 281, 283, 284, 285, 288, 289, 291, 295, 297, 298, 303, 304, 305, 308, 314, 329, 331, 333], "summary": {"covered_lines": 19, "num_statements": 28, "percent_covered": 67.85714285714286, "percent_covered_display": "67.86", "missing_lines": 9, "excluded_lines": 0}, "missing_lines": [296, 311, 315, 319, 320, 321, 323, 324, 326], "excluded_lines": []}, "ReachyMiniBackend.__del__": {"executed_lines": [336, 337], "summary": {"covered_lines": 0, "num_statements": 0, "percent_covered": 100.0, "percent_covered_display": "100.00", "missing_lines": 0, "excluded_lines": 4}, "missing_lines": [], "excluded_lines": [336, 337, 338, 339]}, "ReachyMiniBackend.get_available_joints": {"executed_lines": [343], "summary": {"covered_lines": 1, "num_statements": 1, "percent_covered": 100.0, "percent_covered_display": "100.00", "missing_lines": 0, "excluded_lines": 0}, "missing_lines": [], "excluded_lines": []}, "ReachyMiniBackend.get_joint_pos": {"executed_lines": [347, 348], "summary": {"covered_lines": 2, "num_statements": 50, "percent_covered": 4.0, "percent_covered_display": "4.00", "missing_lines": 48, "excluded_lines": 0}, "missing_lines": [350, 352, 355, 360, 363, 364, 365, 366, 367, 368, 372, 373, 376, 377, 378, 382, 386, 387, 389, 390, 395, 399, 404, 405, 408, 410, 412, 414, 415, 418, 419, 420, 423, 424, 425, 427, 428, 432, 433, 435, 439, 442, 448, 450, 451, 453, 454, 455], "excluded_lines": []}, "ReachyMiniBackend.set_joint_pos": {"executed_lines": [460, 461, 462, 469, 470, 479, 481, 482, 483], "summary": {"covered_lines": 9, "num_statements": 42, "percent_covered": 21.428571428571427, "percent_covered_display": "21.43", "missing_lines": 33, "excluded_lines": 0}, "missing_lines": [487, 488, 490, 491, 497, 502, 503, 506, 507, 508, 509, 510, 517, 521, 522, 524, 525, 527, 528, 529, 530, 531, 532, 535, 542, 543, 550, 570, 575, 577, 578, 579, 580], "excluded_lines": []}, "ReachyMiniBackend.set_emotion": {"executed_lines": [585, 588, 589, 590, 593, 594, 597, 600, 602, 603, 604, 607, 610, 619, 621, 622, 623, 624], "summary": {"covered_lines": 18, "num_statements": 28, "percent_covered": 64.28571428571429, "percent_covered_display": "64.29", "missing_lines": 10, "excluded_lines": 0}, "missing_lines": [626, 628, 629, 634, 635, 636, 637, 639, 640, 641], "excluded_lines": []}, "ReachyMiniBackend.look_at": {"executed_lines": [652, 654, 658], "summary": {"covered_lines": 3, "num_statements": 9, "percent_covered": 33.333333333333336, "percent_covered_display": "33.33", "missing_lines": 6, "excluded_lines": 0}, "missing_lines": [660, 663, 666, 667, 668, 669], "excluded_lines": []}, "ReachyMiniBackend.run_behavior": {"executed_lines": [679, 680, 681, 682, 684, 686, 687], "summary": {"covered_lines": 7, "num_statements": 28, "percent_covered": 25.0, "percent_covered_display": "25.00", "missing_lines": 21, "excluded_lines": 0}, "missing_lines": [689, 691, 692, 693, 694, 695, 700, 701, 704, 706, 707, 708, 715, 716, 717, 718, 719, 721, 722, 723, 724], "excluded_lines": []}, "ReachyMiniBackend.step": {"executed_lines": [728, 729], "summary": {"covered_lines": 2, "num_statements": 2, "percent_covered": 100.0, "percent_covered_display": "100.00", "missing_lines": 0, "excluded_lines": 0}, "missing_lines": [], "excluded_lines": []}, "ReachyMiniBackend.get_telemetry": {"executed_lines": [733, 734, 735, 739, 740, 751], "summary": {"covered_lines": 6, "num_statements": 12, "percent_covered": 50.0, "percent_covered_display": "50.00", "missing_lines": 6, "excluded_lines": 0}, "missing_lines": [741, 743, 746, 762, 763, 764], "excluded_lines": []}, "ReachyMiniBackend.get_current_head_pose": {"executed_lines": [], "summary": {"covered_lines": 0, "num_statements": 8, "percent_covered": 0.0, "percent_covered_display": "0.00", "missing_lines": 8, "excluded_lines": 0}, "missing_lines": [770, 771, 773, 774, 775, 780, 781, 782], "excluded_lines": []}, "ReachyMiniBackend.get_current_body_yaw": {"executed_lines": [790, 791], "summary": {"covered_lines": 2, "num_statements": 10, "percent_covered": 20.0, "percent_covered_display": "20.00", "missing_lines": 8, "excluded_lines": 0}, "missing_lines": [793, 795, 796, 800, 804, 805, 806, 807], "excluded_lines": []}, "ReachyMiniBackend.get_present_antenna_joint_positions": {"executed_lines": [], "summary": {"covered_lines": 0, "num_statements": 8, "percent_covered": 0.0, "percent_covered_display": "0.00", "missing_lines": 8, "excluded_lines": 0}, "missing_lines": [811, 812, 814, 815, 816, 817, 818, 819], "excluded_lines": []}, "ReachyMiniBackend.set_target_body_yaw": {"executed_lines": [823, 824, 825], "summary": {"covered_lines": 3, "num_statements": 7, "percent_covered": 42.857142857142854, "percent_covered_display": "42.86", "missing_lines": 4, "excluded_lines": 0}, "missing_lines": [827, 828, 829, 830], "excluded_lines": []}, "ReachyMiniBackend.set_target_antenna_joint_positions": {"executed_lines": [834, 835, 836], "summary": {"covered_lines": 3, "num_statements": 7, "percent_covered": 42.857142857142854, "percent_covered_display": "42.86", "missing_lines": 4, "excluded_lines": 0}, "missing_lines": [838, 839, 840, 841], "excluded_lines": []}, "ReachyMiniBackend.look_at_image": {"executed_lines": [847, 848, 849], "summary": {"covered_lines": 3, "num_statements": 18, "percent_covered": 16.666666666666668, "percent_covered_display": "16.67", "missing_lines": 15, "excluded_lines": 0}, "missing_lines": [851, 852, 854, 855, 857, 858, 860, 861, 862, 863, 864, 866, 867, 868, 869], "excluded_lines": []}, "ReachyMiniBackend.goto_target": {"executed_lines": [881, 882, 883, 885, 886, 887], "summary": {"covered_lines": 6, "num_statements": 29, "percent_covered": 20.689655172413794, "percent_covered_display": "20.69", "missing_lines": 23, "excluded_lines": 0}, "missing_lines": [889, 900, 901, 902, 907, 910, 921, 922, 923, 924, 927, 928, 929, 934, 938, 940, 944, 945, 948, 955, 957, 958, 959], "excluded_lines": []}, "ReachyMiniBackend.enable_motors": {"executed_lines": [963, 964, 965], "summary": {"covered_lines": 3, "num_statements": 7, "percent_covered": 42.857142857142854, "percent_covered_display": "42.86", "missing_lines": 4, "excluded_lines": 0}, "missing_lines": [967, 968, 969, 970], "excluded_lines": []}, "ReachyMiniBackend.disable_motors": {"executed_lines": [974, 975, 976], "summary": {"covered_lines": 3, "num_statements": 7, "percent_covered": 42.857142857142854, "percent_covered_display": "42.86", "missing_lines": 4, "excluded_lines": 0}, "missing_lines": [978, 979, 980, 981], "excluded_lines": []}, "ReachyMiniBackend.emergency_stop": {"executed_lines": [989, 993, 995, 998, 999, 1000, 1001, 1004, 1008, 1009, 1011, 1012], "summary": {"covered_lines": 12, "num_statements": 17, "percent_covered": 70.58823529411765, "percent_covered_display": "70.59", "missing_lines": 5, "excluded_lines": 0}, "missing_lines": [990, 991, 1005, 1006, 1007], "excluded_lines": []}, "ReachyMiniBackend.enable_gravity_compensation": {"executed_lines": [1016, 1017, 1018], "summary": {"covered_lines": 3, "num_statements": 7, "percent_covered": 42.857142857142854, "percent_covered_display": "42.86", "missing_lines": 4, "excluded_lines": 0}, "missing_lines": [1020, 1021, 1022, 1023], "excluded_lines": []}, "ReachyMiniBackend.disable_gravity_compensation": {"executed_lines": [1027, 1028, 1029], "summary": {"covered_lines": 3, "num_statements": 7, "percent_covered": 42.857142857142854, "percent_covered_display": "42.86", "missing_lines": 4, "excluded_lines": 0}, "missing_lines": [1031, 1032, 1033, 1034], "excluded_lines": []}, "ReachyMiniBackend.set_automatic_body_yaw": {"executed_lines": [], "summary": {"covered_lines": 0, "num_statements": 7, "percent_covered": 0.0, "percent_covered_display": "0.00", "missing_lines": 7, "excluded_lines": 0}, "missing_lines": [1040, 1041, 1042, 1044, 1045, 1046, 1047], "excluded_lines": []}, "ReachyMiniBackend.set_target": {"executed_lines": [1056, 1057, 1058], "summary": {"covered_lines": 3, "num_statements": 7, "percent_covered": 42.857142857142854, "percent_covered_display": "42.86", "missing_lines": 4, "excluded_lines": 0}, "missing_lines": [1060, 1061, 1062, 1063], "excluded_lines": []}, "ReachyMiniBackend.start_recording": {"executed_lines": [1067, 1068, 1069], "summary": {"covered_lines": 3, "num_statements": 7, "percent_covered": 42.857142857142854, "percent_covered_display": "42.86", "missing_lines": 4, "excluded_lines": 0}, "missing_lines": [1071, 1072, 1073, 1074], "excluded_lines": []}, "ReachyMiniBackend.stop_recording": {"executed_lines": [1078, 1079, 1080], "summary": {"covered_lines": 3, "num_statements": 9, "percent_covered": 33.333333333333336, "percent_covered_display": "33.33", "missing_lines": 6, "excluded_lines": 0}, "missing_lines": [1082, 1083, 1084, 1085, 1086, 1087], "excluded_lines": []}, "ReachyMiniBackend.play_move": {"executed_lines": [], "summary": {"covered_lines": 0, "num_statements": 7, "percent_covered": 0.0, "percent_covered_display": "0.00", "missing_lines": 7, "excluded_lines": 0}, "missing_lines": [1096, 1097, 1098, 1100, 1101, 1102, 1103], "excluded_lines": []}, "ReachyMiniBackend.async_play_move": {"executed_lines": [1112, 1113, 1114], "summary": {"covered_lines": 3, "num_statements": 7, "percent_covered": 42.857142857142854, "percent_covered_display": "42.86", "missing_lines": 4, "excluded_lines": 0}, "missing_lines": [1116, 1117, 1118, 1119], "excluded_lines": []}, "ReachyMiniBackend.io": {"executed_lines": [1126, 1127, 1128], "summary": {"covered_lines": 3, "num_statements": 4, "percent_covered": 75.0, "percent_covered_display": "75.00", "missing_lines": 1, "excluded_lines": 0}, "missing_lines": [1129], "excluded_lines": []}, "ReachyMiniBackend.media": {"executed_lines": [1134, 1135, 1136], "summary": {"covered_lines": 3, "num_statements": 4, "percent_covered": 75.0, "percent_covered_display": "75.00", "missing_lines": 1, "excluded_lines": 0}, "missing_lines": [1137], "excluded_lines": []}, "ReachyMiniBackend.create_move_from_positions": {"executed_lines": [], "summary": {"covered_lines": 0, "num_statements": 10, "percent_covered": 0.0, "percent_covered_display": "0.00", "missing_lines": 10, "excluded_lines": 0}, "missing_lines": [1145, 1146, 1149, 1150, 1156, 1159, 1185, 1187, 1188, 1189], "excluded_lines": []}, "ReachyMiniBackend.create_move_from_positions.SimpleMove.__init__": {"executed_lines": [], "summary": {"covered_lines": 0, "num_statements": 2, "percent_covered": 0.0, "percent_covered_display": "0.00", "missing_lines": 2, "excluded_lines": 0}, "missing_lines": [1153, 1154], "excluded_lines": []}, "ReachyMiniBackend.create_move_from_positions.SimpleMove.duration": {"executed_lines": [], "summary": {"covered_lines": 0, "num_statements": 1, "percent_covered": 0.0, "percent_covered_display": "0.00", "missing_lines": 1, "excluded_lines": 0}, "missing_lines": [1157], "excluded_lines": []}, "ReachyMiniBackend.create_move_from_positions.SimpleMove.evaluate": {"executed_lines": [], "summary": {"covered_lines": 0, "num_statements": 15, "percent_covered": 0.0, "percent_covered_display": "0.00", "missing_lines": 15, "excluded_lines": 0}, "missing_lines": [1161, 1162, 1163, 1164, 1167, 1168, 1169, 1171, 1172, 1175, 1176, 1177, 1178, 1182, 1183], "excluded_lines": []}, "ReachyMiniBackend.record_movement": {"executed_lines": [], "summary": {"covered_lines": 0, "num_statements": 5, "percent_covered": 0.0, "percent_covered_display": "0.00", "missing_lines": 5, "excluded_lines": 0}, "missing_lines": [1195, 1197, 1200, 1201, 1203], "excluded_lines": []}, "ReachyMiniBackend.get_current_joint_positions": {"executed_lines": [1209, 1210], "summary": {"covered_lines": 2, "num_statements": 10, "percent_covered": 20.0, "percent_covered_display": "20.00", "missing_lines": 8, "excluded_lines": 0}, "missing_lines": [1215, 1216, 1217, 1218, 1220, 1221, 1222, 1223], "excluded_lines": []}, "ReachyMiniBackend.set_target_head_pose": {"executed_lines": [], "summary": {"covered_lines": 0, "num_statements": 7, "percent_covered": 0.0, "percent_covered_display": "0.00", "missing_lines": 7, "excluded_lines": 0}, "missing_lines": [1227, 1228, 1229, 1231, 1232, 1233, 1234], "excluded_lines": []}, "ReachyMiniBackend.look_at_world": {"executed_lines": [1249, 1250, 1252, 1255, 1256, 1257, 1258, 1260, 1261, 1264, 1266, 1267, 1268, 1269, 1272, 1273, 1274, 1275, 1276, 1277, 1278, 1279, 1282, 1283, 1284, 1285, 1287], "summary": {"covered_lines": 27, "num_statements": 63, "percent_covered": 42.857142857142854, "percent_covered_display": "42.86", "missing_lines": 36, "excluded_lines": 0}, "missing_lines": [1289, 1290, 1293, 1294, 1295, 1296, 1297, 1298, 1302, 1303, 1304, 1307, 1309, 1310, 1311, 1312, 1314, 1315, 1316, 1317, 1318, 1319, 1320, 1321, 1322, 1323, 1324, 1325, 1326, 1327, 1328, 1329, 1330, 1331, 1332, 1334], "excluded_lines": []}, "ReachyMiniBackend.wake_up": {"executed_lines": [], "summary": {"covered_lines": 0, "num_statements": 7, "percent_covered": 0.0, "percent_covered_display": "0.00", "missing_lines": 7, "excluded_lines": 0}, "missing_lines": [1338, 1339, 1340, 1342, 1343, 1344, 1345], "excluded_lines": []}, "ReachyMiniBackend.goto_sleep": {"executed_lines": [], "summary": {"covered_lines": 0, "num_statements": 7, "percent_covered": 0.0, "percent_covered_display": "0.00", "missing_lines": 7, "excluded_lines": 0}, "missing_lines": [1349, 1350, 1351, 1353, 1354, 1355, 1356], "excluded_lines": []}, "": {"executed_lines": [2, 7, 8, 9, 10, 12, 13, 15, 16, 17, 19, 25, 28, 31, 32, 33, 34, 36, 39, 40, 42, 134, 215, 231, 256, 274, 335, 341, 345, 457, 582, 643, 671, 726, 731, 768, 784, 809, 821, 832, 843, 871, 961, 972, 983, 1014, 1025, 1038, 1049, 1065, 1076, 1089, 1105, 1123, 1124, 1131, 1132, 1141, 1191, 1207, 1225, 1236, 1336, 1347], "summary": {"covered_lines": 61, "num_statements": 66, "percent_covered": 92.42424242424242, "percent_covered_display": "92.42", "missing_lines": 5, "excluded_lines": 1}, "missing_lines": [20, 21, 22, 23, 26], "excluded_lines": [335]}}, "classes": {"ReachyMiniBackend": {"executed_lines": [64, 65, 66, 67, 68, 69, 70, 71, 72, 73, 74, 77, 78, 79, 80, 82, 85, 86, 87, 91, 108, 129, 136, 137, 138, 139, 140, 141, 142, 143, 146, 147, 148, 149, 150, 151, 152, 153, 155, 158, 176, 178, 182, 183, 184, 185, 186, 187, 218, 219, 222, 223, 227, 228, 229, 233, 235, 236, 237, 244, 246, 248, 253, 254, 258, 259, 261, 263, 264, 265, 266, 267, 268, 269, 271, 272, 280, 281, 283, 284, 285, 288, 289, 291, 295, 297, 298, 303, 304, 305, 308, 314, 329, 331, 333, 336, 337, 343, 347, 348, 460, 461, 462, 469, 470, 479, 481, 482, 483, 585, 588, 589, 590, 593, 594, 597, 600, 602, 603, 604, 607, 610, 619, 621, 622, 623, 624, 652, 654, 658, 679, 680, 681, 682, 684, 686, 687, 728, 729, 733, 734, 735, 739, 740, 751, 790, 791, 823, 824, 825, 834, 835, 836, 847, 848, 849, 881, 882, 883, 885, 886, 887, 963, 964, 965, 974, 975, 976, 989, 993, 995, 998, 999, 1000, 1001, 1004, 1008, 1009, 1011, 1012, 1016, 1017, 1018, 1027, 1028, 1029, 1056, 1057, 1058, 1067, 1068, 1069, 1078, 1079, 1080, 1112, 1113, 1114, 1126, 1127, 1128, 1134, 1135, 1136, 1209, 1210, 1249, 1250, 1252, 1255, 1256, 1257, 1258, 1260, 1261, 1264, 1266, 1267, 1268, 1269, 1272, 1273, 1274, 1275, 1276, 1277, 1278, 1279, 1282, 1283, 1284, 1285, 1287], "summary": {"covered_lines": 231, "num_statements": 597, "percent_covered": 38.69346733668342, "percent_covered_display": "38.69", "missing_lines": 366, "excluded_lines": 4}, "missing_lines": [169, 170, 171, 173, 174, 175, 188, 190, 191, 192, 196, 197, 198, 199, 200, 201, 203, 207, 208, 209, 210, 212, 213, 220, 221, 224, 225, 226, 296, 311, 315, 319, 320, 321, 323, 324, 326, 350, 352, 355, 360, 363, 364, 365, 366, 367, 368, 372, 373, 376, 377, 378, 382, 386, 387, 389, 390, 395, 399, 404, 405, 408, 410, 412, 414, 415, 418, 419, 420, 423, 424, 425, 427, 428, 432, 433, 435, 439, 442, 448, 450, 451, 453, 454, 455, 487, 488, 490, 491, 497, 502, 503, 506, 507, 508, 509, 510, 517, 521, 522, 524, 525, 527, 528, 529, 530, 531, 532, 535, 542, 543, 550, 570, 575, 577, 578, 579, 580, 626, 628, 629, 634, 635, 636, 637, 639, 640, 641, 660, 663, 666, 667, 668, 669, 689, 691, 692, 693, 694, 695, 700, 701, 704, 706, 707, 708, 715, 716, 717, 718, 719, 721, 722, 723, 724, 741, 743, 746, 762, 763, 764, 770, 771, 773, 774, 775, 780, 781, 782, 793, 795, 796, 800, 804, 805, 806, 807, 811, 812, 814, 815, 816, 817, 818, 819, 827, 828, 829, 830, 838, 839, 840, 841, 851, 852, 854, 855, 857, 858, 860, 861, 862, 863, 864, 866, 867, 868, 869, 889, 900, 901, 902, 907, 910, 921, 922, 923, 924, 927, 928, 929, 934, 938, 940, 944, 945, 948, 955, 957, 958, 959, 967, 968, 969, 970, 978, 979, 980, 981, 990, 991, 1005, 1006, 1007, 1020, 1021, 1022, 1023, 1031, 1032, 1033, 1034, 1040, 1041, 1042, 1044, 1045, 1046, 1047, 1060, 1061, 1062, 1063, 1071, 1072, 1073, 1074, 1082, 1083, 1084, 1085, 1086, 1087, 1096, 1097, 1098, 1100, 1101, 1102, 1103, 1116, 1117, 1118, 1119, 1129, 1137, 1145, 1146, 1149, 1150, 1156, 1159, 1185, 1187, 1188, 1189, 1195, 1197, 1200, 1201, 1203, 1215, 1216, 1217, 1218, 1220, 1221, 1222, 1223, 1227, 1228, 1229, 1231, 1232, 1233, 1234, 1289, 1290, 1293, 1294, 1295, 1296, 1297, 1298, 1302, 1303, 1304, 1307, 1309, 1310, 1311, 1312, 1314, 1315, 1316, 1317, 1318, 1319, 1320, 1321, 1322, 1323, 1324, 1325, 1326, 1327, 1328, 1329, 1330, 1331, 1332, 1334, 1338, 1339, 1340, 1342, 1343, 1344, 1345, 1349, 1350, 1351, 1353, 1354, 1355, 1356], "excluded_lines": [336, 337, 338, 339]}, "ReachyMiniBackend.create_move_from_positions.SimpleMove": {"executed_lines": [], "summary": {"covered_lines": 0, "num_statements": 18, "percent_covered": 0.0, "percent_covered_display": "0.00", "missing_lines": 18, "excluded_lines": 0}, "missing_lines": [1153, 1154, 1157, 1161, 1162, 1163, 1164, 1167, 1168, 1169, 1171, 1172, 1175, 1176, 1177, 1178, 1182, 1183], "excluded_lines": []}, "": {"executed_lines": [2, 7, 8, 9, 10, 12, 13, 15, 16, 17, 19, 25, 28, 31, 32, 33, 34, 36, 39, 40, 42, 134, 215, 231, 256, 274, 335, 341, 345, 457, 582, 643, 671, 726, 731, 768, 784, 809, 821, 832, 843, 871, 961, 972, 983, 1014, 1025, 1038, 1049, 1065, 1076, 1089, 1105, 1123, 1124, 1131, 1132, 1141, 1191, 1207, 1225, 1236, 1336, 1347], "summary": {"covered_lines": 61, "num_statements": 66, "percent_covered": 92.42424242424242, "percent_covered_display": "92.42", "missing_lines": 5, "excluded_lines": 1}, "missing_lines": [20, 21, 22, 23, 26], "excluded_lines": [335]}}}, "src/bbia_sim/bbia_adaptive_behavior.py": {"executed_lines": [2, 7, 8, 9, 10, 12, 14, 17, 20, 21, 35, 41, 42, 43, 44, 49, 91, 173, 181, 182, 183, 184, 186, 188, 198, 199, 200, 202, 203, 204, 206, 216, 217, 218, 219, 221, 230, 232, 234, 240, 241, 244, 247, 260, 263, 265, 268, 270, 271, 273, 291, 293, 295, 297, 298, 302, 304, 309, 314, 320, 322, 324, 326, 328, 331, 332, 337, 338, 339, 340, 344, 347, 348, 351, 352, 354, 356, 360, 369, 372, 377, 378, 381, 382, 383, 386, 387, 393, 395, 397, 399, 402, 403, 406, 408, 409, 412, 413, 416, 419, 420, 422, 425, 428, 437, 462, 470, 472, 473, 478, 479, 482, 510, 512, 516, 517, 518, 520, 521, 522, 523, 525, 526, 527, 529, 543, 545, 551, 552, 554, 732, 765], "summary": {"covered_lines": 129, "num_statements": 266, "percent_covered": 48.49624060150376, "percent_covered_display": "48.50", "missing_lines": 137, "excluded_lines": 2}, "missing_lines": [15, 236, 237, 308, 313, 318, 341, 342, 349, 404, 426, 430, 431, 432, 433, 434, 435, 439, 440, 441, 444, 445, 446, 447, 448, 451, 452, 453, 454, 456, 458, 459, 460, 474, 475, 476, 484, 487, 488, 489, 490, 492, 495, 496, 499, 503, 507, 508, 513, 569, 570, 571, 572, 574, 575, 576, 577, 578, 579, 581, 588, 589, 591, 592, 593, 594, 597, 599, 605, 608, 611, 612, 613, 616, 617, 619, 621, 627, 628, 631, 634, 635, 638, 641, 642, 643, 646, 647, 649, 651, 653, 660, 661, 668, 671, 673, 675, 680, 683, 686, 687, 689, 691, 697, 698, 699, 701, 704, 710, 713, 716, 717, 718, 719, 720, 722, 725, 727, 728, 729, 735, 738, 739, 740, 743, 744, 745, 746, 747, 750, 751, 752, 753, 755, 758, 759, 762], "excluded_lines": [765, 766], "functions": {"BBIAAdaptiveBehavior.__init__": {"executed_lines": [41, 42, 43, 44, 49, 91, 173, 181, 182, 183, 184, 186], "summary": {"covered_lines": 12, "num_statements": 12, "percent_covered": 100.0, "percent_covered_display": "100.00", "missing_lines": 0, "excluded_lines": 0}, "missing_lines": [], "excluded_lines": []}, "BBIAAdaptiveBehavior.set_context": {"executed_lines": [198, 199, 200, 202, 203, 204], "summary": {"covered_lines": 6, "num_statements": 6, "percent_covered": 100.0, "percent_covered_display": "100.00", "missing_lines": 0, "excluded_lines": 0}, "missing_lines": [], "excluded_lines": []}, "BBIAAdaptiveBehavior.set_emotion_state": {"executed_lines": [216, 217, 218, 219], "summary": {"covered_lines": 4, "num_statements": 4, "percent_covered": 100.0, "percent_covered_display": "100.00", "missing_lines": 0, "excluded_lines": 0}, "missing_lines": [], "excluded_lines": []}, "BBIAAdaptiveBehavior.generate_behavior": {"executed_lines": [230, 232, 234, 240, 241, 244, 247, 260, 263, 265, 268, 270, 271, 273], "summary": {"covered_lines": 14, "num_statements": 16, "percent_covered": 87.5, "percent_covered_display": "87.50", "missing_lines": 2, "excluded_lines": 0}, "missing_lines": [236, 237], "excluded_lines": []}, "BBIAAdaptiveBehavior._get_suitable_behaviors": {"executed_lines": [293, 295, 297, 298, 302, 304, 309, 314, 320], "summary": {"covered_lines": 9, "num_statements": 12, "percent_covered": 75.0, "percent_covered_display": "75.00", "missing_lines": 3, "excluded_lines": 0}, "missing_lines": [308, 313, 318], "excluded_lines": []}, "BBIAAdaptiveBehavior._select_weighted_behavior": {"executed_lines": [324, 326, 328, 331, 332, 337, 338, 339, 340, 344, 347, 348, 351, 352, 354], "summary": {"covered_lines": 15, "num_statements": 18, "percent_covered": 83.33333333333333, "percent_covered_display": "83.33", "missing_lines": 3, "excluded_lines": 0}, "missing_lines": [341, 342, 349], "excluded_lines": []}, "BBIAAdaptiveBehavior._generate_behavior_parameters": {"executed_lines": [360, 369, 372, 377, 378, 381, 382, 383, 386, 387, 393, 395], "summary": {"covered_lines": 12, "num_statements": 12, "percent_covered": 100.0, "percent_covered_display": "100.00", "missing_lines": 0, "excluded_lines": 0}, "missing_lines": [], "excluded_lines": []}, "BBIAAdaptiveBehavior._add_to_history": {"executed_lines": [399, 402, 403], "summary": {"covered_lines": 3, "num_statements": 4, "percent_covered": 75.0, "percent_covered_display": "75.00", "missing_lines": 1, "excluded_lines": 0}, "missing_lines": [404], "excluded_lines": []}, "BBIAAdaptiveBehavior._update_preferences": {"executed_lines": [408, 409, 412, 413, 416, 419, 420, 422, 425], "summary": {"covered_lines": 9, "num_statements": 10, "percent_covered": 90.0, "percent_covered_display": "90.00", "missing_lines": 1, "excluded_lines": 0}, "missing_lines": [426], "excluded_lines": []}, "BBIAAdaptiveBehavior._normalize_preferences": {"executed_lines": [], "summary": {"covered_lines": 0, "num_statements": 6, "percent_covered": 0.0, "percent_covered_display": "0.00", "missing_lines": 6, "excluded_lines": 0}, "missing_lines": [430, 431, 432, 433, 434, 435], "excluded_lines": []}, "BBIAAdaptiveBehavior.get_proactive_behavior": {"executed_lines": [], "summary": {"covered_lines": 0, "num_statements": 16, "percent_covered": 0.0, "percent_covered_display": "0.00", "missing_lines": 16, "excluded_lines": 0}, "missing_lines": [439, 440, 441, 444, 445, 446, 447, 448, 451, 452, 453, 454, 456, 458, 459, 460], "excluded_lines": []}, "BBIAAdaptiveBehavior.adapt_to_feedback": {"executed_lines": [470, 472, 473, 478, 479, 482], "summary": {"covered_lines": 6, "num_statements": 21, "percent_covered": 28.571428571428573, "percent_covered_display": "28.57", "missing_lines": 15, "excluded_lines": 0}, "missing_lines": [474, 475, 476, 484, 487, 488, 489, 490, 492, 495, 496, 499, 503, 507, 508], "excluded_lines": []}, "BBIAAdaptiveBehavior.get_behavior_statistics": {"executed_lines": [512, 516, 517, 518, 520, 521, 522, 523, 525, 526, 527, 529], "summary": {"covered_lines": 12, "num_statements": 13, "percent_covered": 92.3076923076923, "percent_covered_display": "92.31", "missing_lines": 1, "excluded_lines": 0}, "missing_lines": [513], "excluded_lines": []}, "BBIAAdaptiveBehavior.reset_learning": {"executed_lines": [545, 551, 552], "summary": {"covered_lines": 3, "num_statements": 3, "percent_covered": 100.0, "percent_covered_display": "100.00", "missing_lines": 0, "excluded_lines": 0}, "missing_lines": [], "excluded_lines": []}, "BBIAAdaptiveBehavior.execute_behavior": {"executed_lines": [], "summary": {"covered_lines": 0, "num_statements": 71, "percent_covered": 0.0, "percent_covered_display": "0.00", "missing_lines": 71, "excluded_lines": 0}, "missing_lines": [569, 570, 571, 572, 574, 575, 576, 577, 578, 579, 581, 588, 589, 591, 592, 593, 594, 597, 599, 605, 608, 611, 612, 613, 616, 617, 619, 621, 627, 628, 631, 634, 635, 638, 641, 642, 643, 646, 647, 649, 651, 653, 660, 661, 668, 671, 673, 675, 680, 683, 686, 687, 689, 691, 697, 698, 699, 701, 704, 710, 713, 716, 717, 718, 719, 720, 722, 725, 727, 728, 729], "excluded_lines": []}, "main": {"executed_lines": [], "summary": {"covered_lines": 0, "num_statements": 17, "percent_covered": 0.0, "percent_covered_display": "0.00", "missing_lines": 17, "excluded_lines": 0}, "missing_lines": [735, 738, 739, 740, 743, 744, 745, 746, 747, 750, 751, 752, 753, 755, 758, 759, 762], "excluded_lines": []}, "": {"executed_lines": [2, 7, 8, 9, 10, 12, 14, 17, 20, 21, 35, 188, 206, 221, 291, 322, 356, 397, 406, 428, 437, 462, 510, 543, 554, 732, 765], "summary": {"covered_lines": 24, "num_statements": 25, "percent_covered": 96.0, "percent_covered_display": "96.00", "missing_lines": 1, "excluded_lines": 2}, "missing_lines": [15], "excluded_lines": [765, 766]}}, "classes": {"BBIAAdaptiveBehavior": {"executed_lines": [41, 42, 43, 44, 49, 91, 173, 181, 182, 183, 184, 186, 198, 199, 200, 202, 203, 204, 216, 217, 218, 219, 230, 232, 234, 240, 241, 244, 247, 260, 263, 265, 268, 270, 271, 273, 293, 295, 297, 298, 302, 304, 309, 314, 320, 324, 326, 328, 331, 332, 337, 338, 339, 340, 344, 347, 348, 351, 352, 354, 360, 369, 372, 377, 378, 381, 382, 383, 386, 387, 393, 395, 399, 402, 403, 408, 409, 412, 413, 416, 419, 420, 422, 425, 470, 472, 473, 478, 479, 482, 512, 516, 517, 518, 520, 521, 522, 523, 525, 526, 527, 529, 545, 551, 552], "summary": {"covered_lines": 105, "num_statements": 224, "percent_covered": 46.875, "percent_covered_display": "46.88", "missing_lines": 119, "excluded_lines": 0}, "missing_lines": [236, 237, 308, 313, 318, 341, 342, 349, 404, 426, 430, 431, 432, 433, 434, 435, 439, 440, 441, 444, 445, 446, 447, 448, 451, 452, 453, 454, 456, 458, 459, 460, 474, 475, 476, 484, 487, 488, 489, 490, 492, 495, 496, 499, 503, 507, 508, 513, 569, 570, 571, 572, 574, 575, 576, 577, 578, 579, 581, 588, 589, 591, 592, 593, 594, 597, 599, 605, 608, 611, 612, 613, 616, 617, 619, 621, 627, 628, 631, 634, 635, 638, 641, 642, 643, 646, 647, 649, 651, 653, 660, 661, 668, 671, 673, 675, 680, 683, 686, 687, 689, 691, 697, 698, 699, 701, 704, 710, 713, 716, 717, 718, 719, 720, 722, 725, 727, 728, 729], "excluded_lines": []}, "": {"executed_lines": [2, 7, 8, 9, 10, 12, 14, 17, 20, 21, 35, 188, 206, 221, 291, 322, 356, 397, 406, 428, 437, 462, 510, 543, 554, 732, 765], "summary": {"covered_lines": 24, "num_statements": 42, "percent_covered": 57.142857142857146, "percent_covered_display": "57.14", "missing_lines": 18, "excluded_lines": 2}, "missing_lines": [15, 735, 738, 739, 740, 743, 744, 745, 746, 747, 750, 751, 752, 753, 755, 758, 759, 762], "excluded_lines": [765, 766]}}}, "src/bbia_sim/bbia_audio.py": {"executed_lines": [1, 8, 9, 10, 11, 13, 16, 17, 22, 27, 32, 38, 40, 44, 49, 50, 62, 65, 66, 67, 70, 71, 72, 74, 79, 90, 95, 98, 106, 107, 108, 109, 110, 111, 112, 114, 117, 123, 126, 128, 133, 153, 158, 159, 162, 163, 164, 167, 173, 176, 180, 181, 182, 183, 184, 186, 190, 191, 192, 214, 215, 216, 217, 221, 224, 225, 226, 227, 228, 229, 230, 231, 232, 233, 234, 237, 248, 253, 254, 257, 258, 259, 266, 268, 271, 298, 299, 300, 301, 302, 303, 304, 306, 307, 308, 309, 310, 311, 314, 326, 329, 330, 331, 332, 333, 334, 335, 336, 337, 338, 341], "summary": {"covered_lines": 105, "num_statements": 159, "percent_covered": 66.0377358490566, "percent_covered_display": "66.04", "missing_lines": 54, "excluded_lines": 17}, "missing_lines": [25, 30, 35, 41, 57, 59, 91, 92, 93, 94, 127, 129, 130, 154, 155, 185, 187, 193, 195, 198, 199, 200, 201, 202, 207, 208, 209, 210, 218, 249, 250, 260, 261, 272, 273, 274, 276, 279, 281, 282, 283, 284, 285, 286, 288, 289, 290, 291, 292, 293, 294, 305, 327, 328], "excluded_lines": [51, 52, 55, 56, 71, 72, 74, 75, 76, 341, 342, 343, 344, 345, 346, 347, 348], "functions": {"_SoundDeviceShim.rec": {"executed_lines": [], "summary": {"covered_lines": 0, "num_statements": 1, "percent_covered": 0.0, "percent_covered_display": "0.00", "missing_lines": 1, "excluded_lines": 0}, "missing_lines": [25], "excluded_lines": []}, "_SoundDeviceShim.wait": {"executed_lines": [], "summary": {"covered_lines": 0, "num_statements": 1, "percent_covered": 0.0, "percent_covered_display": "0.00", "missing_lines": 1, "excluded_lines": 0}, "missing_lines": [30], "excluded_lines": []}, "_SoundDeviceShim.play": {"executed_lines": [], "summary": {"covered_lines": 0, "num_statements": 1, "percent_covered": 0.0, "percent_covered_display": "0.00", "missing_lines": 1, "excluded_lines": 0}, "missing_lines": [35], "excluded_lines": []}, "_get_sd": {"executed_lines": [49, 50], "summary": {"covered_lines": 2, "num_statements": 4, "percent_covered": 50.0, "percent_covered_display": "50.00", "missing_lines": 2, "excluded_lines": 4}, "missing_lines": [57, 59], "excluded_lines": [51, 52, 55, 56]}, "_get_robot_media_microphone": {"executed_lines": [90, 95], "summary": {"covered_lines": 2, "num_statements": 6, "percent_covered": 33.333333333333336, "percent_covered_display": "33.33", "missing_lines": 4, "excluded_lines": 0}, "missing_lines": [91, 92, 93, 94], "excluded_lines": []}, "_is_safe_path": {"executed_lines": [106, 107, 108, 109, 110, 111, 112, 114, 117, 123, 126, 128], "summary": {"covered_lines": 12, "num_statements": 15, "percent_covered": 80.0, "percent_covered_display": "80.00", "missing_lines": 3, "excluded_lines": 0}, "missing_lines": [127, 129, 130], "excluded_lines": []}, "enregistrer_audio": {"executed_lines": [153, 158, 159, 162, 163, 164, 167, 173, 176, 180, 181, 182, 183, 184, 186, 190, 191, 192, 214, 215, 216, 217, 221, 224, 225, 226, 227, 228, 229, 230, 231, 232, 233, 234], "summary": {"covered_lines": 34, "num_statements": 50, "percent_covered": 68.0, "percent_covered_display": "68.00", "missing_lines": 16, "excluded_lines": 0}, "missing_lines": [154, 155, 185, 187, 193, 195, 198, 199, 200, 201, 202, 207, 208, 209, 210, 218], "excluded_lines": []}, "lire_audio": {"executed_lines": [248, 253, 254, 257, 258, 259, 266, 268, 271, 298, 299, 300, 301, 302, 303, 304, 306, 307, 308, 309, 310, 311], "summary": {"covered_lines": 22, "num_statements": 45, "percent_covered": 48.888888888888886, "percent_covered_display": "48.89", "missing_lines": 23, "excluded_lines": 0}, "missing_lines": [249, 250, 260, 261, 272, 273, 274, 276, 279, 281, 282, 283, 284, 285, 286, 288, 289, 290, 291, 292, 293, 294, 305], "excluded_lines": []}, "detecter_son": {"executed_lines": [326, 329, 330, 331, 332, 333, 334, 335, 336, 337, 338], "summary": {"covered_lines": 11, "num_statements": 13, "percent_covered": 84.61538461538461, "percent_covered_display": "84.62", "missing_lines": 2, "excluded_lines": 0}, "missing_lines": [327, 328], "excluded_lines": []}, "": {"executed_lines": [1, 8, 9, 10, 11, 13, 16, 17, 22, 27, 32, 38, 40, 44, 62, 65, 66, 67, 70, 71, 72, 74, 79, 98, 133, 237, 314, 341], "summary": {"covered_lines": 22, "num_statements": 23, "percent_covered": 95.65217391304348, "percent_covered_display": "95.65", "missing_lines": 1, "excluded_lines": 13}, "missing_lines": [41], "excluded_lines": [71, 72, 74, 75, 76, 341, 342, 343, 344, 345, 346, 347, 348]}}, "classes": {"_SoundDeviceShim": {"executed_lines": [], "summary": {"covered_lines": 0, "num_statements": 3, "percent_covered": 0.0, "percent_covered_display": "0.00", "missing_lines": 3, "excluded_lines": 0}, "missing_lines": [25, 30, 35], "excluded_lines": []}, "": {"executed_lines": [1, 8, 9, 10, 11, 13, 16, 17, 22, 27, 32, 38, 40, 44, 49, 50, 62, 65, 66, 67, 70, 71, 72, 74, 79, 90, 95, 98, 106, 107, 108, 109, 110, 111, 112, 114, 117, 123, 126, 128, 133, 153, 158, 159, 162, 163, 164, 167, 173, 176, 180, 181, 182, 183, 184, 186, 190, 191, 192, 214, 215, 216, 217, 221, 224, 225, 226, 227, 228, 229, 230, 231, 232, 233, 234, 237, 248, 253, 254, 257, 258, 259, 266, 268, 271, 298, 299, 300, 301, 302, 303, 304, 306, 307, 308, 309, 310, 311, 314, 326, 329, 330, 331, 332, 333, 334, 335, 336, 337, 338, 341], "summary": {"covered_lines": 105, "num_statements": 156, "percent_covered": 67.3076923076923, "percent_covered_display": "67.31", "missing_lines": 51, "excluded_lines": 17}, "missing_lines": [41, 57, 59, 91, 92, 93, 94, 127, 129, 130, 154, 155, 185, 187, 193, 195, 198, 199, 200, 201, 202, 207, 208, 209, 210, 218, 249, 250, 260, 261, 272, 273, 274, 276, 279, 281, 282, 283, 284, 285, 286, 288, 289, 290, 291, 292, 293, 294, 305, 327, 328], "excluded_lines": [51, 52, 55, 56, 71, 72, 74, 75, 76, 341, 342, 343, 344, 345, 346, 347, 348]}}}, "src/bbia_sim/bbia_awake.py": {"executed_lines": [2, 7, 8, 11, 79], "summary": {"covered_lines": 3, "num_statements": 15, "percent_covered": 20.0, "percent_covered_display": "20.00", "missing_lines": 12, "excluded_lines": 2}, "missing_lines": [14, 47, 49, 50, 51, 54, 63, 64, 65, 68, 74, 76], "excluded_lines": [79, 80], "functions": {"start_bbia_sim": {"executed_lines": [], "summary": {"covered_lines": 0, "num_statements": 12, "percent_covered": 0.0, "percent_covered_display": "0.00", "missing_lines": 12, "excluded_lines": 0}, "missing_lines": [14, 47, 49, 50, 51, 54, 63, 64, 65, 68, 74, 76], "excluded_lines": []}, "": {"executed_lines": [2, 7, 8, 11, 79], "summary": {"covered_lines": 3, "num_statements": 3, "percent_covered": 100.0, "percent_covered_display": "100.00", "missing_lines": 0, "excluded_lines": 2}, "missing_lines": [], "excluded_lines": [79, 80]}}, "classes": {"": {"executed_lines": [2, 7, 8, 11, 79], "summary": {"covered_lines": 3, "num_statements": 15, "percent_covered": 20.0, "percent_covered_display": "20.00", "missing_lines": 12, "excluded_lines": 2}, "missing_lines": [14, 47, 49, 50, 51, 54, 63, 64, 65, 68, 74, 76], "excluded_lines": [79, 80]}}}, "src/bbia_sim/bbia_behavior.py": {"executed_lines": [3, 10, 12, 13, 14, 15, 16, 17, 18, 20, 23, 24, 25, 26, 32, 33, 35, 41, 44, 46, 47, 48, 49, 50, 51, 52, 53, 56, 57, 59, 73, 74, 75, 76, 77, 79, 81, 82, 84, 86, 87, 89, 95, 96, 98, 99, 104, 106, 107, 110, 136, 139, 147, 149, 152, 186, 188, 190, 200, 202, 203, 205, 206, 209, 210, 212, 213, 216, 229, 230, 231, 234, 239, 273, 283, 284, 285, 288, 289, 291, 294, 299, 300, 302, 303, 304, 305, 306, 307, 310, 311, 333, 372, 373, 374, 376, 377, 379, 384, 385, 387, 388, 393, 394, 396, 397, 399, 400, 402, 403, 404, 405, 406, 409, 416, 418, 419, 422, 484, 506, 507, 514, 515, 520, 523, 524, 525, 527, 531, 532, 533, 536, 538, 540, 598, 601, 605, 607, 673, 676, 679, 682, 686, 689, 693, 696, 700, 703, 707, 710, 714, 717, 719, 723, 726, 727, 730, 731, 732, 733, 736, 737, 738, 740, 742, 769, 770, 776, 777, 782, 784, 785, 786, 790, 844, 845, 846, 849, 850, 856, 857, 862, 864, 865, 866, 869, 870, 871, 876, 877, 879, 880, 884, 919, 921, 922, 923, 925, 932, 934, 935, 936, 937, 938, 941, 942, 944, 952, 953, 954, 955, 956, 959, 962, 965, 966, 971, 973, 975, 976, 977, 980, 983, 984, 985, 987, 989, 991, 997, 998, 1000, 1001, 1003, 1004, 1008, 1014, 1016, 1018, 1021, 1022, 1023, 1024, 1026, 1028, 1029, 1031, 1032, 1037, 1039, 1040, 1041, 1045, 1050, 1052, 1062, 1064, 1075, 1128, 1172, 1178, 1204], "summary": {"covered_lines": 250, "num_statements": 510, "percent_covered": 49.01960784313726, "percent_covered_display": "49.02", "missing_lines": 260, "excluded_lines": 5}, "missing_lines": [21, 27, 29, 36, 37, 38, 91, 92, 111, 112, 113, 114, 115, 117, 127, 129, 130, 131, 132, 133, 140, 141, 142, 153, 154, 159, 164, 165, 170, 171, 176, 178, 179, 180, 181, 182, 183, 184, 235, 240, 242, 243, 244, 249, 250, 251, 257, 258, 259, 260, 261, 262, 263, 264, 266, 267, 268, 269, 270, 271, 272, 275, 276, 277, 278, 279, 280, 313, 314, 315, 316, 319, 328, 329, 380, 381, 423, 425, 426, 427, 428, 429, 430, 432, 437, 444, 448, 451, 453, 455, 456, 457, 458, 459, 461, 462, 463, 465, 468, 470, 472, 473, 474, 475, 476, 478, 479, 480, 481, 482, 487, 488, 491, 498, 500, 501, 502, 503, 528, 609, 612, 619, 621, 622, 626, 627, 629, 630, 633, 634, 635, 637, 638, 641, 642, 644, 645, 646, 650, 652, 653, 656, 657, 658, 659, 660, 661, 662, 666, 668, 669, 671, 744, 745, 747, 748, 749, 752, 758, 760, 761, 762, 765, 766, 792, 793, 794, 795, 798, 807, 808, 812, 820, 821, 822, 824, 825, 830, 831, 837, 838, 839, 840, 841, 842, 873, 885, 886, 892, 893, 902, 903, 908, 911, 912, 914, 915, 916, 917, 1006, 1019, 1033, 1042, 1043, 1046, 1047, 1048, 1090, 1091, 1094, 1096, 1097, 1100, 1103, 1104, 1107, 1108, 1109, 1111, 1112, 1113, 1114, 1118, 1120, 1121, 1122, 1123, 1126, 1139, 1140, 1141, 1143, 1144, 1145, 1147, 1148, 1151, 1152, 1153, 1157, 1158, 1159, 1160, 1164, 1166, 1167, 1168, 1169, 1170, 1174, 1175, 1181, 1184, 1187, 1190, 1191, 1194, 1195, 1198, 1201], "excluded_lines": [1204, 1205, 1207, 1208, 1209], "functions": {"BBIABehavior.__init__": {"executed_lines": [73, 74, 75, 76, 77], "summary": {"covered_lines": 5, "num_statements": 5, "percent_covered": 100.0, "percent_covered_display": "100.00", "missing_lines": 0, "excluded_lines": 0}, "missing_lines": [], "excluded_lines": []}, "BBIABehavior.can_execute": {"executed_lines": [81, 82], "summary": {"covered_lines": 2, "num_statements": 2, "percent_covered": 100.0, "percent_covered_display": "100.00", "missing_lines": 0, "excluded_lines": 0}, "missing_lines": [], "excluded_lines": []}, "BBIABehavior.execute": {"executed_lines": [86, 87], "summary": {"covered_lines": 2, "num_statements": 2, "percent_covered": 100.0, "percent_covered_display": "100.00", "missing_lines": 0, "excluded_lines": 0}, "missing_lines": [], "excluded_lines": []}, "BBIABehavior.stop": {"executed_lines": [], "summary": {"covered_lines": 0, "num_statements": 2, "percent_covered": 0.0, "percent_covered_display": "0.00", "missing_lines": 2, "excluded_lines": 0}, "missing_lines": [91, 92], "excluded_lines": []}, "WakeUpBehavior.__init__": {"executed_lines": [99, 104], "summary": {"covered_lines": 2, "num_statements": 2, "percent_covered": 100.0, "percent_covered_display": "100.00", "missing_lines": 0, "excluded_lines": 0}, "missing_lines": [], "excluded_lines": []}, "WakeUpBehavior.execute": {"executed_lines": [107, 110, 136, 139, 147, 149, 152, 186, 188, 190, 200, 202, 203, 205, 206], "summary": {"covered_lines": 15, "num_statements": 45, "percent_covered": 33.333333333333336, "percent_covered_display": "33.33", "missing_lines": 30, "excluded_lines": 0}, "missing_lines": [111, 112, 113, 114, 115, 117, 127, 129, 130, 131, 132, 133, 140, 141, 142, 153, 154, 159, 164, 165, 170, 171, 176, 178, 179, 180, 181, 182, 183, 184], "excluded_lines": []}, "GreetingBehavior.__init__": {"executed_lines": [213, 216], "summary": {"covered_lines": 2, "num_statements": 2, "percent_covered": 100.0, "percent_covered_display": "100.00", "missing_lines": 0, "excluded_lines": 0}, "missing_lines": [], "excluded_lines": []}, "GreetingBehavior.execute": {"executed_lines": [230, 231, 234, 239, 273, 283, 284, 285], "summary": {"covered_lines": 8, "num_statements": 37, "percent_covered": 21.62162162162162, "percent_covered_display": "21.62", "missing_lines": 29, "excluded_lines": 0}, "missing_lines": [235, 240, 242, 243, 244, 249, 250, 251, 257, 258, 259, 260, 261, 262, 263, 264, 266, 267, 268, 269, 270, 271, 272, 275, 276, 277, 278, 279, 280], "excluded_lines": []}, "EmotionalResponseBehavior.__init__": {"executed_lines": [294, 299, 300], "summary": {"covered_lines": 3, "num_statements": 3, "percent_covered": 100.0, "percent_covered_display": "100.00", "missing_lines": 0, "excluded_lines": 0}, "missing_lines": [], "excluded_lines": []}, "EmotionalResponseBehavior.execute": {"executed_lines": [303, 304, 305, 306, 307, 310, 311, 333, 372, 373, 374, 376, 377, 379], "summary": {"covered_lines": 14, "num_statements": 23, "percent_covered": 60.869565217391305, "percent_covered_display": "60.87", "missing_lines": 9, "excluded_lines": 0}, "missing_lines": [313, 314, 315, 316, 319, 328, 329, 380, 381], "excluded_lines": []}, "VisionTrackingBehavior.__init__": {"executed_lines": [388, 393, 394], "summary": {"covered_lines": 3, "num_statements": 3, "percent_covered": 100.0, "percent_covered_display": "100.00", "missing_lines": 0, "excluded_lines": 0}, "missing_lines": [], "excluded_lines": []}, "VisionTrackingBehavior.execute": {"executed_lines": [397, 399, 400, 402, 403, 404, 405, 406, 409, 416, 418, 419, 422, 484], "summary": {"covered_lines": 14, "num_statements": 56, "percent_covered": 25.0, "percent_covered_display": "25.00", "missing_lines": 42, "excluded_lines": 0}, "missing_lines": [423, 425, 426, 427, 428, 429, 430, 432, 437, 444, 448, 451, 453, 455, 456, 457, 458, 459, 461, 462, 463, 465, 468, 470, 472, 473, 474, 475, 476, 478, 479, 480, 481, 482, 487, 488, 491, 498, 500, 501, 502, 503], "excluded_lines": []}, "ConversationBehavior.__init__": {"executed_lines": [515, 520, 523, 524, 525, 527, 531, 532, 533, 536], "summary": {"covered_lines": 10, "num_statements": 11, "percent_covered": 90.9090909090909, "percent_covered_display": 
[...]
statements": 6, "percent_covered": 100.0, "percent_covered_display": "100.00", "missing_lines": 0, "excluded_lines": 0}, "missing_lines": [], "excluded_lines": []}, "TelemetryCollector.start_collection": {"executed_lines": [28, 29, 30, 31, 32], "summary": {"covered_lines": 5, "num_statements": 5, "percent_covered": 100.0, "percent_covered_display": "100.00", "missing_lines": 0, "excluded_lines": 0}, "missing_lines": [], "excluded_lines": []}, "TelemetryCollector.record_step": {"executed_lines": [36, 39, 40, 41, 44, 45, 53], "summary": {"covered_lines": 7, "num_statements": 7, "percent_covered": 100.0, "percent_covered_display": "100.00", "missing_lines": 0, "excluded_lines": 0}, "missing_lines": [], "excluded_lines": []}, "TelemetryCollector.stop_collection": {"executed_lines": [57, 58, 61, 62, 63, 66, 67, 68, 69, 70, 71, 73, 85, 88], "summary": {"covered_lines": 14, "num_statements": 14, "percent_covered": 100.0, "percent_covered_display": "100.00", "missing_lines": 0, "excluded_lines": 0}, "missing_lines": [], "excluded_lines": []}, "TelemetryCollector.export_csv": {"executed_lines": [92, 95, 96, 97, 98, 99, 100, 103, 104, 105, 106, 107, 108, 110, 111], "summary": {"covered_lines": 15, "num_statements": 15, "percent_covered": 100.0, "percent_covered_display": "100.00", "missing_lines": 0, "excluded_lines": 0}, "missing_lines": [], "excluded_lines": []}, "TelemetryCollector.get_live_stats": {"executed_lines": [115, 116, 118, 119, 121], "summary": {"covered_lines": 5, "num_statements": 5, "percent_covered": 100.0, "percent_covered_display": "100.00", "missing_lines": 0, "excluded_lines": 0}, "missing_lines": [], "excluded_lines": []}, "": {"executed_lines": [2, 8, 9, 10, 11, 14, 15, 17, 26, 34, 55, 90, 113], "summary": {"covered_lines": 11, "num_statements": 11, "percent_covered": 100.0, "percent_covered_display": "100.00", "missing_lines": 0, "excluded_lines": 0}, "missing_lines": [], "excluded_lines": []}}, "classes": {"TelemetryCollector": {"executed_lines": [18, 19, 21, 22, 23, 24, 28, 29, 30, 31, 32, 36, 39, 40, 41, 44, 45, 53, 57, 58, 61, 62, 63, 66, 67, 68, 69, 70, 71, 73, 85, 88, 92, 95, 96, 97, 98, 99, 100, 103, 104, 105, 106, 107, 108, 110, 111, 115, 116, 118, 119, 121], "summary": {"covered_lines": 52, "num_statements": 52, "percent_covered": 100.0, "percent_covered_display": "100.00", "missing_lines": 0, "excluded_lines": 0}, "missing_lines": [], "excluded_lines": []}, "": {"executed_lines": [2, 8, 9, 10, 11, 14, 15, 17, 26, 34, 55, 90, 113], "summary": {"covered_lines": 11, "num_statements": 11, "percent_covered": 100.0, "percent_covered_display": "100.00", "missing_lines": 0, "excluded_lines": 0}, "missing_lines": [], "excluded_lines": []}}}, "src/bbia_sim/unity_reachy_controller.py": {"executed_lines": [2, 6, 7, 10, 11, 13, 18, 19, 20, 21, 22, 24, 25, 27, 29, 31, 32, 33, 34, 35, 36, 37, 39, 40, 41, 42, 43, 44, 45, 46, 48, 50, 51, 52, 53, 54, 55, 56, 57, 64, 65, 67, 68, 69, 71, 72, 73, 74, 75, 76, 78, 79, 80, 82, 83, 84, 85, 86, 88, 90, 91, 92, 93, 94, 95, 96, 97, 98, 99, 100, 101, 103, 105, 106, 107, 108, 109, 110, 111, 112, 113, 114, 119, 120, 121, 122, 123, 124, 131, 132, 133, 134, 137, 138, 139, 142, 143, 144, 145, 147, 148, 149, 150, 151, 152, 153, 155, 158, 159, 175, 178, 198], "summary": {"covered_lines": 109, "num_statements": 135, "percent_covered": 80.74074074074075, "percent_covered_display": "80.74", "missing_lines": 26, "excluded_lines": 2}, "missing_lines": [28, 30, 58, 60, 61, 63, 125, 126, 130, 136, 141, 156, 179, 180, 181, 182, 184, 185, 186, 187, 188, 189, 190, 191, 193, 195], "excluded_lines": [198, 199], "functions": {"UnityReachyMiniController.__init__": {"executed_lines": [18, 19, 20, 21, 22], "summary": {"covered_lines": 5, "num_statements": 5, "percent_covered": 100.0, "percent_covered_display": "100.00", "missing_lines": 0, "excluded_lines": 0}, "missing_lines": [], "excluded_lines": []}, "UnityReachyMiniController._init_communication_files": {"executed_lines": [25, 27, 29, 31, 32, 33, 34, 35, 36, 37], "summary": {"covered_lines": 10, "num_statements": 12, "percent_covered": 83.33333333333333, "percent_covered_display": "83.33", "missing_lines": 2, "excluded_lines": 0}, "missing_lines": [28, 30], "excluded_lines": []}, "UnityReachyMiniController._send_command": {"executed_lines": [40, 41, 42, 43, 44, 45, 46], "summary": {"covered_lines": 7, "num_statements": 7, "percent_covered": 100.0, "percent_covered_display": "100.00", "missing_lines": 0, "excluded_lines": 0}, "missing_lines": [], "excluded_lines": []}, "UnityReachyMiniController._wait_for_response": {"executed_lines": [50, 51, 52, 53, 54, 55, 56, 57, 64, 65], "summary": {"covered_lines": 10, "num_statements": 14, "percent_covered": 71.42857142857143, "percent_covered_display": "71.43", "missing_lines": 4, "excluded_lines": 0}, "missing_lines": [58, 60, 61, 63], "excluded_lines": []}, "UnityReachyMiniController.move_head": {"executed_lines": [68, 69], "summary": {"covered_lines": 2, "num_statements": 2, "percent_covered": 100.0, "percent_covered_display": "100.00", "missing_lines": 0, "excluded_lines": 0}, "missing_lines": [], "excluded_lines": []}, "UnityReachyMiniController.set_emotion": {"executed_lines": [72, 73, 74, 75, 76], "summary": {"covered_lines": 5, "num_statements": 5, "percent_covered": 100.0, "percent_covered_display": "100.00", "missing_lines": 0, "excluded_lines": 0}, "missing_lines": [], "excluded_lines": []}, "UnityReachyMiniController.reset_position": {"executed_lines": [79, 80], "summary": {"covered_lines": 2, "num_statements": 2, "percent_covered": 100.0, "percent_covered_display": "100.00", "missing_lines": 0, "excluded_lines": 0}, "missing_lines": [], "excluded_lines": []}, "UnityReachyMiniController.get_status": {"executed_lines": [83, 84, 85, 86], "summary": {"covered_lines": 4, "num_statements": 4, "percent_covered": 100.0, "percent_covered_display": "100.00", "missing_lines": 0, "excluded_lines": 0}, "missing_lines": [], "excluded_lines": []}, "UnityReachyMiniController.bbia_awake": {"executed_lines": [90, 91, 92, 93, 94, 95, 96, 97, 98, 99, 100, 101], "summary": {"covered_lines": 12, "num_statements": 12, "percent_covered": 100.0, "percent_covered_display": "100.00", "missing_lines": 0, "excluded_lines": 0}, "missing_lines": [], "excluded_lines": []}, "UnityReachyMiniController.interactive_mode": {"executed_lines": [105, 106, 107, 108, 109, 110, 111, 112, 113, 114, 119, 120, 121, 122, 123, 124, 131, 132, 133, 134, 137, 138, 139, 142, 143, 144, 145, 147, 148, 149, 150, 151, 152, 153, 155], "summary": {"covered_lines": 35, "num_statements": 41, "percent_covered": 85.36585365853658, "percent_covered_display": "85.37", "missing_lines": 6, "excluded_lines": 0}, "missing_lines": [125, 126, 130, 136, 141, 156], "excluded_lines": []}, "UnityReachyMiniController._show_help": {"executed_lines": [159, 175], "summary": {"covered_lines": 2, "num_statements": 2, "percent_covered": 100.0, "percent_covered_display": "100.00", "missing_lines": 0, "excluded_lines": 0}, "missing_lines": [], "excluded_lines": []}, "main": {"executed_lines": [], "summary": {"covered_lines": 0, "num_statements": 14, "percent_covered": 0.0, "percent_covered_display": "0.00", "missing_lines": 14, "excluded_lines": 0}, "missing_lines": [179, 180, 181, 182, 184, 185, 186, 187, 188, 189, 190, 191, 193, 195], "excluded_lines": []}, "": {"executed_lines": [2, 6, 7, 10, 11, 13, 24, 39, 48, 67, 71, 78, 82, 88, 103, 158, 178, 198], "summary": {"covered_lines": 15, "num_statements": 15, "percent_covered": 100.0, "percent_covered_display": "100.00", "missing_lines": 0, "excluded_lines": 2}, "missing_lines": [], "excluded_lines": [198, 199]}}, "classes": {"UnityReachyMiniController": {"executed_lines": [18, 19, 20, 21, 22, 25, 27, 29, 31, 32, 33, 34, 35, 36, 37, 40, 41, 42, 43, 44, 45, 46, 50, 51, 52, 53, 54, 55, 56, 57, 64, 65, 68, 69, 72, 73, 74, 75, 76, 79, 80, 83, 84, 85, 86, 90, 91, 92, 93, 94, 95, 96, 97, 98, 99, 100, 101, 105, 106, 107, 108, 109, 110, 111, 112, 113, 114, 119, 120, 121, 122, 123, 124, 131, 132, 133, 134, 137, 138, 139, 142, 143, 144, 145, 147, 148, 149, 150, 151, 152, 153, 155, 159, 175], "summary": {"covered_lines": 94, "num_statements": 106, "percent_covered": 88.67924528301887, "percent_covered_display": "88.68", "missing_lines": 12, "excluded_lines": 0}, "missing_lines": [28, 30, 58, 60, 61, 63, 125, 126, 130, 136, 141, 156], "excluded_lines": []}, "": {"executed_lines": [2, 6, 7, 10, 11, 13, 24, 39, 48, 67, 71, 78, 82, 88, 103, 158, 178, 198], "summary": {"covered_lines": 15, "num_statements": 29, "percent_covered": 51.724137931034484, "percent_covered_display": "51.72", "missing_lines": 14, "excluded_lines": 2}, "missing_lines": [179, 180, 181, 182, 184, 185, 186, 187, 188, 189, 190, 191, 193, 195], "excluded_lines": [198, 199]}}}, "src/bbia_sim/vision_yolo.py": {"executed_lines": [2, 7, 8, 9, 11, 13, 14, 15, 17, 18, 19, 21, 22, 24, 27, 28, 30, 31, 32, 37, 38, 40, 48, 49, 50, 51, 54, 64, 65, 66, 68, 72, 74, 77, 78, 79, 81, 83, 84, 85, 86, 92, 102, 106, 108, 112, 114, 115, 116, 117, 118, 120, 123, 124, 125, 127, 135, 137, 138, 144, 176, 188, 191, 193, 194, 195, 198, 199, 201, 209, 210, 215, 216, 218, 238, 288, 309, 322, 323, 324, 326, 331, 348], "summary": {"covered_lines": 79, "num_statements": 144, "percent_covered": 54.861111111111114, "percent_covered_display": "54.86", "missing_lines": 65, "excluded_lines": 20}, "missing_lines": [33, 34, 75, 88, 89, 90, 103, 104, 109, 110, 140, 141, 142, 156, 157, 160, 164, 165, 168, 174, 189, 212, 220, 221, 222, 224, 225, 227, 228, 229, 233, 235, 236, 248, 249, 251, 253, 256, 258, 259, 260, 262, 264, 265, 266, 267, 268, 271, 273, 279, 281, 282, 284, 285, 286, 298, 299, 302, 306, 338, 339, 341, 342, 343, 344], "excluded_lines": [348, 349, 351, 352, 355, 357, 358, 360, 361, 362, 365, 366, 367, 368, 369, 371, 372, 373, 374, 375], "functions": {"YOLODetector.__init__": {"executed_lines": [48, 49, 50, 51, 54, 64, 65, 66, 68], "summary": {"covered_lines": 9, "num_statements": 9, "percent_covered": 100.0, "percent_covered_display": "100.00", "missing_lines": 0, "excluded_lines": 0}, "missing_lines": [], "excluded_lines": []}, "YOLODetector.load_model": {"executed_lines": [74, 77, 78, 79, 81, 83, 84, 85, 86], "summary": {"covered_lines": 9, "num_statements": 13, "percent_covered": 69.23076923076923, "percent_covered_display": "69.23", "missing_lines": 4, "excluded_lines": 0}, "missing_lines": [75, 88, 89, 90], "excluded_lines": []}, "YOLODetector.detect_objects": {"executed_lines": [102, 106, 108, 112, 114, 115, 116, 117, 118, 120, 123, 124, 125, 127, 135, 137, 138], "summary": {"covered_lines": 17, "num_statements": 24, "percent_covered": 70.83333333333333, "percent_covered_display": "70.83", "missing_lines": 7, "excluded_lines": 0}, "missing_lines": [103, 104, 109, 110, 140, 141, 142], "excluded_lines": []}, "YOLODetector.get_best_detection": {"executed_lines": [], "summary": {"covered_lines": 0, "num_statements": 7, "percent_covered": 0.0, "percent_covered_display": "0.00", "missing_lines": 7, "excluded_lines": 0}, "missing_lines": [156, 157, 160, 164, 165, 168, 174], "excluded_lines": []}, "YOLODetector.map_detection_to_action": {"executed_lines": [188, 191, 193, 194, 195, 198, 199, 201, 209, 210], "summary": {"covered_lines": 10, "num_statements": 12, "percent_covered": 83.33333333333333, "percent_covered_display": "83.33", "missing_lines": 2, "excluded_lines": 0}, "missing_lines": [189, 212], "excluded_lines": []}, "FaceDetector.__init__": {"executed_lines": [], "summary": {"covered_lines": 0, "num_statements": 11, "percent_covered": 0.0, "percent_covered_display": "0.00", "missing_lines": 11, "excluded_lines": 0}, "missing_lines": [220, 221, 222, 224, 225, 227, 228, 229, 233, 235, 236], "excluded_lines": []}, "FaceDetector.detect_faces": {"executed_lines": [], "summary": {"covered_lines": 0, "num_statements": 22, "percent_covered": 0.0, "percent_covered_display": "0.00", "missing_lines": 22, "excluded_lines": 0}, "missing_lines": [248, 249, 251, 253, 256, 258, 259, 260, 262, 264, 265, 266, 267, 268, 271, 273, 279, 281, 282, 284, 285, 286], "excluded_lines": []}, "FaceDetector.get_best_face": {"executed_lines": [], "summary": {"covered_lines": 0, "num_statements": 4, "percent_covered": 0.0, "percent_covered_display": "0.00", "missing_lines": 4, "excluded_lines": 0}, "missing_lines": [298, 299, 302, 306], "excluded_lines": []}, "create_yolo_detector": {"executed_lines": [322, 323, 324, 326], "summary": {"covered_lines": 4, "num_statements": 4, "percent_covered": 100.0, "percent_covered_display": "100.00", "missing_lines": 0, "excluded_lines": 0}, "missing_lines": [], "excluded_lines": []}, "create_face_detector": {"executed_lines": [], "summary": {"covered_lines": 0, "num_statements": 6, "percent_covered": 0.0, "percent_covered_display": "0.00", "missing_lines": 6, "excluded_lines": 0}, "missing_lines": [338, 339, 341, 342, 343, 344], "excluded_lines": []}, "": {"executed_lines": [2, 7, 8, 9, 11, 13, 14, 15, 17, 18, 19, 21, 22, 24, 27, 28, 30, 31, 32, 37, 38, 40, 72, 92, 144, 176, 215, 216, 218, 238, 288, 309, 331, 348], "summary": {"covered_lines": 30, "num_statements": 32, "percent_covered": 93.75, "percent_covered_display": "93.75", "missing_lines": 2, "excluded_lines": 20}, "missing_lines": [33, 34], "excluded_lines": [348, 349, 351, 352, 355, 357, 358, 360, 361, 362, 365, 366, 367, 368, 369, 371, 372, 373, 374, 375]}}, "classes": {"YOLODetector": {"executed_lines": [48, 49, 50, 51, 54, 64, 65, 66, 68, 74, 77, 78, 79, 81, 83, 84, 85, 86, 102, 106, 108, 112, 114, 115, 116, 117, 118, 120, 123, 124, 125, 127, 135, 137, 138, 188, 191, 193, 194, 195, 198, 199, 201, 209, 210], "summary": {"covered_lines": 45, "num_statements": 65, "percent_covered": 69.23076923076923, "percent_covered_display": "69.23", "missing_lines": 20, "excluded_lines": 0}, "missing_lines": [75, 88, 89, 90, 103, 104, 109, 110, 140, 141, 142, 156, 157, 160, 164, 165, 168, 174, 189, 212], "excluded_lines": []}, "FaceDetector": {"executed_lines": [], "summary": {"covered_lines": 0, "num_statements": 37, "percent_covered": 0.0, "percent_covered_display": "0.00", "missing_lines": 37, "excluded_lines": 0}, "missing_lines": [220, 221, 222, 224, 225, 227, 228, 229, 233, 235, 236, 248, 249, 251, 253, 256, 258, 259, 260, 262, 264, 265, 266, 267, 268, 271, 273, 279, 281, 282, 284, 285, 286, 298, 299, 302, 306], "excluded_lines": []}, "": {"executed_lines": [2, 7, 8, 9, 11, 13, 14, 15, 17, 18, 19, 21, 22, 24, 27, 28, 30, 31, 32, 37, 38, 40, 72, 92, 144, 176, 215, 216, 218, 238, 288, 309, 322, 323, 324, 326, 331, 348], "summary": {"covered_lines": 34, "num_statements": 42, "percent_covered": 80.95238095238095, "percent_covered_display": "80.95", "missing_lines": 8, "excluded_lines": 20}, "missing_lines": [33, 34, 338, 339, 341, 342, 343, 344], "excluded_lines": [348, 349, 351, 352, 355, 357, 358, 360, 361, 362, 365, 366, 367, 368, 369, 371, 372, 373, 374, 375]}}}, "src/bbia_sim/voice_whisper.py": {"executed_lines": [2, 7, 8, 9, 10, 11, 13, 14, 17, 18, 19, 21, 24, 25, 27, 35, 36, 37, 38, 40, 41, 44, 50, 70, 121, 194, 195, 197, 199, 220, 224, 234, 238, 241, 242, 243, 244, 247, 248, 252, 253, 256, 277], "summary": {"covered_lines": 39, "num_statements": 114, "percent_covered": 34.21052631578947, "percent_covered_display": "34.21", "missing_lines": 75, "excluded_lines": 18}, "missing_lines": [16, 46, 52, 53, 55, 56, 57, 59, 61, 62, 63, 64, 66, 67, 68, 81, 82, 83, 86, 87, 88, 89, 91, 92, 93, 96, 97, 98, 100, 109, 110, 112, 115, 117, 118, 119, 132, 133, 136, 139, 140, 141, 143, 144, 145, 146, 148, 151, 152, 158, 161, 162, 165, 170, 171, 174, 175, 178, 179, 180, 181, 182, 184, 185, 188, 189, 190, 191, 235, 249, 250, 269, 270, 271, 273], "excluded_lines": [277, 278, 280, 281, 284, 286, 288, 289, 290, 293, 294, 301, 302, 303, 304, 305, 306, 307], "functions": {"WhisperSTT.__init__": {"executed_lines": [35, 36, 37, 38, 40, 41, 44], "summary": {"covered_lines": 7, "num_statements": 8, "percent_covered": 87.5, "percent_covered_display": "87.50", "missing_lines": 1, "excluded_lines": 0}, "missing_lines": [46], "excluded_lines": []}, "WhisperSTT.load_model": {"executed_lines": [], "summary": {"covered_lines": 0, "num_statements": 13, "percent_covered": 0.0, "percent_covered_display": "0.00", "missing_lines": 13, "excluded_lines": 0}, "missing_lines": [52, 53, 55, 56, 57, 59, 61, 62, 63, 64, 66, 67, 68], "excluded_lines": []}, "WhisperSTT.transcribe_audio": {"executed_lines": [], "summary": {"covered_lines": 0, "num_statements": 21, "percent_covered": 0.0, "percent_covered_display": "0.00", "missing_lines": 21, "excluded_lines": 0}, "missing_lines": [81, 82, 83, 86, 87, 88, 89, 91, 92, 93, 96, 97, 98, 100, 109, 110, 112, 115, 117, 118, 119], "excluded_lines": []}, "WhisperSTT.transcribe_microphone": {"executed_lines": [], "summary": {"covered_lines": 0, "num_statements": 32, "percent_covered": 0.0, "percent_covered_display": "0.00", "missing_lines": 32, "excluded_lines": 0}, "missing_lines": [132, 133, 136, 139, 140, 141, 143, 144, 145, 146, 148, 151, 152, 158, 161, 162, 165, 170, 171, 174, 175, 178, 179, 180, 181, 182, 184, 185, 188, 189, 190, 191], "excluded_lines": []}, "VoiceCommandMapper.__init__": {"executed_lines": [199, 220], "summary": {"covered_lines": 2, "num_statements": 2, "percent_covered": 100.0, "percent_covered_display": "100.00", "missing_lines": 0, "excluded_lines": 0}, "missing_lines": [], "excluded_lines": []}, "VoiceCommandMapper.map_command": {"executed_lines": [234, 238, 241, 242, 243, 244, 247, 248, 252, 253], "summary": {"covered_lines": 10, "num_statements": 13, "percent_covered": 76.92307692307692, "percent_covered_display": "76.92", "missing_lines": 3, "excluded_lines": 0}, "missing_lines": [235, 249, 250], "excluded_lines": []}, "create_whisper_stt": {"executed_lines": [], "summary": {"covered_lines": 0, "num_statements": 4, "percent_covered": 0.0, "percent_covered_display": "0.00", "missing_lines": 4, "excluded_lines": 0}, "missing_lines": [269, 270, 271, 273], "excluded_lines": []}, "": {"executed_lines": [2, 7, 8, 9, 10, 11, 13, 14, 17, 18, 19, 21, 24, 25, 27, 50, 70, 121, 194, 195, 197, 224, 256, 277], "summary": {"covered_lines": 20, "num_statements": 21, "percent_covered": 95.23809523809524, "percent_covered_display": "95.24", "missing_lines": 1, "excluded_lines": 18}, "missing_lines": [16], "excluded_lines": [277, 278, 280, 281, 284, 286, 288, 289, 290, 293, 294, 301, 302, 303, 304, 305, 306, 307]}}, "classes": {"WhisperSTT": {"executed_lines": [35, 36, 37, 38, 40, 41, 44], "summary": {"covered_lines": 7, "num_statements": 74, "percent_covered": 9.45945945945946, "percent_covered_display": "9.46", "missing_lines": 67, "excluded_lines": 0}, "missing_lines": [46, 52, 53, 55, 56, 57, 59, 61, 62, 63, 64, 66, 67, 68, 81, 82, 83, 86, 87, 88, 89, 91, 92, 93, 96, 97, 98, 100, 109, 110, 112, 115, 117, 118, 119, 132, 133, 136, 139, 140, 141, 143, 144, 145, 146, 148, 151, 152, 158, 161, 162, 165, 170, 171, 174, 175, 178, 179, 180, 181, 182, 184, 185, 188, 189, 190, 191], "excluded_lines": []}, "VoiceCommandMapper": {"executed_lines": [199, 220, 234, 238, 241, 242, 243, 244, 247, 248, 252, 253], "summary": {"covered_lines": 12, "num_statements": 15, "percent_covered": 80.0, "percent_covered_display": "80.00", "missing_lines": 3, "excluded_lines": 0}, "missing_lines": [235, 249, 250], "excluded_lines": []}, "": {"executed_lines": [2, 7, 8, 9, 10, 11, 13, 14, 17, 18, 19, 21, 24, 25, 27, 50, 70, 121, 194, 195, 197, 224, 256, 277], "summary": {"covered_lines": 20, "num_statements": 25, "percent_covered": 80.0, "percent_covered_display": "80.00", "missing_lines": 5, "excluded_lines": 18}, "missing_lines": [16, 269, 270, 271, 273], "excluded_lines": [277, 278, 280, 281, 284, 286, 288, 289, 290, 293, 294, 301, 302, 303, 304, 305, 306, 307]}}}}, "totals": {"covered_lines": 3418, "num_statements": 7157, "percent_covered": 47.75744026826883, "percent_covered_display": "47.76", "missing_lines": 3739, "excluded_lines": 290}}