{"meta": {"format": 3, "version": "7.10.1", "timestamp": "2025-11-24T20:52:45.790928", "branch_coverage": true, "show_contexts": false}, "files": {"src/bbia_sim/__init__.py": {"executed_lines": [2, 9], "summary": {"covered_lines": 1, "num_statements": 1, "percent_covered": 100.0, "percent_covered_display": "100.00", "missing_lines": 0, "excluded_lines": 0, "num_branches": 0, "num_partial_branches": 0, "covered_branches": 0, "missing_branches": 0}, "missing_lines": [], "excluded_lines": [], "executed_branches": [], "missing_branches": [], "functions": {"": {"executed_lines": [2, 9], "summary": {"covered_lines": 1, "num_statements": 1, "percent_covered": 100.0, "percent_covered_display": "100.00", "missing_lines": 0, "excluded_lines": 0, "num_branches": 0, "num_partial_branches": 0, "covered_branches": 0, "missing_branches": 0}, "missing_lines": [], "excluded_lines": [], "executed_branches": [], "missing_branches": []}}, "classes": {"": {"executed_lines": [2, 9], "summary": {"covered_lines": 1, "num_statements": 1, "percent_covered": 100.0, "percent_covered_display": "100.00", "missing_lines": 0, "excluded_lines": 0, "num_branches": 0, "num_partial_branches": 0, "covered_branches": 0, "missing_branches": 0}, "missing_lines": [], "excluded_lines": [], "executed_branches": [], "missing_branches": []}}}, "src/bbia_sim/ai_backends.py": {"executed_lines": [2, 9, 11, 12, 13, 14, 15, 16, 17, 19, 23, 26, 29, 30, 32, 37, 38, 40, 45, 46, 48, 53, 54, 60, 68, 136, 137, 139, 158, 172, 173, 175, 194, 209, 210, 212, 231, 245, 246, 251, 264, 278, 279, 288, 292, 335, 336, 338, 343, 344, 349, 410, 441, 442, 444, 449, 450, 455, 475, 498, 517, 529, 539], "summary": {"covered_lines": 43, "num_statements": 227, "percent_covered": 15.636363636363637, "percent_covered_display": "15.64", "missing_lines": 184, "excluded_lines": 70, "num_branches": 48, "num_partial_branches": 0, "covered_branches": 0, "missing_branches": 48}, "missing_lines": [65, 66, 70, 71, 72, 75, 76, 82, 85, 86, 90, 91, 92, 94, 96, 97, 100, 102, 103, 104, 106, 111, 114, 117, 118, 120, 121, 122, 123, 124, 125, 128, 130, 131, 132, 133, 141, 142, 155, 156, 159, 160, 161, 162, 163, 164, 165, 169, 177, 178, 191, 192, 196, 197, 198, 199, 200, 201, 202, 206, 214, 215, 228, 229, 232, 233, 234, 235, 236, 237, 238, 242, 253, 254, 260, 261, 262, 266, 267, 268, 270, 271, 272, 273, 274, 275, 290, 294, 295, 296, 297, 299, 300, 303, 304, 307, 312, 313, 314, 318, 321, 323, 324, 325, 326, 330, 331, 332, 340, 351, 352, 353, 354, 355, 360, 365, 366, 367, 368, 372, 373, 374, 375, 376, 380, 384, 390, 391, 396, 397, 398, 412, 413, 414, 416, 417, 419, 420, 421, 422, 423, 424, 428, 429, 446, 457, 458, 459, 460, 461, 463, 464, 466, 467, 477, 478, 479, 480, 486, 500, 501, 502, 503, 504, 505, 506, 507, 508, 509, 510, 511, 512, 514, 519, 520, 521, 524, 526, 531, 532, 533, 535, 536, 541], "excluded_lines": [29, 30, 31, 32, 33, 34, 37, 38, 39, 40, 41, 42, 45, 46, 47, 48, 49, 50, 143, 144, 146, 147, 148, 149, 150, 151, 152, 154, 179, 180, 182, 183, 184, 185, 186, 187, 188, 190, 216, 217, 219, 220, 221, 222, 223, 224, 225, 227, 255, 256, 258, 259, 399, 404, 405, 406, 407, 408, 430, 437, 438, 468, 469, 470, 471, 472, 473, 487, 494, 495], "executed_branches": [], "missing_branches": [[72, 75], [72, 117], [85, 86], [85, 90], [117, 118], [117, 120], [131, 132], [131, 133], [159, 160], [159, 169], [196, 197], [196, 206], [232, 233], [232, 242], [266, 267], [266, 268], [295, 296], [295, 297], [312, 313], [312, 318], [318, 321], [318, 326], [324, 325], [324, 326], [366, 367], [366, 380], [412, 413], [412, 414], [464, -455], [464, 466], [477, 478], [477, 479], [501, 502], [501, 503], [503, 504], [503, 505], [505, 506], [505, 507], [507, 508], [507, 509], [509, 510], [509, 511], [511, 512], [511, 514], [520, 521], [520, 526], [532, 533], [532, 536]], "functions": {"TextToSpeech.synthesize_to_wav": {"executed_lines": [], "summary": {"covered_lines": 0, "num_statements": 0, "percent_covered": 100.0, "percent_covered_display": "100.00", "missing_lines": 0, "excluded_lines": 2, "num_branches": 0, "num_partial_branches": 0, "covered_branches": 0, "missing_branches": 0}, "missing_lines": [], "excluded_lines": [33, 34], "executed_branches": [], "missing_branches": []}, "SpeechToText.transcribe_wav": {"executed_lines": [], "summary": {"covered_lines": 0, "num_statements": 0, "percent_covered": 100.0, "percent_covered_display": "100.00", "missing_lines": 0, "excluded_lines": 2, "num_branches": 0, "num_partial_branches": 0, "covered_branches": 0, "missing_branches": 0}, "missing_lines": [], "excluded_lines": [41, 42], "executed_branches": [], "missing_branches": []}, "LocalLLM.generate": {"executed_lines": [], "summary": {"covered_lines": 0, "num_statements": 0, "percent_covered": 100.0, "percent_covered_display": "100.00", "missing_lines": 0, "excluded_lines": 2, "num_branches": 0, "num_partial_branches": 0, "covered_branches": 0, "missing_branches": 0}, "missing_lines": [], "excluded_lines": [49, 50], "executed_branches": [], "missing_branches": []}, "Pyttsx3TTS.__init__": {"executed_lines": [], "summary": {"covered_lines": 0, "num_statements": 2, "percent_covered": 0.0, "percent_covered_display": "0.00", "missing_lines": 2, "excluded_lines": 0, "num_branches": 0, "num_partial_branches": 0, "covered_branches": 0, "missing_branches": 0}, "missing_lines": [65, 66], "excluded_lines": [], "executed_branches": [], "missing_branches": []}, "Pyttsx3TTS.synthesize_to_wav": {"executed_lines": [], "summary": {"covered_lines": 0, "num_statements": 34, "percent_covered": 0.0, "percent_covered_display": "0.00", "missing_lines": 34, "excluded_lines": 0, "num_branches": 8, "num_partial_branches": 0, "covered_branches": 0, "missing_branches": 8}, "missing_lines": [70, 71, 72, 75, 76, 82, 85, 86, 90, 91, 92, 94, 96, 97, 100, 102, 103, 104, 106, 111, 114, 117, 118, 120, 121, 122, 123, 124, 125, 128, 130, 131, 132, 133], "excluded_lines": [], "executed_branches": [], "missing_branches": [[72, 75], [72, 117], [85, 86], [85, 90], [117, 118], [117, 120], [131, 132], [131, 133]]}, "KittenTTSTTS.__init__": {"executed_lines": [], "summary": {"covered_lines": 0, "num_statements": 4, "percent_covered": 0.0, "percent_covered_display": "0.00", "missing_lines": 4, "excluded_lines": 7, "num_branches": 0, "num_partial_branches": 0, "covered_branches": 0, "missing_branches": 0}, "missing_lines": [141, 142, 155, 156], "excluded_lines": [143, 144, 146, 147, 149, 150, 154], "executed_branches": [], "missing_branches": []}, "KittenTTSTTS.__init__._KittenImpl.__init__": {"executed_lines": [], "summary": {"covered_lines": 0, "num_statements": 0, "percent_covered": 100.0, "percent_covered_display": "100.00", "missing_lines": 0, "excluded_lines": 1, "num_branches": 0, "num_partial_branches": 0, "covered_branches": 0, "missing_branches": 0}, "missing_lines": [], "excluded_lines": [148], "executed_branches": [], "missing_branches": []}, "KittenTTSTTS.__init__._KittenImpl.synthesize_to_wav": {"executed_lines": [], "summary": {"covered_lines": 0, "num_statements": 0, "percent_covered": 100.0, "percent_covered_display": "100.00", "missing_lines": 0, "excluded_lines": 2, "num_branches": 0, "num_partial_branches": 0, "covered_branches": 0, "missing_branches": 0}, "missing_lines": [], "excluded_lines": [151, 152], "executed_branches": [], "missing_branches": []}, "KittenTTSTTS.synthesize_to_wav": {"executed_lines": [], "summary": {"covered_lines": 0, "num_statements": 8, "percent_covered": 0.0, "percent_covered_display": "0.00", "missing_lines": 8, "excluded_lines": 0, "num_branches": 2, "num_partial_branches": 0, "covered_branches": 0, "missing_branches": 2}, "missing_lines": [159, 160, 161, 162, 163, 164, 165, 169], "excluded_lines": [], "executed_branches": [], "missing_branches": [[159, 160], [159, 169]]}, "KokoroTTS.__init__": {"executed_lines": [], "summary": {"covered_lines": 0, "num_statements": 4, "percent_covered": 0.0, "percent_covered_display": "0.00", "missing_lines": 4, "excluded_lines": 7, "num_branches": 0, "num_partial_branches": 0, "covered_branches": 0, "missing_branches": 0}, "missing_lines": [177, 178, 191, 192], "excluded_lines": [179, 180, 182, 183, 185, 186, 190], "executed_branches": [], "missing_branches": []}, "KokoroTTS.__init__._KokoroImpl.__init__": {"executed_lines": [], "summary": {"covered_lines": 0, "num_statements": 0, "percent_covered": 100.0, "percent_covered_display": "100.00", "missing_lines": 0, "excluded_lines": 1, "num_branches": 0, "num_partial_branches": 0, "covered_branches": 0, "missing_branches": 0}, "missing_lines": [], "excluded_lines": [184], "executed_branches": [], "missing_branches": []}, "KokoroTTS.__init__._KokoroImpl.synthesize_to_wav": {"executed_lines": [], "summary": {"covered_lines": 0, "num_statements": 0, "percent_covered": 100.0, "percent_covered_display": "100.00", "missing_lines": 0, "excluded_lines": 2, "num_branches": 0, "num_partial_branches": 0, "covered_branches": 0, "missing_branches": 0}, "missing_lines": [], "excluded_lines": [187, 188], "executed_branches": [], "missing_branches": []}, "KokoroTTS.synthesize_to_wav": {"executed_lines": [], "summary": {"covered_lines": 0, "num_statements": 8, "percent_covered": 0.0, "percent_covered_display": "0.00", "missing_lines": 8, "excluded_lines": 0, "num_branches": 2, "num_partial_branches": 0, "covered_branches": 0, "missing_branches": 2}, "missing_lines": [196, 197, 198, 199, 200, 201, 202, 206], "excluded_lines": [], "executed_branches": [], "missing_branches": [[196, 197], [196, 206]]}, "NeuTTSTTS.__init__": {"executed_lines": [], "summary": {"covered_lines": 0, "num_statements": 4, "percent_covered": 0.0, "percent_covered_display": "0.00", "missing_lines": 4, "excluded_lines": 7, "num_branches": 0, "num_partial_branches": 0, "covered_branches": 0, "missing_branches": 0}, "missing_lines": [214, 215, 228, 229], "excluded_lines": [216, 217, 219, 220, 222, 223, 227], "executed_branches": [], "missing_branches": []}, "NeuTTSTTS.__init__._NeuImpl.__init__": {"executed_lines": [], "summary": {"covered_lines": 0, "num_statements": 0, "percent_covered": 100.0, "percent_covered_display": "100.00", "missing_lines": 0, "excluded_lines": 1, "num_branches": 0, "num_partial_branches": 0, "covered_branches": 0, "missing_branches": 0}, "missing_lines": [], "excluded_lines": [221], "executed_branches": [], "missing_branches": []}, "NeuTTSTTS.__init__._NeuImpl.synthesize_to_wav": {"executed_lines": [], "summary": {"covered_lines": 0, "num_statements": 0, "percent_covered": 100.0, "percent_covered_display": "100.00", "missing_lines": 0, "excluded_lines": 2, "num_branches": 0, "num_partial_branches": 0, "covered_branches": 0, "missing_branches": 0}, "missing_lines": [], "excluded_lines": [224, 225], "executed_branches": [], "missing_branches": []}, "NeuTTSTTS.synthesize_to_wav": {"executed_lines": [], "summary": {"covered_lines": 0, "num_statements": 8, "percent_covered": 0.0, "percent_covered_display": "0.00", "missing_lines": 8, "excluded_lines": 0, "num_branches": 2, "num_partial_branches": 0, "covered_branches": 0, "missing_branches": 2}, "missing_lines": [232, 233, 234, 235, 236, 237, 238, 242], "excluded_lines": [], "executed_branches": [], "missing_branches": [[232, 233], [232, 242]]}, "CoquiTTSTTS.__init__": {"executed_lines": [], "summary": {"covered_lines": 0, "num_statements": 5, "percent_covered": 0.0, "percent_covered_display": "0.00", "missing_lines": 5, "excluded_lines": 4, "num_branches": 0, "num_partial_branches": 0, "covered_branches": 0, "missing_branches": 0}, "missing_lines": [253, 254, 260, 261, 262], "excluded_lines": [255, 256, 258, 259], "executed_branches": [], "missing_branches": []}, "CoquiTTSTTS.synthesize_to_wav": {"executed_lines": [], "summary": {"covered_lines": 0, "num_statements": 9, "percent_covered": 0.0, "percent_covered_display": "0.00", "missing_lines": 9, "excluded_lines": 0, "num_branches": 2, "num_partial_branches": 0, "covered_branches": 0, "missing_branches": 2}, "missing_lines": [266, 267, 268, 270, 271, 272, 273, 274, 275], "excluded_lines": [], "executed_branches": [], "missing_branches": [[266, 267], [266, 268]]}, "OpenVoiceTTSTTS.__init__": {"executed_lines": [], "summary": {"covered_lines": 0, "num_statements": 1, "percent_covered": 0.0, "percent_covered_display": "0.00", "missing_lines": 1, "excluded_lines": 0, "num_branches": 0, "num_partial_branches": 0, "covered_branches": 0, "missing_branches": 0}, "missing_lines": [290], "excluded_lines": [], "executed_branches": [], "missing_branches": []}, "OpenVoiceTTSTTS.synthesize_to_wav": {"executed_lines": [], "summary": {"covered_lines": 0, "num_statements": 21, "percent_covered": 0.0, "percent_covered_display": "0.00", "missing_lines": 21, "excluded_lines": 0, "num_branches": 8, "num_partial_branches": 0, "covered_branches": 0, "missing_branches": 8}, "missing_lines": [294, 295, 296, 297, 299, 300, 303, 304, 307, 312, 313, 314, 318, 321, 323, 324, 325, 326, 330, 331, 332], "excluded_lines": [], "executed_branches": [], "missing_branches": [[295, 296], [295, 297], [312, 313], [312, 318], [318, 321], [318, 326], [324, 325], [324, 326]]}, "DummySTT.transcribe_wav": {"executed_lines": [], "summary": {"covered_lines": 0, "num_statements": 1, "percent_covered": 0.0, "percent_covered_display": "0.00", "missing_lines": 1, "excluded_lines": 0, "num_branches": 0, "num_partial_branches": 0, "covered_branches": 0, "missing_branches": 0}, "missing_lines": [340], "excluded_lines": [], "executed_branches": [], "missing_branches": []}, "WhisperSTT.__init__": {"executed_lines": [], "summary": {"covered_lines": 0, "num_statements": 22, "percent_covered": 0.0, "percent_covered_display": "0.00", "missing_lines": 22, "excluded_lines": 6, "num_branches": 2, "num_partial_branches": 0, "covered_branches": 0, "missing_branches": 2}, "missing_lines": [351, 352, 353, 354, 355, 360, 365, 366, 367, 368, 372, 373, 374, 375, 376, 380, 384, 390, 391, 396, 397, 398], "excluded_lines": [399, 404, 405, 406, 407, 408], "executed_branches": [], "missing_branches": [[366, 367], [366, 380]]}, "WhisperSTT.transcribe_wav": {"executed_lines": [], "summary": {"covered_lines": 0, "num_statements": 13, "percent_covered": 0.0, "percent_covered_display": "0.00", "missing_lines": 13, "excluded_lines": 3, "num_branches": 2, "num_partial_branches": 0, "covered_branches": 0, "missing_branches": 2}, "missing_lines": [412, 413, 414, 416, 417, 419, 420, 421, 422, 423, 424, 428, 429], "excluded_lines": [430, 437, 438], "executed_branches": [], "missing_branches": [[412, 413], [412, 414]]}, "EchoLLM.generate": {"executed_lines": [], "summary": {"covered_lines": 0, "num_statements": 1, "percent_covered": 0.0, "percent_covered_display": "0.00", "missing_lines": 1, "excluded_lines": 0, "num_branches": 0, "num_partial_branches": 0, "covered_branches": 0, "missing_branches": 0}, "missing_lines": [446], "excluded_lines": [], "executed_branches": [], "missing_branches": []}, "LlamaCppLLM.__init__": {"executed_lines": [], "summary": {"covered_lines": 0, "num_statements": 9, "percent_covered": 0.0, "percent_covered_display": "0.00", "missing_lines": 9, "excluded_lines": 6, "num_branches": 2, "num_partial_branches": 0, "covered_branches": 0, "missing_branches": 2}, "missing_lines": [457, 458, 459, 460, 461, 463, 464, 466, 467], "excluded_lines": [468, 469, 470, 471, 472, 473], "executed_branches": [], "missing_branches": [[464, -455], [464, 466]]}, "LlamaCppLLM.generate": {"executed_lines": [], "summary": {"covered_lines": 0, "num_statements": 5, "percent_covered": 0.0, "percent_covered_display": "0.00", "missing_lines": 5, "excluded_lines": 3, "num_branches": 2, "num_partial_branches": 0, "covered_branches": 0, "missing_branches": 2}, "missing_lines": [477, 478, 479, 480, 486], "excluded_lines": [487, 494, 495], "executed_branches": [], "missing_branches": [[477, 478], [477, 479]]}, "get_tts_backend": {"executed_lines": [], "summary": {"covered_lines": 0, "num_statements": 14, "percent_covered": 0.0, "percent_covered_display": "0.00", "missing_lines": 14, "excluded_lines": 0, "num_branches": 12, "num_partial_branches": 0, "covered_branches": 0, "missing_branches": 12}, "missing_lines": [500, 501, 502, 503, 504, 505, 506, 507, 508, 509, 510, 511, 512, 514], "excluded_lines": [], "executed_branches": [], "missing_branches": [[501, 502], [501, 503], [503, 504], [503, 505], [505, 506], [505, 507], [507, 508], [507, 509], [509, 510], [509, 511], [511, 512], [511, 514]]}, "get_stt_backend": {"executed_lines": [], "summary": {"covered_lines": 0, "num_statements": 5, "percent_covered": 0.0, "percent_covered_display": "0.00", "missing_lines": 5, "excluded_lines": 0, "num_branches": 2, "num_partial_branches": 0, "covered_branches": 0, "missing_branches": 2}, "missing_lines": [519, 520, 521, 524, 526], "excluded_lines": [], "executed_branches": [], "missing_branches": [[520, 521], [520, 526]]}, "get_llm_backend": {"executed_lines": [], "summary": {"covered_lines": 0, "num_statements": 5, "percent_covered": 0.0, "percent_covered_display": "0.00", "missing_lines": 5, "excluded_lines": 0, "num_branches": 2, "num_partial_branches": 0, "covered_branches": 0, "missing_branches": 2}, "missing_lines": [531, 532, 533, 535, 536], "excluded_lines": [], "executed_branches": [], "missing_branches": [[532, 533], [532, 536]]}, "select_backends": {"executed_lines": [], "summary": {"covered_lines": 0, "num_statements": 1, "percent_covered": 0.0, "percent_covered_display": "0.00", "missing_lines": 1, "excluded_lines": 0, "num_branches": 0, "num_partial_branches": 0, "covered_branches": 0, "missing_branches": 0}, "missing_lines": [541], "excluded_lines": [], "executed_branches": [], "missing_branches": []}, "": {"executed_lines": [2, 9, 11, 12, 13, 14, 15, 16, 17, 19, 23, 26, 29, 30, 32, 37, 38, 40, 45, 46, 48, 53, 54, 60, 68, 136, 137, 139, 158, 172, 173, 175, 194, 209, 210, 212, 231, 245, 246, 251, 264, 278, 279, 288, 292, 335, 336, 338, 343, 344, 349, 410, 441, 442, 444, 449, 450, 455, 475, 498, 517, 529, 539], "summary": {"covered_lines": 43, "num_statements": 43, "percent_covered": 100.0, "percent_covered_display": "100.00", "missing_lines": 0, "excluded_lines": 12, "num_branches": 0, "num_partial_branches": 0, "covered_branches": 0, "missing_branches": 0}, "missing_lines": [], "excluded_lines": [29, 30, 31, 32, 37, 38, 39, 40, 45, 46, 47, 48], "executed_branches": [], "missing_branches": []}}, "classes": {"TextToSpeech": {"executed_lines": [], "summary": {"covered_lines": 0, "num_statements": 0, "percent_covered": 100.0, "percent_covered_display": "100.00", "missing_lines": 0, "excluded_lines": 2, "num_branches": 0, "num_partial_branches": 0, "covered_branches": 0, "missing_branches": 0}, "missing_lines": [], "excluded_lines": [33, 34], "executed_branches": [], "missing_branches": []}, "SpeechToText": {"executed_lines": [], "summary": {"covered_lines": 0, "num_statements": 0, "percent_covered": 100.0, "percent_covered_display": "100.00", "missing_lines": 0, "excluded_lines": 2, "num_branches": 0, "num_partial_branches": 0, "covered_branches": 0, "missing_branches": 0}, "missing_lines": [], "excluded_lines": [41, 42], "executed_branches": [], "missing_branches": []}, "LocalLLM": {"executed_lines": [], "summary": {"covered_lines": 0, "num_statements": 0, "percent_covered": 100.0, "percent_covered_display": "100.00", "missing_lines": 0, "excluded_lines": 2, "num_branches": 0, "num_partial_branches": 0, "covered_branches": 0, "missing_branches": 0}, "missing_lines": [], "excluded_lines": [49, 50], "executed_branches": [], "missing_branches": []}, "Pyttsx3TTS": {"executed_lines": [], "summary": {"covered_lines": 0, "num_statements": 36, "percent_covered": 0.0, "percent_covered_display": "0.00", "missing_lines": 36, "excluded_lines": 0, "num_branches": 8, "num_partial_branches": 0, "covered_branches": 0, "missing_branches": 8}, "missing_lines": [65, 66, 70, 71, 72, 75, 76, 82, 85, 86, 90, 91, 92, 94, 96, 97, 100, 102, 103, 104, 106, 111, 114, 117, 118, 120, 121, 122, 123, 124, 125, 128, 130, 131, 132, 133], "excluded_lines": [], "executed_branches": [], "missing_branches": [[72, 75], [72, 117], [85, 86], [85, 90], [117, 118], [117, 120], [131, 132], [131, 133]]}, "KittenTTSTTS": {"executed_lines": [], "summary": {"covered_lines": 0, "num_statements": 12, "percent_covered": 0.0, "percent_covered_display": "0.00", "missing_lines": 12, "excluded_lines": 7, "num_branches": 2, "num_partial_branches": 0, "covered_branches": 0, "missing_branches": 2}, "missing_lines": [141, 142, 155, 156, 159, 160, 161, 162, 163, 164, 165, 169], "excluded_lines": [143, 144, 146, 147, 149, 150, 154], "executed_branches": [], "missing_branches": [[159, 160], [159, 169]]}, "KittenTTSTTS.__init__._KittenImpl": {"executed_lines": [], "summary": {"covered_lines": 0, "num_statements": 0, "percent_covered": 100.0, "percent_covered_display": "100.00", "missing_lines": 0, "excluded_lines": 3, "num_branches": 0, "num_partial_branches": 0, "covered_branches": 0, "missing_branches": 0}, "missing_lines": [], "excluded_lines": [148, 151, 152], "executed_branches": [], "missing_branches": []}, "KokoroTTS": {"executed_lines": [], "summary": {"covered_lines": 0, "num_statements": 12, "percent_covered": 0.0, "percent_covered_display": "0.00", "missing_lines": 12, "excluded_lines": 7, "num_branches": 2, "num_partial_branches": 0, "covered_branches": 0, "missing_branches": 2}, "missing_lines": [177, 178, 191, 192, 196, 197, 198, 199, 200, 201, 202, 206], "excluded_lines": [179, 180, 182, 183, 185, 186, 190], "executed_branches": [], "missing_branches": [[196, 197], [196, 206]]}, "KokoroTTS.__init__._KokoroImpl": {"executed_lines": [], "summary": {"covered_lines": 0, "num_statements": 0, "percent_covered": 100.0, "percent_covered_display": "100.00", "missing_lines": 0, "excluded_lines": 3, "num_branches": 0, "num_partial_branches": 0, "covered_branches": 0, "missing_branches": 0}, "missing_lines": [], "excluded_lines": [184, 187, 188], "executed_branches": [], "missing_branches": []}, "NeuTTSTTS": {"executed_lines": [], "summary": {"covered_lines": 0, "num_statements": 12, "percent_covered": 0.0, "percent_covered_display": "0.00", "missing_lines": 12, "excluded_lines": 7, "num_branches": 2, "num_partial_branches": 0, "covered_branches": 0, "missing_branches": 2}, "missing_lines": [214, 215, 228, 229, 232, 233, 234, 235, 236, 237, 238, 242], "excluded_lines": [216, 217, 219, 220, 222, 223, 227], "executed_branches": [], "missing_branches": [[232, 233], [232, 242]]}, "NeuTTSTTS.__init__._NeuImpl": {"executed_lines": [], "summary": {"covered_lines": 0, "num_statements": 0, "percent_covered": 100.0, "percent_covered_display": "100.00", "missing_lines": 0, "excluded_lines": 3, "num_branches": 0, "num_partial_branches": 0, "covered_branches": 0, "missing_branches": 0}, "missing_lines": [], "excluded_lines": [221, 224, 225], "executed_branches": [], "missing_branches": []}, "CoquiTTSTTS": {"executed_lines": [], "summary": {"covered_lines": 0, "num_statements": 14, "percent_covered": 0.0, "percent_covered_display": "0.00", "missing_lines": 14, "excluded_lines": 4, "num_branches": 2, "num_partial_branches": 0, "covered_branches": 0, "missing_branches": 2}, "missing_lines": [253, 254, 260, 261, 262, 266, 267, 268, 270, 271, 272, 273, 274, 275], "excluded_lines": [255, 256, 258, 259], "executed_branches": [], "missing_branches": [[266, 267], [266, 268]]}, "OpenVoiceTTSTTS": {"executed_lines": [], "summary": {"covered_lines": 0, "num_statements": 22, "percent_covered": 0.0, "percent_covered_display": "0.00", "missing_lines": 22, "excluded_lines": 0, "num_branches": 8, "num_partial_branches": 0, "covered_branches": 0, "missing_branches": 8}, "missing_lines": [290, 294, 295, 296, 297, 299, 300, 303, 304, 307, 312, 313, 314, 318, 321, 323, 324, 325, 326, 330, 331, 332], "excluded_lines": [], "executed_branches": [], "missing_branches": [[295, 296], [295, 297], [312, 313], [312, 318], [318, 321], [318, 326], [324, 325], [324, 326]]}, "DummySTT": {"executed_lines": [], "summary": {"covered_lines": 0, "num_statements": 1, "percent_covered": 0.0, "percent_covered_display": "0.00", "missing_lines": 1, "excluded_lines": 0, "num_branches": 0, "num_partial_branches": 0, "covered_branches": 0, "missing_branches": 0}, "missing_lines": [340], "excluded_lines": [], "executed_branches": [], "missing_branches": []}, "WhisperSTT": {"executed_lines": [], "summary": {"covered_lines": 0, "num_statements": 35, "percent_covered": 0.0, "percent_covered_display": "0.00", "missing_lines": 35, "excluded_lines": 9, "num_branches": 4, "num_partial_branches": 0, "covered_branches": 0, "missing_branches": 4}, "missing_lines": [351, 352, 353, 354, 355, 360, 365, 366, 367, 368, 372, 373, 374, 375, 376, 380, 384, 390, 391, 396, 397, 398, 412, 413, 414, 416, 417, 419, 420, 421, 422, 423, 424, 428, 429], "excluded_lines": [399, 404, 405, 406, 407, 408, 430, 437, 438], "executed_branches": [], "missing_branches": [[366, 367], [366, 380], [412, 413], [412, 414]]}, "EchoLLM": {"executed_lines": [], "summary": {"covered_lines": 0, "num_statements": 1, "percent_covered": 0.0, "percent_covered_display": "0.00", "missing_lines": 1, "excluded_lines": 0, "num_branches": 0, "num_partial_branches": 0, "covered_branches": 0, "missing_branches": 0}, "missing_lines": [446], "excluded_lines": [], "executed_branches": [], "missing_branches": []}, "LlamaCppLLM": {"executed_lines": [], "summary": {"covered_lines": 0, "num_statements": 14, "percent_covered": 0.0, "percent_covered_display": "0.00", "missing_lines": 14, "excluded_lines": 9, "num_branches": 4, "num_partial_branches": 0, "covered_branches": 0, "missing_branches": 4}, "missing_lines": [457, 458, 459, 460, 461, 463, 464, 466, 467, 477, 478, 479, 480, 486], "excluded_lines": [468, 469, 470, 471, 472, 473, 487, 494, 495], "executed_branches": [], "missing_branches": [[464, -455], [464, 466], [477, 478], [477, 479]]}, "": {"executed_lines": [2, 9, 11, 12, 13, 14, 15, 16, 17, 19, 23, 26, 29, 30, 32, 37, 38, 40, 45, 46, 48, 53, 54, 60, 68, 136, 137, 139, 158, 172, 173, 175, 194, 209, 210, 212, 231, 245, 246, 251, 264, 278, 279, 288, 292, 335, 336, 338, 343, 344, 349, 410, 441, 442, 444, 449, 450, 455, 475, 498, 517, 529, 539], "summary": {"covered_lines": 43, "num_statements": 68, "percent_covered": 51.19047619047619, "percent_covered_display": "51.19", "missing_lines": 25, "excluded_lines": 12, "num_branches": 16, "num_partial_branches": 0, "covered_branches": 0, "missing_branches": 16}, "missing_lines": [500, 501, 502, 503, 504, 505, 506, 507, 508, 509, 510, 511, 512, 514, 519, 520, 521, 524, 526, 531, 532, 533, 535, 536, 541], "excluded_lines": [29, 30, 31, 32, 37, 38, 39, 40, 45, 46, 47, 48], "executed_branches": [], "missing_branches": [[501, 502], [501, 503], [503, 504], [503, 505], [505, 506], [505, 507], [507, 508], [507, 509], [509, 510], [509, 511], [511, 512], [511, 514], [520, 521], [520, 526], [532, 533], [532, 536]]}}}, "src/bbia_sim/backends/__init__.py": {"executed_lines": [2, 4, 5, 7], "summary": {"covered_lines": 3, "num_statements": 3, "percent_covered": 100.0, "percent_covered_display": "100.00", "missing_lines": 0, "excluded_lines": 0, "num_branches": 0, "num_partial_branches": 0, "covered_branches": 0, "missing_branches": 0}, "missing_lines": [], "excluded_lines": [], "executed_branches": [], "missing_branches": [], "functions": {"": {"executed_lines": [2, 4, 5, 7], "summary": {"covered_lines": 3, "num_statements": 3, "percent_covered": 100.0, "percent_covered_display": "100.00", "missing_lines": 0, "excluded_lines": 0, "num_branches": 0, "num_partial_branches": 0, "covered_branches": 0, "missing_branches": 0}, "missing_lines": [], "excluded_lines": [], "executed_branches": [], "missing_branches": []}}, "classes": {"": {"executed_lines": [2, 4, 5, 7], "summary": {"covered_lines": 3, "num_statements": 3, "percent_covered": 100.0, "percent_covered_display": "100.00", "missing_lines": 0, "excluded_lines": 0, "num_branches": 0, "num_partial_branches": 0, "covered_branches": 0, "missing_branches": 0}, "missing_lines": [], "excluded_lines": [], "executed_branches": [], "missing_branches": []}}}, "src/bbia_sim/backends/mujoco_backend.py": {"executed_lines": [2, 7, 8, 9, 10, 12, 13, 15, 18, 19, 20, 21, 23, 26, 27, 29, 39, 40, 41, 42, 43, 44, 45, 46, 48, 50, 51, 55, 56, 59, 60, 61, 62, 64, 65, 67, 68, 69, 77, 79, 99, 106, 129, 142, 158, 166, 210, 219, 233, 265, 321, 330, 349, 391, 432, 445, 455, 521, 617], "summary": {"covered_lines": 57, "num_statements": 316, "percent_covered": 13.555555555555555, "percent_covered_display": "13.56", "missing_lines": 259, "excluded_lines": 0, "num_branches": 134, "num_partial_branches": 2, "covered_branches": 4, "missing_branches": 130}, "missing_lines": [52, 53, 70, 71, 72, 73, 74, 75, 81, 82, 83, 84, 86, 87, 88, 89, 90, 91, 92, 93, 94, 95, 97, 101, 102, 104, 108, 109, 110, 112, 113, 114, 117, 118, 119, 122, 123, 124, 126, 127, 131, 132, 134, 135, 137, 138, 139, 140, 148, 149, 151, 152, 153, 154, 156, 164, 178, 179, 181, 190, 192, 193, 194, 195, 196, 198, 200, 201, 202, 203, 204, 206, 208, 216, 217, 221, 222, 224, 225, 226, 227, 228, 229, 231, 244, 245, 247, 249, 251, 252, 254, 255, 260, 261, 262, 263, 284, 285, 286, 288, 291, 293, 294, 296, 297, 299, 300, 302, 303, 304, 305, 306, 308, 309, 310, 311, 312, 315, 316, 318, 319, 328, 332, 333, 334, 336, 338, 339, 340, 341, 342, 343, 344, 345, 347, 351, 352, 353, 355, 356, 357, 359, 365, 367, 368, 369, 374, 375, 376, 378, 381, 382, 383, 385, 386, 387, 389, 408, 409, 410, 412, 413, 414, 415, 416, 417, 419, 420, 426, 427, 428, 430, 434, 435, 437, 438, 439, 440, 441, 443, 447, 448, 450, 451, 452, 453, 457, 458, 459, 462, 463, 467, 478, 481, 484, 489, 490, 491, 492, 493, 494, 497, 498, 499, 500, 501, 502, 504, 505, 506, 507, 508, 509, 512, 514, 519, 545, 546, 550, 554, 555, 556, 558, 559, 560, 563, 564, 567, 569, 570, 571, 572, 574, 575, 577, 579, 580, 581, 584, 587, 588, 589, 590, 591, 592, 595, 600, 601, 602, 603, 606, 608, 614, 615, 619, 620, 622, 623, 625], "excluded_lines": [], "executed_branches": [[51, 55], [59, 60], [59, 67], [61, 62]], "missing_branches": [[51, 52], [61, 59], [82, 83], [82, 86], [101, 102], [101, 104], [108, 109], [108, 112], [112, 113], [112, 117], [118, 119], [118, 122], [123, 124], [123, 126], [131, 132], [131, 134], [134, 135], [134, 137], [138, 139], [138, 140], [148, 149], [148, 151], [151, 152], [151, 156], [153, 154], [153, 156], [178, 179], [178, 181], [193, 194], [193, 200], [194, 195], [194, 198], [201, 202], [201, 208], [202, 203], [202, 206], [221, 222], [221, 224], [244, 245], [244, 247], [254, 255], [254, 260], [284, 285], [284, 288], [291, 293], [291, 297], [293, 294], [293, 315], [294, 293], [294, 296], [297, 299], [297, 306], [300, 302], [300, 315], [303, 304], [303, 315], [304, 303], [304, 305], [306, 308], [306, 315], [309, 310], [309, 315], [310, 311], [310, 315], [311, 310], [311, 312], [332, 333], [332, 336], [338, 339], [338, 341], [351, 352], [351, 355], [356, 357], [356, 359], [367, 368], [367, 378], [368, 369], [368, 378], [374, 368], [374, 375], [408, 409], [408, 412], [416, 417], [416, 419], [434, 435], [434, 437], [447, 448], [447, 450], [457, 458], [457, 462], [462, 463], [462, 467], [489, 490], [489, 497], [491, 492], [491, 493], [493, 489], [493, 494], [497, 498], [497, 504], [504, 505], [504, 512], [545, 546], [545, 554], [554, 555], [554, 558], [563, 564], [563, 567], [567, 569], [567, 595], [569, 570], [569, 571], [571, 572], [571, 574], [577, 579], [577, 595], [587, 588], [587, 595], [589, 590], [589, 591], [591, 587], [591, 592], [595, 600], [595, 606], [600, 601], [600, 602], [602, 603], [602, 606], [619, 620], [619, 622]], "functions": {"MuJoCoBackend.__init__": {"executed_lines": [39, 40, 41, 42, 43, 44, 45, 46], "summary": {"covered_lines": 8, "num_statements": 8, "percent_covered": 100.0, "percent_covered_display": "100.00", "missing_lines": 0, "excluded_lines": 0, "num_branches": 0, "num_partial_branches": 0, "covered_branches": 0, "missing_branches": 0}, "missing_lines": [], "excluded_lines": [], "executed_branches": [], "missing_branches": []}, "MuJoCoBackend.connect": {"executed_lines": [50, 51, 55, 56, 59, 60, 61, 62, 64, 65, 67, 68, 69, 77], "summary": {"covered_lines": 14, "num_statements": 22, "percent_covered": 64.28571428571429, "percent_covered_display": "64.29", "missing_lines": 8, "excluded_lines": 0, "num_branches": 6, "num_partial_branches": 2, "covered_branches": 4, "missing_branches": 2}, "missing_lines": [52, 53, 70, 71, 72, 73, 74, 75], "excluded_lines": [], "executed_branches": [[51, 55], [59, 60], [59, 67], [61, 62]], "missing_branches": [[51, 52], [61, 59]]}, "MuJoCoBackend.disconnect": {"executed_lines": [], "summary": {"covered_lines": 0, "num_statements": 15, "percent_covered": 0.0, "percent_covered_display": "0.00", "missing_lines": 15, "excluded_lines": 0, "num_branches": 2, "num_partial_branches": 0, "covered_branches": 0, "missing_branches": 2}, "missing_lines": [81, 82, 83, 84, 86, 87, 88, 89, 90, 91, 92, 93, 94, 95, 97], "excluded_lines": [], "executed_branches": [], "missing_branches": [[82, 83], [82, 86]]}, "MuJoCoBackend.get_available_joints": {"executed_lines": [], "summary": {"covered_lines": 0, "num_statements": 3, "percent_covered": 0.0, "percent_covered_display": "0.00", "missing_lines": 3, "excluded_lines": 0, "num_branches": 2, "num_partial_branches": 0, "covered_branches": 0, "missing_branches": 2}, "missing_lines": [101, 102, 104], "excluded_lines": [], "executed_branches": [], "missing_branches": [[101, 102], [101, 104]]}, "MuJoCoBackend.set_joint_pos": {"executed_lines": [], "summary": {"covered_lines": 0, "num_statements": 14, "percent_covered": 0.0, "percent_covered_display": "0.00", "missing_lines": 14, "excluded_lines": 0, "num_branches": 8, "num_partial_branches": 0, "covered_branches": 0, "missing_branches": 8}, "missing_lines": [108, 109, 110, 112, 113, 114, 117, 118, 119, 122, 123, 124, 126, 127], "excluded_lines": [], "executed_branches": [], "missing_branches": [[108, 109], [108, 112], [112, 113], [112, 117], [118, 119], [118, 122], [123, 124], [123, 126]]}, "MuJoCoBackend.get_joint_pos": {"executed_lines": [], "summary": {"covered_lines": 0, "num_statements": 8, "percent_covered": 0.0, "percent_covered_display": "0.00", "missing_lines": 8, "excluded_lines": 0, "num_branches": 6, "num_partial_branches": 0, "covered_branches": 0, "missing_branches": 6}, "missing_lines": [131, 132, 134, 135, 137, 138, 139, 140], "excluded_lines": [], "executed_branches": [], "missing_branches": [[131, 132], [131, 134], [134, 135], [134, 137], [138, 139], [138, 140]]}, "MuJoCoBackend.get_current_body_yaw": {"executed_lines": [], "summary": {"covered_lines": 0, "num_statements": 7, "percent_covered": 0.0, "percent_covered_display": "0.00", "missing_lines": 7, "excluded_lines": 0, "num_branches": 6, "num_partial_branches": 0, "covered_branches": 0, "missing_branches": 6}, "missing_lines": [148, 149, 151, 152, 153, 154, 156], "excluded_lines": [], "executed_branches": [], "missing_branches": [[148, 149], [148, 151], [151, 152], [151, 156], [153, 154], [153, 156]]}, "MuJoCoBackend.get_present_body_yaw": {"executed_lines": [], "summary": {"covered_lines": 0, "num_statements": 1, "percent_covered": 0.0, "percent_covered_display": "0.00", "missing_lines": 1, "excluded_lines": 0, "num_branches": 0, "num_partial_branches": 0, "covered_branches": 0, "missing_branches": 0}, "missing_lines": [164], "excluded_lines": [], "executed_branches": [], "missing_branches": []}, "MuJoCoBackend.get_current_joint_positions": {"executed_lines": [], "summary": {"covered_lines": 0, "num_statements": 17, "percent_covered": 0.0, "percent_covered_display": "0.00", "missing_lines": 17, "excluded_lines": 0, "num_branches": 10, "num_partial_branches": 0, "covered_branches": 0, "missing_branches": 10}, "missing_lines": [178, 179, 181, 190, 192, 193, 194, 195, 196, 198, 200, 201, 202, 203, 204, 206, 208], "excluded_lines": [], "executed_branches": [], "missing_branches": [[178, 179], [178, 181], [193, 194], [193, 200], [194, 195], [194, 198], [201, 202], [201, 208], [202, 203], [202, 206]]}, "MuJoCoBackend.get_present_antenna_joint_positions": {"executed_lines": [], "summary": {"covered_lines": 0, "num_statements": 2, "percent_covered": 0.0, "percent_covered_display": "0.00", "missing_lines": 2, "excluded_lines": 0, "num_branches": 0, "num_partial_branches": 0, "covered_branches": 0, "missing_branches": 0}, "missing_lines": [216, 217], "excluded_lines": [], "executed_branches": [], "missing_branches": []}, "MuJoCoBackend.step": {"executed_lines": [], "summary": {"covered_lines": 0, "num_statements": 9, "percent_covered": 0.0, "percent_covered_display": "0.00", "missing_lines": 9, "excluded_lines": 0, "num_branches": 2, "num_partial_branches": 0, "covered_branches": 0, "missing_branches": 2}, "missing_lines": [221, 222, 224, 225, 226, 227, 228, 229, 231], "excluded_lines": [], "executed_branches": [], "missing_branches": [[221, 222], [221, 224]]}, "MuJoCoBackend.check_collision": {"executed_lines": [], "summary": {"covered_lines": 0, "num_statements": 12, "percent_covered": 0.0, "percent_covered_display": "0.00", "missing_lines": 12, "excluded_lines": 0, "num_branches": 4, "num_partial_branches": 0, "covered_branches": 0, "missing_branches": 4}, "missing_lines": [244, 245, 247, 249, 251, 252, 254, 255, 260, 261, 262, 263], "excluded_lines": [], "executed_branches": [], "missing_branches": [[244, 245], [244, 247], [254, 255], [254, 260]]}, "MuJoCoBackend.play_move": {"executed_lines": [], "summary": {"covered_lines": 0, "num_statements": 25, "percent_covered": 0.0, "percent_covered_display": "0.00", "missing_lines": 25, "excluded_lines": 0, "num_branches": 24, "num_partial_branches": 0, "covered_branches": 0, "missing_branches": 24}, "missing_lines": [284, 285, 286, 288, 291, 293, 294, 296, 297, 299, 300, 302, 303, 304, 305, 306, 308, 309, 310, 311, 312, 315, 316, 318, 319], "excluded_lines": [], "executed_branches": [], "missing_branches": [[284, 285], [284, 288], [291, 293], [291, 297], [293, 294], [293, 315], [294, 293], [294, 296], [297, 299], [297, 306], [300, 302], [300, 315], [303, 304], [303, 315], [304, 303], [304, 305], [306, 308], [306, 315], [309, 310], [309, 315], [310, 311], [310, 315], [311, 310], [311, 312]]}, "MuJoCoBackend.async_play_move": {"executed_lines": [], "summary": {"covered_lines": 0, "num_statements": 1, "percent_covered": 0.0, "percent_covered_display": "0.00", "missing_lines": 1, "excluded_lines": 0, "num_branches": 0, "num_partial_branches": 0, "covered_branches": 0, "missing_branches": 0}, "missing_lines": [328], "excluded_lines": [], "executed_branches": [], "missing_branches": []}, "MuJoCoBackend.emergency_stop": {"executed_lines": [], "summary": {"covered_lines": 0, "num_statements": 13, "percent_covered": 0.0, "percent_covered_display": "0.00", "missing_lines": 13, "excluded_lines": 0, "num_branches": 4, "num_partial_branches": 0, "covered_branches": 0, "missing_branches": 4}, "missing_lines": [332, 333, 334, 336, 338, 339, 340, 341, 342, 343, 344, 345, 347], "excluded_lines": [], "executed_branches": [], "missing_branches": [[332, 333], [332, 336], [338, 339], [338, 341]]}, "MuJoCoBackend.launch_viewer": {"executed_lines": [], "summary": {"covered_lines": 0, "num_statements": 22, "percent_covered": 0.0, "percent_covered_display": "0.00", "missing_lines": 22, "excluded_lines": 0, "num_branches": 10, "num_partial_branches": 0, "covered_branches": 0, "missing_branches": 10}, "missing_lines": [351, 352, 353, 355, 356, 357, 359, 365, 367, 368, 369, 374, 375, 376, 378, 381, 382, 383, 385, 386, 387, 389], "excluded_lines": [], "executed_branches": [], "missing_branches": [[351, 352], [351, 355], [356, 357], [356, 359], [367, 368], [367, 378], [368, 369], [368, 378], [374, 368], [374, 375]]}, "MuJoCoBackend.configure_viewer_camera": {"executed_lines": [], "summary": {"covered_lines": 0, "num_statements": 15, "percent_covered": 0.0, "percent_covered_display": "0.00", "missing_lines": 15, "excluded_lines": 0, "num_branches": 4, "num_partial_branches": 0, "covered_branches": 0, "missing_branches": 4}, "missing_lines": [408, 409, 410, 412, 413, 414, 415, 416, 417, 419, 420, 426, 427, 428, 430], "excluded_lines": [], "executed_branches": [], "missing_branches": [[408, 409], [408, 412], [416, 417], [416, 419]]}, "MuJoCoBackend.sync_viewer": {"executed_lines": [], "summary": {"covered_lines": 0, "num_statements": 8, "percent_covered": 0.0, "percent_covered_display": "0.00", "missing_lines": 8, "excluded_lines": 0, "num_branches": 2, "num_partial_branches": 0, "covered_branches": 0, "missing_branches": 2}, "missing_lines": [434, 435, 437, 438, 439, 440, 441, 443], "excluded_lines": [], "executed_branches": [], "missing_branches": [[434, 435], [434, 437]]}, "MuJoCoBackend.is_viewer_running": {"executed_lines": [], "summary": {"covered_lines": 0, "num_statements": 6, "percent_covered": 0.0, "percent_covered_display": "0.00", "missing_lines": 6, "excluded_lines": 0, "num_branches": 2, "num_partial_branches": 0, "covered_branches": 0, "missing_branches": 2}, "missing_lines": [447, 448, 450, 451, 452, 453], "excluded_lines": [], "executed_branches": [], "missing_branches": [[447, 448], [447, 450]]}, "MuJoCoBackend.set_emotion": {"executed_lines": [], "summary": {"covered_lines": 0, "num_statements": 30, "percent_covered": 0.0, "percent_covered_display": "0.00", "missing_lines": 30, "excluded_lines": 0, "num_branches": 14, "num_partial_branches": 0, "covered_branches": 0, "missing_branches": 14}, "missing_lines": [457, 458, 459, 462, 463, 467, 478, 481, 484, 489, 490, 491, 492, 493, 494, 497, 498, 499, 500, 501, 502, 504, 505, 506, 507, 508, 509, 512, 514, 519], "excluded_lines": [], "executed_branches": [], "missing_branches": [[457, 458], [457, 462], [462, 463], [462, 467], [489, 490], [489, 497], [491, 492], [491, 493], [493, 489], [493, 494], [497, 498], [497, 504], [504, 505], [504, 512]]}, "MuJoCoBackend.goto_target": {"executed_lines": [], "summary": {"covered_lines": 0, "num_statements": 38, "percent_covered": 0.0, "percent_covered_display": "0.00", "missing_lines": 38, "excluded_lines": 0, "num_branches": 26, "num_partial_branches": 0, "covered_branches": 0, "missing_branches": 26}, "missing_lines": [545, 546, 550, 554, 555, 556, 558, 559, 560, 563, 564, 567, 569, 570, 571, 572, 574, 575, 577, 579, 580, 581, 584, 587, 588, 589, 590, 591, 592, 595, 600, 601, 602, 603, 606, 608, 614, 615], "excluded_lines": [], "executed_branches": [], "missing_branches": [[545, 546], [545, 554], [554, 555], [554, 558], [563, 564], [563, 567], [567, 569], [567, 595], [569, 570], [569, 571], [571, 572], [571, 574], [577, 579], [577, 595], [587, 588], [587, 595], [589, 590], [589, 591], [591, 587], [591, 592], [595, 600], [595, 606], [600, 601], [600, 602], [602, 603], [602, 606]]}, "MuJoCoBackend.get_telemetry": {"executed_lines": [], "summary": {"covered_lines": 0, "num_statements": 5, "percent_covered": 0.0, "percent_covered_display": "0.00", "missing_lines": 5, "excluded_lines": 0, "num_branches": 2, "num_partial_branches": 0, "covered_branches": 0, "missing_branches": 2}, "missing_lines": [619, 620, 622, 623, 625], "excluded_lines": [], "executed_branches": [], "missing_branches": [[619, 620], [619, 622]]}, "": {"executed_lines": [2, 7, 8, 9, 10, 12, 13, 15, 18, 19, 20, 21, 23, 26, 27, 29, 48, 79, 99, 106, 129, 142, 158, 166, 210, 219, 233, 265, 321, 330, 349, 391, 432, 445, 455, 521, 617], "summary": {"covered_lines": 35, "num_statements": 35, "percent_covered": 100.0, "percent_covered_display": "100.00", "missing_lines": 0, "excluded_lines": 0, "num_branches": 0, "num_partial_branches": 0, "covered_branches": 0, "missing_branches": 0}, "missing_lines": [], "excluded_lines": [], "executed_branches": [], "missing_branches": []}}, "classes": {"MuJoCoBackend": {"executed_lines": [39, 40, 41, 42, 43, 44, 45, 46, 50, 51, 55, 56, 59, 60, 61, 62, 64, 65, 67, 68, 69, 77], "summary": {"covered_lines": 22, "num_statements": 281, "percent_covered": 6.265060240963855, "percent_covered_display": "6.27", "missing_lines": 259, "excluded_lines": 0, "num_branches": 134, "num_partial_branches": 2, "covered_branches": 4, "missing_branches": 130}, "missing_lines": [52, 53, 70, 71, 72, 73, 74, 75, 81, 82, 83, 84, 86, 87, 88, 89, 90, 91, 92, 93, 94, 95, 97, 101, 102, 104, 108, 109, 110, 112, 113, 114, 117, 118, 119, 122, 123, 124, 126, 127, 131, 132, 134, 135, 137, 138, 139, 140, 148, 149, 151, 152, 153, 154, 156, 164, 178, 179, 181, 190, 192, 193, 194, 195, 196, 198, 200, 201, 202, 203, 204, 206, 208, 216, 217, 221, 222, 224, 225, 226, 227, 228, 229, 231, 244, 245, 247, 249, 251, 252, 254, 255, 260, 261, 262, 263, 284, 285, 286, 288, 291, 293, 294, 296, 297, 299, 300, 302, 303, 304, 305, 306, 308, 309, 310, 311, 312, 315, 316, 318, 319, 328, 332, 333, 334, 336, 338, 339, 340, 341, 342, 343, 344, 345, 347, 351, 352, 353, 355, 356, 357, 359, 365, 367, 368, 369, 374, 375, 376, 378, 381, 382, 383, 385, 386, 387, 389, 408, 409, 410, 412, 413, 414, 415, 416, 417, 419, 420, 426, 427, 428, 430, 434, 435, 437, 438, 439, 440, 441, 443, 447, 448, 450, 451, 452, 453, 457, 458, 459, 462, 463, 467, 478, 481, 484, 489, 490, 491, 492, 493, 494, 497, 498, 499, 500, 501, 502, 504, 505, 506, 507, 508, 509, 512, 514, 519, 545, 546, 550, 554, 555, 556, 558, 559, 560, 563, 564, 567, 569, 570, 571, 572, 574, 575, 577, 579, 580, 581, 584, 587, 588, 589, 590, 591, 592, 595, 600, 601, 602, 603, 606, 608, 614, 615, 619, 620, 622, 623, 625], "excluded_lines": [], "executed_branches": [[51, 55], [59, 60], [59, 67], [61, 62]], "missing_branches": [[51, 52], [61, 59], [82, 83], [82, 86], [101, 102], [101, 104], [108, 109], [108, 112], [112, 113], [112, 117], [118, 119], [118, 122], [123, 124], [123, 126], [131, 132], [131, 134], [134, 135], [134, 137], [138, 139], [138, 140], [148, 149], [148, 151], [151, 152], [151, 156], [153, 154], [153, 156], [178, 179], [178, 181], [193, 194], [193, 200], [194, 195], [194, 198], [201, 202], [201, 208], [202, 203], [202, 206], [221, 222], [221, 224], [244, 245], [244, 247], [254, 255], [254, 260], [284, 285], [284, 288], [291, 293], [291, 297], [293, 294], [293, 315], [294, 293], [294, 296], [297, 299], [297, 306], [300, 302], [300, 315], [303, 304], [303, 315], [304, 303], [304, 305], [306, 308], [306, 315], [309, 310], [309, 315], [310, 311], [310, 315], [311, 310], [311, 312], [332, 333], [332, 336], [338, 339], [338, 341], [351, 352], [351, 355], [356, 357], [356, 359], [367, 368], [367, 378], [368, 369], [368, 378], [374, 368], [374, 375], [408, 409], [408, 412], [416, 417], [416, 419], [434, 435], [434, 437], [447, 448], [447, 450], [457, 458], [457, 462], [462, 463], [462, 467], [489, 490], [489, 497], [491, 492], [491, 493], [493, 489], [493, 494], [497, 498], [497, 504], [504, 505], [504, 512], [545, 546], [545, 554], [554, 555], [554, 558], [563, 564], [563, 567], [567, 569], [567, 595], [569, 570], [569, 571], [571, 572], [571, 574], [577, 579], [577, 595], [587, 588], [587, 595], [589, 590], [589, 591], [591, 587], [591, 592], [595, 600], [595, 606], [600, 601], [600, 602], [602, 603], [602, 606], [619, 620], [619, 622]]}, "": {"executed_lines": [2, 7, 8, 9, 10, 12, 13, 15, 18, 19, 20, 21, 23, 26, 27, 29, 48, 79, 99, 106, 129, 142, 158, 166, 210, 219, 233, 265, 321, 330, 349, 391, 432, 445, 455, 521, 617], "summary": {"covered_lines": 35, "num_statements": 35, "percent_covered": 100.0, "percent_covered_display": "100.00", "missing_lines": 0, "excluded_lines": 0, "num_branches": 0, "num_partial_branches": 0, "covered_branches": 0, "missing_branches": 0}, "missing_lines": [], "excluded_lines": [], "executed_branches": [], "missing_branches": []}}}, "src/bbia_sim/backends/reachy_backend.py": {"executed_lines": [2, 13, 14, 15, 17, 19, 22, 23, 29, 60, 116, 145, 152, 231, 264, 289, 320, 343, 382], "summary": {"covered_lines": 17, "num_statements": 193, "percent_covered": 6.367041198501872, "percent_covered_display": "6.37", "missing_lines": 176, "excluded_lines": 0, "num_branches": 74, "num_partial_branches": 0, "covered_branches": 0, "missing_branches": 74}, "missing_lines": [30, 31, 32, 33, 34, 35, 36, 39, 50, 69, 71, 72, 74, 81, 88, 89, 90, 91, 93, 94, 95, 96, 97, 98, 100, 102, 103, 104, 105, 106, 108, 109, 111, 112, 113, 114, 118, 119, 122, 123, 125, 126, 127, 129, 130, 131, 133, 135, 136, 137, 139, 140, 141, 142, 143, 147, 148, 150, 154, 155, 156, 158, 159, 160, 163, 164, 165, 168, 169, 172, 174, 176, 182, 186, 189, 191, 192, 193, 194, 195, 200, 206, 207, 212, 213, 214, 219, 220, 223, 224, 229, 233, 234, 236, 237, 240, 241, 242, 243, 246, 248, 249, 251, 252, 253, 254, 257, 258, 259, 262, 266, 267, 269, 271, 272, 275, 277, 278, 279, 282, 283, 284, 285, 286, 287, 291, 292, 293, 295, 297, 298, 300, 301, 302, 303, 305, 306, 307, 308, 310, 311, 312, 313, 314, 315, 316, 317, 318, 322, 323, 325, 326, 328, 349, 350, 351, 354, 355, 357, 359, 360, 362, 363, 364, 366, 367, 369, 370, 372, 373, 374, 375, 376, 379, 380, 384], "excluded_lines": [], "executed_branches": [], "missing_branches": [[122, 123], [122, 135], [125, 126], [125, 127], [127, 129], [127, 133], [147, 148], [147, 150], [154, 155], [154, 158], [158, 159], [158, 163], [164, 165], [164, 168], [168, 169], [168, 223], [172, 174], [172, 186], [174, 176], [174, 182], [186, 189], [186, 206], [189, 191], [189, 200], [193, 194], [193, 206], [233, 234], [233, 236], [236, 237], [236, 240], [240, 241], [240, 262], [242, 243], [242, 262], [246, 248], [246, 251], [248, 249], [248, 262], [251, 252], [251, 262], [253, 254], [253, 262], [266, 267], [266, 269], [271, 272], [271, 282], [275, 277], [275, 282], [291, 292], [291, 295], [297, 298], [297, 310], [300, 301], [300, 302], [302, 303], [302, 305], [305, 306], [305, 310], [322, 323], [322, 325], [349, 350], [349, 354], [354, 355], [354, 379], [357, 359], [357, 360], [360, 362], [360, 364], [362, 363], [362, 372], [364, 366], [364, 369], [366, 367], [366, 372]], "functions": {"ReachyBackend.__init__": {"executed_lines": [], "summary": {"covered_lines": 0, "num_statements": 9, "percent_covered": 0.0, "percent_covered_display": "0.00", "missing_lines": 9, "excluded_lines": 0, "num_branches": 0, "num_partial_branches": 0, "covered_branches": 0, "missing_branches": 0}, "missing_lines": [30, 31, 32, 33, 34, 35, 36, 39, 50], "excluded_lines": [], "executed_branches": [], "missing_branches": []}, "ReachyBackend.connect": {"executed_lines": [], "summary": {"covered_lines": 0, "num_statements": 27, "percent_covered": 0.0, "percent_covered_display": "0.00", "missing_lines": 27, "excluded_lines": 0, "num_branches": 0, "num_partial_branches": 0, "covered_branches": 0, "missing_branches": 0}, "missing_lines": [69, 71, 72, 74, 81, 88, 89, 90, 91, 93, 94, 95, 96, 97, 98, 100, 102, 103, 104, 105, 106, 108, 109, 111, 112, 113, 114], "excluded_lines": [], "executed_branches": [], "missing_branches": []}, "ReachyBackend.disconnect": {"executed_lines": [], "summary": {"covered_lines": 0, "num_statements": 19, "percent_covered": 0.0, "percent_covered_display": "0.00", "missing_lines": 19, "excluded_lines": 0, "num_branches": 6, "num_partial_branches": 0, "covered_branches": 0, "missing_branches": 6}, "missing_lines": [118, 119, 122, 123, 125, 126, 127, 129, 130, 131, 133, 135, 136, 137, 139, 140, 141, 142, 143], "excluded_lines": [], "executed_branches": [], "missing_branches": [[122, 123], [122, 135], [125, 126], [125, 127], [127, 129], [127, 133]]}, "ReachyBackend.get_available_joints": {"executed_lines": [], "summary": {"covered_lines": 0, "num_statements": 3, "percent_covered": 0.0, "percent_covered_display": "0.00", "missing_lines": 3, "excluded_lines": 0, "num_branches": 2, "num_partial_branches": 0, "covered_branches": 0, "missing_branches": 2}, "missing_lines": [147, 148, 150], "excluded_lines": [], "executed_branches": [], "missing_branches": [[147, 148], [147, 150]]}, "ReachyBackend.set_joint_pos": {"executed_lines": [], "summary": {"covered_lines": 0, "num_statements": 33, "percent_covered": 0.0, "percent_covered_display": "0.00", "missing_lines": 33, "excluded_lines": 0, "num_branches": 18, "num_partial_branches": 0, "covered_branches": 0, "missing_branches": 18}, "missing_lines": [154, 155, 156, 158, 159, 160, 163, 164, 165, 168, 169, 172, 174, 176, 182, 186, 189, 191, 192, 193, 194, 195, 200, 206, 207, 212, 213, 214, 219, 220, 223, 224, 229], "excluded_lines": [], "executed_branches": [], "missing_branches": [[154, 155], [154, 158], [158, 159], [158, 163], [164, 165], [164, 168], [168, 169], [168, 223], [172, 174], [172, 186], [174, 176], [174, 182], [186, 189], [186, 206], [189, 191], [189, 200], [193, 194], [193, 206]]}, "ReachyBackend.get_joint_pos": {"executed_lines": [], "summary": {"covered_lines": 0, "num_statements": 19, "percent_covered": 0.0, "percent_covered_display": "0.00", "missing_lines": 19, "excluded_lines": 0, "num_branches": 16, "num_partial_branches": 0, "covered_branches": 0, "missing_branches": 16}, "missing_lines": [233, 234, 236, 237, 240, 241, 242, 243, 246, 248, 249, 251, 252, 253, 254, 257, 258, 259, 262], "excluded_lines": [], "executed_branches": [], "missing_branches": [[233, 234], [233, 236], [236, 237], [236, 240], [240, 241], [240, 262], [242, 243], [242, 262], [246, 248], [246, 251], [248, 249], [248, 262], [251, 252], [251, 262], [253, 254], [253, 262]]}, "ReachyBackend.step": {"executed_lines": [], "summary": {"covered_lines": 0, "num_statements": 15, "percent_covered": 0.0, "percent_covered_display": "0.00", "missing_lines": 15, "excluded_lines": 0, "num_branches": 6, "num_partial_branches": 0, "covered_branches": 0, "missing_branches": 6}, "missing_lines": [266, 267, 269, 271, 272, 275, 277, 278, 279, 282, 283, 284, 285, 286, 287], "excluded_lines": [], "executed_branches": [], "missing_branches": [[266, 267], [266, 269], [271, 272], [271, 282], [275, 277], [275, 282]]}, "ReachyBackend.emergency_stop": {"executed_lines": [], "summary": {"covered_lines": 0, "num_statements": 23, "percent_covered": 0.0, "percent_covered_display": "0.00", "missing_lines": 23, "excluded_lines": 0, "num_branches": 10, "num_partial_branches": 0, "covered_branches": 0, "missing_branches": 10}, "missing_lines": [291, 292, 293, 295, 297, 298, 300, 301, 302, 303, 305, 306, 307, 308, 310, 311, 312, 313, 314, 315, 316, 317, 318], "excluded_lines": [], "executed_branches": [], "missing_branches": [[291, 292], [291, 295], [297, 298], [297, 310], [300, 301], [300, 302], [302, 303], [302, 305], [305, 306], [305, 310]]}, "ReachyBackend.get_telemetry": {"executed_lines": [], "summary": {"covered_lines": 0, "num_statements": 5, "percent_covered": 0.0, "percent_covered_display": "0.00", "missing_lines": 5, "excluded_lines": 0, "num_branches": 2, "num_partial_branches": 0, "covered_branches": 0, "missing_branches": 2}, "missing_lines": [322, 323, 325, 326, 328], "excluded_lines": [], "executed_branches": [], "missing_branches": [[322, 323], [322, 325]]}, "ReachyBackend.send_command": {"executed_lines": [], "summary": {"covered_lines": 0, "num_statements": 22, "percent_covered": 0.0, "percent_covered_display": "0.00", "missing_lines": 22, "excluded_lines": 0, "num_branches": 14, "num_partial_branches": 0, "covered_branches": 0, "missing_branches": 14}, "missing_lines": [349, 350, 351, 354, 355, 357, 359, 360, 362, 363, 364, 366, 367, 369, 370, 372, 373, 374, 375, 376, 379, 380], "excluded_lines": [], "executed_branches": [], "missing_branches": [[349, 350], [349, 354], [354, 355], [354, 379], [357, 359], [357, 360], [360, 362], [360, 364], [362, 363], [362, 372], [364, 366], [364, 369], [366, 367], [366, 372]]}, "ReachyBackend.get_robot_status": {"executed_lines": [], "summary": {"covered_lines": 0, "num_statements": 1, "percent_covered": 0.0, "percent_covered_display": "0.00", "missing_lines": 1, "excluded_lines": 0, "num_branches": 0, "num_partial_branches": 0, "covered_branches": 0, "missing_branches": 0}, "missing_lines": [384], "excluded_lines": [], "executed_branches": [], "missing_branches": []}, "": {"executed_lines": [2, 13, 14, 15, 17, 19, 22, 23, 29, 60, 116, 145, 152, 231, 264, 289, 320, 343, 382], "summary": {"covered_lines": 17, "num_statements": 17, "percent_covered": 100.0, "percent_covered_display": "100.00", "missing_lines": 0, "excluded_lines": 0, "num_branches": 0, "num_partial_branches": 0, "covered_branches": 0, "missing_branches": 0}, "missing_lines": [], "excluded_lines": [], "executed_branches": [], "missing_branches": []}}, "classes": {"ReachyBackend": {"executed_lines": [], "summary": {"covered_lines": 0, "num_statements": 176, "percent_covered": 0.0, "percent_covered_display": "0.00", "missing_lines": 176, "excluded_lines": 0, "num_branches": 74, "num_partial_branches": 0, "covered_branches": 0, "missing_branches": 74}, "missing_lines": [30, 31, 32, 33, 34, 35, 36, 39, 50, 69, 71, 72, 74, 81, 88, 89, 90, 91, 93, 94, 95, 96, 97, 98, 100, 102, 103, 104, 105, 106, 108, 109, 111, 112, 113, 114, 118, 119, 122, 123, 125, 126, 127, 129, 130, 131, 133, 135, 136, 137, 139, 140, 141, 142, 143, 147, 148, 150, 154, 155, 156, 158, 159, 160, 163, 164, 165, 168, 169, 172, 174, 176, 182, 186, 189, 191, 192, 193, 194, 195, 200, 206, 207, 212, 213, 214, 219, 220, 223, 224, 229, 233, 234, 236, 237, 240, 241, 242, 243, 246, 248, 249, 251, 252, 253, 254, 257, 258, 259, 262, 266, 267, 269, 271, 272, 275, 277, 278, 279, 282, 283, 284, 285, 286, 287, 291, 292, 293, 295, 297, 298, 300, 301, 302, 303, 305, 306, 307, 308, 310, 311, 312, 313, 314, 315, 316, 317, 318, 322, 323, 325, 326, 328, 349, 350, 351, 354, 355, 357, 359, 360, 362, 363, 364, 366, 367, 369, 370, 372, 373, 374, 375, 376, 379, 380, 384], "excluded_lines": [], "executed_branches": [], "missing_branches": [[122, 123], [122, 135], [125, 126], [125, 127], [127, 129], [127, 133], [147, 148], [147, 150], [154, 155], [154, 158], [158, 159], [158, 163], [164, 165], [164, 168], [168, 169], [168, 223], [172, 174], [172, 186], [174, 176], [174, 182], [186, 189], [186, 206], [189, 191], [189, 200], [193, 194], [193, 206], [233, 234], [233, 236], [236, 237], [236, 240], [240, 241], [240, 262], [242, 243], [242, 262], [246, 248], [246, 251], [248, 249], [248, 262], [251, 252], [251, 262], [253, 254], [253, 262], [266, 267], [266, 269], [271, 272], [271, 282], [275, 277], [275, 282], [291, 292], [291, 295], [297, 298], [297, 310], [300, 301], [300, 302], [302, 303], [302, 305], [305, 306], [305, 310], [322, 323], [322, 325], [349, 350], [349, 354], [354, 355], [354, 379], [357, 359], [357, 360], [360, 362], [360, 364], [362, 363], [362, 372], [364, 366], [364, 369], [366, 367], [366, 372]]}, "": {"executed_lines": [2, 13, 14, 15, 17, 19, 22, 23, 29, 60, 116, 145, 152, 231, 264, 289, 320, 343, 382], "summary": {"covered_lines": 17, "num_statements": 17, "percent_covered": 100.0, "percent_covered_display": "100.00", "missing_lines": 0, "excluded_lines": 0, "num_branches": 0, "num_partial_branches": 0, "covered_branches": 0, "missing_branches": 0}, "missing_lines": [], "excluded_lines": [], "executed_branches": [], "missing_branches": []}}}, "src/bbia_sim/backends/reachy_mini_backend.py": {"executed_lines": [2, 6, 7, 8, 9, 10, 11, 13, 14, 16, 18, 19, 20, 22, 28, 31, 34, 35, 36, 37, 40, 42, 52, 54, 64, 69, 70, 117, 132, 152, 153, 155, 224, 229, 238, 252, 294, 315, 335, 360, 378, 451, 459, 469, 499, 512, 570, 596, 603, 621, 663, 670, 685, 706, 751, 819, 854, 950, 955, 1033, 1052, 1080, 1095, 1108, 1128, 1170, 1283, 1311, 1322, 1353, 1364, 1377, 1388, 1404, 1417, 1440, 1478, 1505, 1506, 1527, 1528, 1551, 1605, 1621, 1648, 1661, 1762, 1773], "summary": {"covered_lines": 85, "num_statements": 803, "percent_covered": 8.341416100872939, "percent_covered_display": "8.34", "missing_lines": 718, "excluded_lines": 7, "num_branches": 228, "num_partial_branches": 1, "covered_branches": 1, "missing_branches": 227}, "missing_lines": [23, 24, 25, 26, 29, 88, 90, 92, 94, 101, 102, 111, 112, 177, 178, 179, 180, 181, 182, 183, 184, 185, 186, 187, 190, 191, 192, 193, 195, 198, 201, 202, 203, 209, 213, 219, 221, 226, 227, 236, 245, 246, 247, 248, 249, 250, 259, 260, 269, 270, 271, 272, 273, 274, 275, 276, 285, 286, 290, 291, 292, 296, 297, 298, 299, 300, 303, 304, 305, 306, 309, 310, 313, 318, 319, 320, 321, 322, 323, 324, 325, 326, 327, 328, 329, 330, 331, 332, 333, 337, 339, 340, 341, 348, 350, 352, 357, 358, 362, 363, 365, 367, 368, 369, 370, 371, 372, 373, 375, 376, 384, 385, 387, 388, 389, 392, 393, 395, 399, 400, 401, 402, 408, 409, 410, 413, 416, 419, 420, 425, 426, 427, 429, 436, 438, 439, 440, 442, 445, 447, 449, 465, 466, 467, 472, 473, 474, 475, 476, 477, 478, 481, 482, 488, 489, 490, 493, 497, 505, 506, 518, 520, 521, 526, 529, 530, 531, 532, 537, 538, 541, 542, 543, 544, 545, 546, 551, 552, 553, 558, 561, 568, 572, 573, 575, 577, 580, 581, 582, 583, 584, 585, 586, 587, 589, 590, 591, 592, 593, 594, 598, 599, 600, 601, 607, 608, 618, 619, 624, 625, 627, 628, 637, 640, 641, 644, 645, 646, 647, 648, 657, 661, 665, 666, 667, 668, 672, 673, 674, 675, 676, 677, 678, 681, 682, 683, 687, 688, 695, 698, 704, 709, 710, 713, 714, 717, 718, 719, 722, 725, 726, 727, 728, 729, 730, 735, 737, 743, 744, 745, 746, 747, 748, 749, 754, 757, 758, 759, 762, 763, 767, 770, 772, 773, 774, 779, 782, 791, 793, 794, 795, 796, 798, 800, 802, 807, 808, 809, 810, 812, 813, 814, 815, 816, 817, 828, 830, 837, 839, 842, 849, 850, 851, 852, 874, 875, 876, 877, 879, 881, 882, 884, 886, 887, 888, 889, 890, 896, 902, 910, 912, 913, 914, 928, 929, 930, 931, 933, 942, 943, 944, 945, 946, 947, 948, 952, 953, 961, 962, 963, 967, 968, 969, 971, 974, 980, 981, 982, 984, 989, 992, 993, 994, 996, 997, 1005, 1007, 1020, 1021, 1023, 1024, 1025, 1026, 1027, 1028, 1029, 1035, 1036, 1038, 1039, 1040, 1045, 1046, 1047, 1048, 1049, 1050, 1058, 1059, 1061, 1063, 1064, 1068, 1072, 1073, 1074, 1075, 1076, 1077, 1078, 1082, 1083, 1085, 1086, 1087, 1088, 1089, 1090, 1091, 1092, 1093, 1097, 1098, 1099, 1101, 1102, 1103, 1104, 1105, 1106, 1110, 1111, 1112, 1114, 1115, 1116, 1124, 1125, 1126, 1136, 1137, 1138, 1140, 1141, 1143, 1144, 1146, 1147, 1149, 1150, 1151, 1152, 1153, 1155, 1156, 1164, 1165, 1166, 1167, 1168, 1192, 1193, 1194, 1198, 1202, 1203, 1204, 1206, 1217, 1218, 1219, 1224, 1227, 1238, 1239, 1240, 1241, 1244, 1245, 1246, 1253, 1257, 1259, 1264, 1266, 1270, 1277, 1279, 1280, 1281, 1288, 1289, 1290, 1292, 1293, 1295, 1296, 1298, 1299, 1302, 1305, 1308, 1309, 1313, 1314, 1315, 1317, 1318, 1319, 1320, 1328, 1329, 1330, 1332, 1334, 1337, 1338, 1339, 1340, 1343, 1344, 1345, 1346, 1347, 1348, 1350, 1351, 1355, 1356, 1357, 1359, 1360, 1361, 1362, 1366, 1367, 1368, 1370, 1371, 1372, 1373, 1379, 1380, 1381, 1383, 1384, 1385, 1386, 1395, 1396, 1397, 1399, 1400, 1401, 1402, 1406, 1407, 1408, 1410, 1411, 1412, 1413, 1414, 1415, 1419, 1420, 1421, 1423, 1424, 1425, 1426, 1434, 1435, 1436, 1437, 1438, 1458, 1459, 1460, 1462, 1465, 1466, 1474, 1475, 1476, 1485, 1486, 1487, 1489, 1490, 1491, 1499, 1500, 1501, 1517, 1518, 1521, 1523, 1524, 1525, 1539, 1540, 1543, 1545, 1546, 1547, 1557, 1558, 1561, 1562, 1567, 1568, 1570, 1571, 1573, 1575, 1576, 1577, 1578, 1581, 1582, 1583, 1585, 1586, 1589, 1590, 1591, 1592, 1596, 1597, 1599, 1601, 1602, 1603, 1609, 1611, 1614, 1615, 1617, 1623, 1624, 1629, 1630, 1631, 1632, 1633, 1634, 1642, 1643, 1644, 1645, 1646, 1650, 1651, 1652, 1654, 1655, 1656, 1657, 1658, 1659, 1675, 1676, 1678, 1681, 1682, 1683, 1684, 1686, 1687, 1690, 1692, 1693, 1694, 1695, 1698, 1699, 1700, 1701, 1702, 1703, 1704, 1705, 1708, 1709, 1710, 1711, 1713, 1715, 1716, 1719, 1720, 1721, 1722, 1723, 1724, 1728, 1729, 1730, 1733, 1735, 1736, 1737, 1738, 1740, 1741, 1742, 1743, 1744, 1745, 1746, 1747, 1748, 1749, 1750, 1751, 1752, 1753, 1754, 1755, 1756, 1757, 1758, 1760, 1764, 1765, 1766, 1768, 1769, 1770, 1771, 1775, 1776, 1777, 1779, 1780, 1781, 1782], "excluded_lines": [451, 452, 453, 454, 455, 456, 457], "executed_branches": [[28, 31]], "missing_branches": [[28, 29], [88, 90], [88, 92], [249, -238], [249, 250], [272, 273], [272, 274], [296, 297], [296, 303], [298, 299], [298, 300], [303, 304], [303, 309], [309, 310], [309, 313], [325, 326], [325, 331], [339, 340], [339, 348], [362, 363], [362, 365], [368, 369], [368, 375], [370, 371], [370, 375], [372, 373], [372, 375], [387, 388], [387, 447], [392, 393], [392, 416], [393, 395], [393, 413], [419, 420], [419, 445], [465, 466], [465, 467], [473, 474], [473, 481], [475, 476], [475, 481], [482, 488], [482, 493], [520, 521], [520, 529], [529, 530], [529, 541], [531, 532], [531, 538], [541, 542], [541, 561], [543, 544], [543, 553], [545, 546], [545, 552], [572, 573], [572, 575], [580, 581], [580, 582], [582, 583], [582, 584], [584, 585], [584, 586], [598, 599], [598, 601], [607, 608], [607, 619], [624, 625], [624, 657], [627, 628], [627, 640], [644, 645], [644, 661], [647, 648], [647, 661], [665, 666], [665, 668], [672, 673], [672, 681], [675, 676], [675, 683], [687, 688], [687, 698], [709, 710], [709, 713], [713, 714], [713, 717], [717, 718], [717, 722], [726, 727], [726, 728], [728, 729], [728, 730], [730, 735], [730, 737], [757, 758], [757, 762], [762, 763], [762, 770], [770, 772], [770, 782], [791, 793], [791, 798], [828, 830], [828, 839], [875, 876], [875, 879], [879, 881], [879, 884], [886, 887], [886, 888], [888, 889], [888, 890], [890, 896], [890, 942], [910, 912], [910, 928], [968, 969], [968, 980], [981, 982], [981, 1007], [984, 989], [984, 1007], [992, 993], [992, 994], [994, 996], [994, 1007], [1020, 1021], [1020, 1023], [1035, 1036], [1035, 1038], [1058, 1059], [1058, 1061], [1063, 1064], [1063, 1068], [1082, 1083], [1082, 1085], [1097, 1098], [1097, 1101], [1110, 1111], [1110, 1114], [1136, 1137], [1136, 1140], [1143, 1144], [1143, 1146], [1146, 1147], [1146, 1155], [1150, 1151], [1150, 1155], [1193, 1194], [1193, 1202], [1202, 1203], [1202, 1206], [1217, 1218], [1217, 1259], [1238, 1239], [1238, 1240], [1240, 1241], [1240, 1244], [1264, 1266], [1264, 1270], [1288, 1289], [1288, 1292], [1295, -1283], [1295, 1296], [1313, 1314], [1313, 1317], [1328, 1329], [1328, 1332], [1337, 1338], [1337, 1343], [1355, 1356], [1355, 1359], [1366, 1367], [1366, 1370], [1379, 1380], [1379, 1383], [1395, 1396], [1395, 1399], [1406, 1407], [1406, 1410], [1419, 1420], [1419, 1423], [1458, 1459], [1458, 1462], [1485, 1486], [1485, 1489], [1517, 1518], [1517, 1521], [1523, 1524], [1523, 1525], [1539, 1540], [1539, 1543], [1545, 1546], [1545, 1547], [1575, 1576], [1575, 1577], [1577, 1578], [1577, 1581], [1582, 1583], [1582, 1585], [1590, 1591], [1590, 1597], [1591, 1592], [1591, 1596], [1623, 1624], [1623, 1629], [1631, 1632], [1631, 1633], [1650, 1651], [1650, 1654], [1675, 1676], [1675, 1715], [1682, 1683], [1682, 1686], [1719, 1720], [1719, 1733], [1720, 1721], [1720, 1722], [1724, 1728], [1724, 1760], [1736, 1737], [1736, 1740], [1764, 1765], [1764, 1768], [1775, 1776], [1775, 1779]], "functions": {"_create_cached_head_pose": {"executed_lines": [], "summary": {"covered_lines": 0, "num_statements": 8, "percent_covered": 0.0, "percent_covered_display": "0.00", "missing_lines": 8, "excluded_lines": 0, "num_branches": 2, "num_partial_branches": 0, "covered_branches": 0, "missing_branches": 2}, "missing_lines": [88, 90, 92, 94, 101, 102, 111, 112], "excluded_lines": [], "executed_branches": [], "missing_branches": [[88, 90], [88, 92]]}, "ReachyMiniBackend.__init__": {"executed_lines": [], "summary": {"covered_lines": 0, "num_statements": 24, "percent_covered": 0.0, "percent_covered_display": "0.00", "missing_lines": 24, "excluded_lines": 0, "num_branches": 0, "num_partial_branches": 0, "covered_branches": 0, "missing_branches": 0}, "missing_lines": [177, 178, 179, 180, 181, 182, 183, 184, 185, 186, 187, 190, 191, 192, 193, 195, 198, 201, 202, 203, 209, 213, 219, 221], "excluded_lines": [], "executed_branches": [], "missing_branches": []}, "ReachyMiniBackend.__enter__": {"executed_lines": [], "summary": {"covered_lines": 0, "num_statements": 2, "percent_covered": 0.0, "percent_covered_display": "0.00", "missing_lines": 2, "excluded_lines": 0, "num_branches": 0, "num_partial_branches": 0, "covered_branches": 0, "missing_branches": 0}, "missing_lines": [226, 227], "excluded_lines": [], "executed_branches": [], "missing_branches": []}, "ReachyMiniBackend.__exit__": {"executed_lines": [], "summary": {"covered_lines": 0, "num_statements": 1, "percent_covered": 0.0, "percent_covered_display": "0.00", "missing_lines": 1, "excluded_lines": 0, "num_branches": 0, "num_partial_branches": 0, "covered_branches": 0, "missing_branches": 0}, "missing_lines": [236], "excluded_lines": [], "executed_branches": [], "missing_branches": []}, "ReachyMiniBackend._activate_simulation_mode": {"executed_lines": [], "summary": {"covered_lines": 0, "num_statements": 6, "percent_covered": 0.0, "percent_covered_display": "0.00", "missing_lines": 6, "excluded_lines": 0, "num_branches": 2, "num_partial_branches": 0, "covered_branches": 0, "missing_branches": 2}, "missing_lines": [245, 246, 247, 248, 249, 250], "excluded_lines": [], "executed_branches": [], "missing_branches": [[249, -238], [249, 250]]}, "ReachyMiniBackend._try_connect_robot": {"executed_lines": [], "summary": {"covered_lines": 0, "num_statements": 15, "percent_covered": 0.0, "percent_covered_display": "0.00", "missing_lines": 15, "excluded_lines": 0, "num_branches": 2, "num_partial_branches": 0, "covered_branches": 0, "missing_branches": 2}, "missing_lines": [259, 260, 269, 270, 271, 272, 273, 274, 275, 276, 285, 286, 290, 291, 292], "excluded_lines": [], "executed_branches": [], "missing_branches": [[272, 273], [272, 274]]}, "ReachyMiniBackend.connect": {"executed_lines": [], "summary": {"covered_lines": 0, "num_statements": 12, "percent_covered": 0.0, "percent_covered_display": "0.00", "missing_lines": 12, "excluded_lines": 0, "num_branches": 8, "num_partial_branches": 0, "covered_branches": 0, "missing_branches": 8}, "missing_lines": [296, 297, 298, 299, 300, 303, 304, 305, 306, 309, 310, 313], "excluded_lines": [], "executed_branches": [], "missing_branches": [[296, 297], [296, 303], [298, 299], [298, 300], [303, 304], [303, 309], [309, 310], [309, 313]]}, "ReachyMiniBackend.disconnect": {"executed_lines": [], "summary": {"covered_lines": 0, "num_statements": 16, "percent_covered": 0.0, "percent_covered_display": "0.00", "missing_lines": 16, "excluded_lines": 0, "num_branches": 2, "num_partial_branches": 0, "covered_branches": 0, "missing_branches": 2}, "missing_lines": [318, 319, 320, 321, 322, 323, 324, 325, 326, 327, 328, 329, 330, 331, 332, 333], "excluded_lines": [], "executed_branches": [], "missing_branches": [[325, 326], [325, 331]]}, "ReachyMiniBackend._start_watchdog": {"executed_lines": [], "summary": {"covered_lines": 0, "num_statements": 9, "percent_covered": 0.0, "percent_covered_display": "0.00", "missing_lines": 9, "excluded_lines": 0, "num_branches": 2, "num_partial_branches": 0, "covered_branches": 0, "missing_branches": 2}, "missing_lines": [337, 339, 340, 341, 348, 350, 352, 357, 358], "excluded_lines": [], "executed_branches": [], "missing_branches": [[339, 340], [339, 348]]}, "ReachyMiniBackend._stop_watchdog": {"executed_lines": [], "summary": {"covered_lines": 0, "num_statements": 12, "percent_covered": 0.0, "percent_covered_display": "0.00", "missing_lines": 12, "excluded_lines": 0, "num_branches": 8, "num_partial_branches": 0, "covered_branches": 0, "missing_branches": 8}, "missing_lines": [362, 363, 365, 367, 368, 369, 370, 371, 372, 373, 375, 376], "excluded_lines": [], "executed_branches": [], "missing_branches": [[362, 363], [362, 365], [368, 369], [368, 375], [370, 371], [370, 375], [372, 373], [372, 375]]}, "ReachyMiniBackend._watchdog_monitor": {"executed_lines": [], "summary": {"covered_lines": 0, "num_statements": 31, "percent_covered": 0.0, "percent_covered_display": "0.00", "missing_lines": 31, "excluded_lines": 0, "num_branches": 8, "num_partial_branches": 0, "covered_branches": 0, "missing_branches": 8}, "missing_lines": [384, 385, 387, 388, 389, 392, 393, 395, 399, 400, 401, 402, 408, 409, 410, 413, 416, 419, 420, 425, 426, 427, 429, 436, 438, 439, 440, 442, 445, 447, 449], "excluded_lines": [], "executed_branches": [], "missing_branches": [[387, 388], [387, 447], [392, 393], [392, 416], [393, 395], [393, 413], [419, 420], [419, 445]]}, "ReachyMiniBackend.__del__": {"executed_lines": [], "summary": {"covered_lines": 0, "num_statements": 0, "percent_covered": 100.0, "percent_covered_display": "100.00", "missing_lines": 0, "excluded_lines": 6, "num_branches": 0, "num_partial_branches": 0, "covered_branches": 0, "missing_branches": 0}, "missing_lines": [], "excluded_lines": [452, 453, 454, 455, 456, 457], "executed_branches": [], "missing_branches": []}, "ReachyMiniBackend.get_available_joints": {"executed_lines": [], "summary": {"covered_lines": 0, "num_statements": 3, "percent_covered": 0.0, "percent_covered_display": "0.00", "missing_lines": 3, "excluded_lines": 0, "num_branches": 2, "num_partial_branches": 0, "covered_branches": 0, "missing_branches": 2}, "missing_lines": [465, 466, 467], "excluded_lines": [], "executed_branches": [], "missing_branches": [[465, 466], [465, 467]]}, "ReachyMiniBackend._get_yaw_body_position": {"executed_lines": [], "summary": {"covered_lines": 0, "num_statements": 14, "percent_covered": 0.0, "percent_covered_display": "0.00", "missing_lines": 14, "excluded_lines": 0, "num_branches": 6, "num_partial_branches": 0, "covered_branches": 0, "missing_branches": 6}, "missing_lines": [472, 473, 474, 475, 476, 477, 478, 481, 482, 488, 489, 490, 493, 497], "excluded_lines": [], "executed_branches": [], "missing_branches": [[473, 474], [473, 481], [475, 476], [475, 481], [482, 488], [482, 493]]}, "ReachyMiniBackend._get_antenna_position": {"executed_lines": [], "summary": {"covered_lines": 0, "num_statements": 2, "percent_covered": 0.0, "percent_covered_display": "0.00", "missing_lines": 2, "excluded_lines": 0, "num_branches": 0, "num_partial_branches": 0, "covered_branches": 0, "missing_branches": 0}, "missing_lines": [505, 506], "excluded_lines": [], "executed_branches": [], "missing_branches": []}, "ReachyMiniBackend._get_stewart_joint_position": {"executed_lines": [], "summary": {"covered_lines": 0, "num_statements": 22, "percent_covered": 0.0, "percent_covered_display": "0.00", "missing_lines": 22, "excluded_lines": 0, "num_branches": 12, "num_partial_branches": 0, "covered_branches": 0, "missing_branches": 12}, "missing_lines": [518, 520, 521, 526, 529, 530, 531, 532, 537, 538, 541, 542, 543, 544, 545, 546, 551, 552, 553, 558, 561, 568], "excluded_lines": [], "executed_branches": [], "missing_branches": [[520, 521], [520, 529], [529, 530], [529, 541], [531, 532], [531, 538], [541, 542], [541, 561], [543, 544], [543, 553], [545, 546], [545, 552]]}, "ReachyMiniBackend.get_joint_pos": {"executed_lines": [], "summary": {"covered_lines": 0, "num_statements": 18, "percent_covered": 0.0, "percent_covered_display": "0.00", "missing_lines": 18, "excluded_lines": 0, "num_branches": 8, "num_partial_branches": 0, "covered_branches": 0, "missing_branches": 8}, "missing_lines": [572, 573, 575, 577, 580, 581, 582, 583, 584, 585, 586, 587, 589, 590, 591, 592, 593, 594], "excluded_lines": [], "executed_branches": [], "missing_branches": [[572, 573], [572, 575], [580, 581], [580, 582], [582, 583], [582, 584], [584, 585], [584, 586]]}, "ReachyMiniBackend._validate_joint_name": {"executed_lines": [], "summary": {"covered_lines": 0, "num_statements": 4, "percent_covered": 0.0, "percent_covered_display": "0.00", "missing_lines": 4, "excluded_lines": 0, "num_branches": 2, "num_partial_branches": 0, "covered_branches": 0, "missing_branches": 2}, "missing_lines": [598, 599, 600, 601], "excluded_lines": [], "executed_branches": [], "missing_branches": [[598, 599], [598, 601]]}, "ReachyMiniBackend._validate_stewart_joint": {"executed_lines": [], "summary": {"covered_lines": 0, "num_statements": 4, "percent_covered": 0.0, "percent_covered_display": "0.00", "missing_lines": 4, "excluded_lines": 0, "num_branches": 2, "num_partial_branches": 0, "covered_branches": 0, "missing_branches": 2}, "missing_lines": [607, 608, 618, 619], "excluded_lines": [], "executed_branches": [], "missing_branches": [[607, 608], [607, 619]]}, "ReachyMiniBackend._clamp_joint_position": {"executed_lines": [], "summary": {"covered_lines": 0, "num_statements": 14, "percent_covered": 0.0, "percent_covered_display": "0.00", "missing_lines": 14, "excluded_lines": 0, "num_branches": 8, "num_partial_branches": 0, "covered_branches": 0, "missing_branches": 8}, "missing_lines": [624, 625, 627, 628, 637, 640, 641, 644, 645, 646, 647, 648, 657, 661], "excluded_lines": [], "executed_branches": [], "missing_branches": [[624, 625], [624, 657], [627, 628], [627, 640], [644, 645], [644, 661], [647, 648], [647, 661]]}, "ReachyMiniBackend._set_yaw_body": {"executed_lines": [], "summary": {"covered_lines": 0, "num_statements": 4, "percent_covered": 0.0, "percent_covered_display": "0.00", "missing_lines": 4, "excluded_lines": 0, "num_branches": 2, "num_partial_branches": 0, "covered_branches": 0, "missing_branches": 2}, "missing_lines": [665, 666, 667, 668], "excluded_lines": [], "executed_branches": [], "missing_branches": [[665, 666], [665, 668]]}, "ReachyMiniBackend._set_antenna_joint": {"executed_lines": [], "summary": {"covered_lines": 0, "num_statements": 10, "percent_covered": 0.0, "percent_covered_display": "0.00", "missing_lines": 10, "excluded_lines": 0, "num_branches": 4, "num_partial_branches": 0, "covered_branches": 0, "missing_branches": 4}, "missing_lines": [672, 673, 674, 675, 676, 677, 678, 681, 682, 683], "excluded_lines": [], "executed_branches": [], "missing_branches": [[672, 673], [672, 681], [675, 676], [675, 683]]}, "ReachyMiniBackend._set_stewart_joint": {"executed_lines": [], "summary": {"covered_lines": 0, "num_statements": 5, "percent_covered": 0.0, "percent_covered_display": "0.00", "missing_lines": 5, "excluded_lines": 0, "num_branches": 2, "num_partial_branches": 0, "covered_branches": 0, "missing_branches": 2}, "missing_lines": [687, 688, 695, 698, 704], "excluded_lines": [], "executed_branches": [], "missing_branches": [[687, 688], [687, 698]]}, "ReachyMiniBackend.set_joint_pos": {"executed_lines": [], "summary": {"covered_lines": 0, "num_statements": 23, "percent_covered": 0.0, "percent_covered_display": "0.00", "missing_lines": 23, "excluded_lines": 0, "num_branches": 12, "num_partial_branches": 0, "covered_branches": 0, "missing_branches": 12}, "missing_lines": [709, 710, 713, 714, 717, 718, 719, 722, 725, 726, 727, 728, 729, 730, 735, 737, 743, 744, 745, 746, 747, 748, 749], "excluded_lines": [], "executed_branches": [], "missing_branches": [[709, 710], [709, 713], [713, 714], [713, 717], [717, 718], [717, 722], [726, 727], [726, 728], [728, 729], [728, 730], [730, 735], [730, 737]]}, "ReachyMiniBackend.set_emotion": {"executed_lines": [], "summary": {"covered_lines": 0, "num_statements": 31, "percent_covered": 0.0, "percent_covered_display": "0.00", "missing_lines": 31, "excluded_lines": 0, "num_branches": 8, "num_partial_branches": 0, "covered_branches": 0, "missing_branches": 8}, "missing_lines": [754, 757, 758, 759, 762, 763, 767, 770, 772, 773, 774, 779, 782, 791, 793, 794, 795, 796, 798, 800, 802, 807, 808, 809, 810, 812, 813, 814, 815, 816, 817], "excluded_lines": [], "executed_branches": [], "missing_branches": [[757, 758], [757, 762], [762, 763], [762, 770], [770, 772], [770, 782], [791, 793], [791, 798]]}, "ReachyMiniBackend.look_at": {"executed_lines": [], "summary": {"covered_lines": 0, "num_statements": 9, "percent_covered": 0.0, "percent_covered_display": "0.00", "missing_lines": 9, "excluded_lines": 0, "num_branches": 2, "num_partial_branches": 0, "covered_branches": 0, "missing_branches": 2}, "missing_lines": [828, 830, 837, 839, 842, 849, 850, 851, 852], "excluded_lines": [], "executed_branches": [], "missing_branches": [[828, 830], [828, 839]]}, "ReachyMiniBackend.run_behavior": {"executed_lines": [
[...]
es": [106, 107, 108, 109, 112, 122, 123, 124, 126, 132, 133, 136, 139, 141, 142, 143, 144, 146, 147, 148, 151, 153, 155, 159, 160, 161, 166, 167, 168, 170, 172, 173, 176, 177, 178, 180, 181, 182, 184, 185, 186, 198, 199, 201, 203, 204, 205, 210, 211, 212, 215, 217, 218, 219, 221, 222, 225, 226, 233, 234, 236, 237, 239, 245, 247, 248, 250, 251, 252, 253, 255, 259, 260, 261, 262, 265, 266, 267, 269, 280, 282, 283, 285, 286, 287, 307, 308, 310, 311, 313, 314, 315, 316, 320, 321, 322, 323, 325, 326, 329, 331, 332, 333, 335, 336, 339, 340, 346, 347, 349, 350, 352, 353, 354, 356, 357, 361, 367, 368, 369, 370, 372, 376, 377, 379, 382, 383, 384, 385, 388, 389, 390, 392, 403, 404, 406, 407, 412, 414, 415, 416, 431, 432, 435, 439, 440, 443, 462, 463, 465, 467, 468, 469, 472, 473, 475, 483, 489, 491], "excluded_lines": [], "executed_branches": [], "missing_branches": [[122, 123], [122, 126], [132, 133], [132, 136], [142, 143], [142, 151], [151, 153], [151, 166], [153, 155], [153, 166], [198, 199], [198, 201], [203, 204], [203, 210], [215, 217], [215, 236], [225, 226], [225, 233], [250, 251], [250, 282], [252, 250], [252, 253], [253, 250], [253, 255], [307, 308], [307, 310], [310, 311], [310, 313], [314, 315], [314, 320], [325, 326], [325, 361], [329, 331], [329, 352], [339, 340], [339, 346], [368, 369], [368, 406], [376, 377], [376, 404], [377, 379], [377, 404], [431, 432], [431, 435], [439, 440], [439, 443], [462, 463], [462, 465], [467, 468], [467, 491]]}, "FaceDetector": {"executed_lines": [], "summary": {"covered_lines": 0, "num_statements": 49, "percent_covered": 0.0, "percent_covered_display": "0.00", "missing_lines": 49, "excluded_lines": 0, "num_branches": 14, "num_partial_branches": 0, "covered_branches": 0, "missing_branches": 14}, "missing_lines": [499, 500, 501, 506, 507, 512, 513, 514, 515, 516, 518, 519, 520, 522, 523, 524, 525, 526, 532, 533, 535, 536, 537, 538, 550, 551, 553, 555, 558, 560, 561, 562, 564, 566, 567, 568, 569, 570, 573, 575, 581, 583, 584, 586, 587, 588, 600, 601, 604], "excluded_lines": [], "executed_branches": [], "missing_branches": [[507, 512], [507, 518], [518, 519], [518, 522], [523, -497], [523, 524], [550, 551], [550, 553], [561, 562], [561, 583], [564, 566], [564, 583], [600, 601], [600, 604]]}, "": {"executed_lines": [2, 6, 7, 8, 9, 11, 12, 16, 17, 20, 21, 22, 24, 27, 28, 44, 45, 46, 50, 51, 52, 53, 56, 59, 60, 61, 62, 65, 66, 69, 70, 72, 73, 77, 79, 82, 84, 93, 94, 96, 130, 188, 289, 418, 449, 494, 495, 497, 540, 590, 610, 634, 649], "summary": {"covered_lines": 49, "num_statements": 73, "percent_covered": 62.96296296296296, "percent_covered_display": "62.96", "missing_lines": 24, "excluded_lines": 19, "num_branches": 8, "num_partial_branches": 2, "covered_branches": 2, "missing_branches": 6}, "missing_lines": [19, 25, 29, 31, 33, 36, 37, 38, 39, 40, 41, 48, 49, 85, 86, 87, 624, 625, 626, 628, 641, 642, 644, 645], "excluded_lines": [649, 650, 652, 653, 656, 658, 659, 660, 661, 664, 665, 666, 667, 668, 670, 671, 672, 673, 674], "executed_branches": [[24, 27], [84, 93]], "missing_branches": [[24, 25], [84, 85], [624, 625], [624, 628], [641, 642], [641, 644]]}}}, "src/bbia_sim/voice_whisper.py": {"executed_lines": [2, 6, 7, 8, 9, 10, 11, 12, 13, 15, 19, 21, 22, 26, 27, 28, 31, 32, 33, 34, 36, 37, 41, 42, 47, 50, 51, 54, 55, 56, 57, 62, 81, 82, 84, 116, 175, 228, 313, 423, 545, 762, 763, 765, 793, 825, 847], "summary": {"covered_lines": 43, "num_statements": 395, "percent_covered": 8.576998050682262, "percent_covered_display": "8.58", "missing_lines": 352, "excluded_lines": 18, "num_branches": 118, "num_partial_branches": 1, "covered_branches": 1, "missing_branches": 117}, "missing_lines": [16, 24, 25, 38, 39, 43, 45, 68, 69, 71, 73, 74, 75, 76, 78, 98, 99, 100, 101, 102, 103, 104, 106, 107, 110, 112, 118, 119, 123, 124, 125, 128, 130, 131, 132, 135, 137, 138, 144, 145, 146, 150, 151, 152, 154, 156, 157, 160, 161, 162, 164, 165, 166, 168, 169, 170, 171, 172, 173, 186, 187, 188, 191, 192, 193, 195, 196, 197, 200, 201, 202, 204, 213, 214, 216, 219, 221, 222, 223, 224, 225, 226, 239, 240, 243, 246, 247, 248, 251, 252, 255, 257, 258, 259, 261, 264, 265, 271, 274, 275, 278, 283, 284, 287, 290, 291, 292, 293, 294, 296, 297, 301, 302, 304, 305, 306, 309, 310, 311, 323, 324, 327, 328, 330, 333, 334, 335, 336, 337, 338, 339, 341, 342, 344, 346, 348, 354, 355, 356, 358, 359, 360, 361, 362, 366, 367, 370, 373, 374, 375, 376, 377, 380, 382, 384, 386, 387, 388, 390, 391, 394, 395, 398, 399, 400, 403, 404, 405, 408, 409, 411, 413, 415, 416, 417, 418, 419, 420, 421, 439, 440, 443, 446, 447, 448, 451, 452, 455, 457, 458, 460, 461, 463, 466, 467, 468, 471, 472, 473, 474, 476, 478, 484, 485, 488, 489, 490, 492, 493, 495, 498, 499, 500, 502, 503, 504, 507, 510, 515, 516, 519, 522, 523, 524, 525, 526, 528, 529, 533, 534, 536, 537, 538, 541, 542, 543, 567, 568, 569, 572, 573, 574, 577, 578, 581, 584, 585, 586, 588, 589, 591, 592, 594, 598, 599, 600, 601, 604, 605, 610, 611, 612, 614, 616, 622, 625, 628, 629, 630, 631, 632, 633, 635, 636, 641, 642, 647, 648, 649, 656, 657, 660, 661, 662, 665, 666, 667, 669, 675, 676, 678, 679, 682, 683, 684, 686, 700, 701, 702, 703, 704, 707, 708, 709, 710, 711, 716, 718, 719, 722, 723, 724, 726, 731, 734, 735, 736, 739, 740, 741, 742, 744, 745, 747, 748, 749, 750, 752, 753, 754, 757, 758, 759, 767, 788, 803, 804, 807, 810, 811, 812, 813, 816, 817, 818, 819, 821, 822, 839, 840, 841, 843], "excluded_lines": [847, 848, 850, 851, 854, 856, 858, 859, 860, 863, 864, 871, 872, 873, 874, 875, 876, 877], "executed_branches": [[15, 19]], "missing_branches": [[15, 16], [68, 69], [68, 71], [106, 107], [106, 112], [118, 119], [118, 123], [124, 125], [124, 135], [135, 137], [135, 150], [137, 138], [137, 150], [186, 187], [186, 191], [191, 192], [191, 195], [200, 201], [200, 204], [239, 240], [239, 246], [246, 247], [246, 251], [251, 252], [251, 257], [305, 306], [305, 310], [323, 324], [323, 327], [327, 328], [327, 330], [333, 334], [333, 337], [337, 338], [337, 370], [341, 342], [341, 346], [355, 356], [355, 358], [373, 374], [373, 382], [384, 386], [384, 387], [387, 388], [387, 390], [394, 395], [394, 398], [398, 399], [398, 400], [403, 404], [403, 413], [439, 440], [439, 446], [446, 447], [446, 451], [451, 452], [451, 457], [476, 478], [476, 502], [488, 489], [488, 492], [498, 476], [498, 499], [502, 503], [502, 507], [537, 538], [537, 542], [567, 568], [567, 572], [572, 573], [572, 577], [577, 578], [577, 584], [584, 585], [584, 588], [614, 616], [614, 739], [629, 630], [629, 647], [631, 632], [631, 635], [641, 642], [641, 647], [656, 657], [656, 731], [660, 661], [660, 665], [666, 667], [666, 669], [675, 676], [675, 678], [682, 683], [682, 686], [701, 702], [701, 716], [707, 708], [707, 716], [716, 718], [716, 731], [718, 719], [718, 722], [734, 614], [734, 735], [740, 741], [740, 744], [753, 754], [753, 758], [803, 804], [803, 807], [810, 811], [810, 816], [816, 817], [816, 821], [817, 816], [817, 818], [839, 840], [839, 843]], "functions": {"_check_audio_device_available": {"executed_lines": [], "summary": {"covered_lines": 0, "num_statements": 8, "percent_covered": 0.0, "percent_covered_display": "0.00", "missing_lines": 8, "excluded_lines": 0, "num_branches": 2, "num_partial_branches": 0, "covered_branches": 0, "missing_branches": 2}, "missing_lines": [68, 69, 71, 73, 74, 75, 76, 78], "excluded_lines": [], "executed_branches": [], "missing_branches": [[68, 69], [68, 71]]}, "WhisperSTT.__init__": {"executed_lines": [], "summary": {"covered_lines": 0, "num_statements": 11, "percent_covered": 0.0, "percent_covered_display": "0.00", "missing_lines": 11, "excluded_lines": 0, "num_branches": 2, "num_partial_branches": 0, "covered_branches": 0, "missing_branches": 2}, "missing_lines": [98, 99, 100, 101, 102, 103, 104, 106, 107, 110, 112], "excluded_lines": [], "executed_branches": [], "missing_branches": [[106, 107], [106, 112]]}, "WhisperSTT.load_model": {"executed_lines": [], "summary": {"covered_lines": 0, "num_statements": 33, "percent_covered": 0.0, "percent_covered_display": "0.00", "missing_lines": 33, "excluded_lines": 0, "num_branches": 8, "num_partial_branches": 0, "covered_branches": 0, "missing_branches": 8}, "missing_lines": [118, 119, 123, 124, 125, 128, 130, 131, 132, 135, 137, 138, 144, 145, 146, 150, 151, 152, 154, 156, 157, 160, 161, 162, 164, 165, 166, 168, 169, 170, 171, 172, 173], "excluded_lines": [], "executed_branches": [], "missing_branches": [[118, 119], [118, 123], [124, 125], [124, 135], [135, 137], [135, 150], [137, 138], [137, 150]]}, "WhisperSTT.transcribe_audio": {"executed_lines": [], "summary": {"covered_lines": 0, "num_statements": 23, "percent_covered": 0.0, "percent_covered_display": "0.00", "missing_lines": 23, "excluded_lines": 0, "num_branches": 6, "num_partial_branches": 0, "covered_branches": 0, "missing_branches": 6}, "missing_lines": [186, 187, 188, 191, 192, 193, 195, 196, 197, 200, 201, 202, 204, 213, 214, 216, 219, 221, 222, 223, 224, 225, 226], "excluded_lines": [], "executed_branches": [], "missing_branches": [[186, 187], [186, 191], [191, 192], [191, 195], [200, 201], [200, 204]]}, "WhisperSTT.transcribe_microphone": {"executed_lines": [], "summary": {"covered_lines": 0, "num_statements": 37, "percent_covered": 0.0, "percent_covered_display": "0.00", "missing_lines": 37, "excluded_lines": 0, "num_branches": 8, "num_partial_branches": 0, "covered_branches": 0, "missing_branches": 8}, "missing_lines": [239, 240, 243, 246, 247, 248, 251, 252, 255, 257, 258, 259, 261, 264, 265, 271, 274, 275, 278, 283, 284, 287, 290, 291, 292, 293, 294, 296, 297, 301, 302, 304, 305, 306, 309, 310, 311], "excluded_lines": [], "executed_branches": [], "missing_branches": [[239, 240], [239, 246], [246, 247], [246, 251], [251, 252], [251, 257], [305, 306], [305, 310]]}, "WhisperSTT.detect_speech_activity": {"executed_lines": [], "summary": {"covered_lines": 0, "num_statements": 60, "percent_covered": 0.0, "percent_covered_display": "0.00", "missing_lines": 60, "excluded_lines": 0, "num_branches": 24, "num_partial_branches": 0, "covered_branches": 0, "missing_branches": 24}, "missing_lines": [323, 324, 327, 328, 330, 333, 334, 335, 336, 337, 338, 339, 341, 342, 344, 346, 348, 354, 355, 356, 358, 359, 360, 361, 362, 366, 367, 370, 373, 374, 375, 376, 377, 380, 382, 384, 386, 387, 388, 390, 391, 394, 395, 398, 399, 400, 403, 404, 405, 408, 409, 411, 413, 415, 416, 417, 418, 419, 420, 421], "excluded_lines": [], "executed_branches": [], "missing_branches": [[323, 324], [323, 327], [327, 328], [327, 330], [333, 334], [333, 337], [337, 338], [337, 370], [341, 342], [341, 346], [355, 356], [355, 358], [373, 374], [373, 382], [384, 386], [384, 387], [387, 388], [387, 390], [394, 395], [394, 398], [398, 399], [398, 400], [403, 404], [403, 413]]}, "WhisperSTT.transcribe_microphone_with_vad": {"executed_lines": [], "summary": {"covered_lines": 0, "num_statements": 57, "percent_covered": 0.0, "percent_covered_display": "0.00", "missing_lines": 57, "excluded_lines": 0, "num_branches": 16, "num_partial_branches": 0, "covered_branches": 0, "missing_branches": 16}, "missing_lines": [439, 440, 443, 446, 447, 448, 451, 452, 455, 457, 458, 460, 461, 463, 466, 467, 468, 471, 472, 473, 474, 476, 478, 484, 485, 488, 489, 490, 492, 493, 495, 498, 499, 500, 502, 503, 504, 507, 510, 515, 516, 519, 522, 523, 524, 525, 526, 528, 529, 533, 534, 536, 537, 538, 541, 542, 543], "excluded_lines": [], "executed_branches": [], "missing_branches": [[439, 440], [439, 446], [446, 447], [446, 451], [451, 452], [451, 457], [476, 478], [476, 502], [488, 489], [488, 492], [498, 476], [498, 499], [502, 503], [502, 507], [537, 538], [537, 542]]}, "WhisperSTT.transcribe_streaming": {"executed_lines": [], "summary": {"covered_lines": 0, "num_statements": 97, "percent_covered": 0.0, "percent_covered_display": "0.00", "missing_lines": 97, "excluded_lines": 0, "num_branches": 40, "num_partial_branches": 0, "covered_branches": 0, "missing_branches": 40}, "missing_lines": [567, 568, 569, 572, 573, 574, 577, 578, 581, 584, 585, 586, 588, 589, 591, 592, 594, 598, 599, 600, 601, 604, 605, 610, 611, 612, 614, 616, 622, 625, 628, 629, 630, 631, 632, 633, 635, 636, 641, 642, 647, 648, 649, 656, 657, 660, 661, 662, 665, 666, 667, 669, 675, 676, 678, 679, 682, 683, 684, 686, 700, 701, 702, 703, 704, 707, 708, 709, 710, 711, 716, 718, 719, 722, 723, 724, 726, 731, 734, 735, 736, 739, 740, 741, 742, 744, 745, 747, 748, 749, 750, 752, 753, 754, 757, 758, 759], "excluded_lines": [], "executed_branches": [], "missing_branches": [[567, 568], [567, 572], [572, 573], [572, 577], [577, 578], [577, 584], [584, 585], [584, 588], [614, 616], [614, 739], [629, 630], [629, 647], [631, 632], [631, 635], [641, 642], [641, 647], [656, 657], [656, 731], [660, 661], [660, 665], [666, 667], [666, 669], [675, 676], [675, 678], [682, 683], [682, 686], [701, 702], [701, 716], [707, 708], [707, 716], [716, 718], [716, 731], [718, 719], [718, 722], [734, 614], [734, 735], [740, 741], [740, 744], [753, 754], [753, 758]]}, "VoiceCommandMapper.__init__": {"executed_lines": [], "summary": {"covered_lines": 0, "num_statements": 2, "percent_covered": 0.0, "percent_covered_display": "0.00", "missing_lines": 2, "excluded_lines": 0, "num_branches": 0, "num_partial_branches": 0, "covered_branches": 0, "missing_branches": 0}, "missing_lines": [767, 788], "excluded_lines": [], "executed_branches": [], "missing_branches": []}, "VoiceCommandMapper.map_command": {"executed_lines": [], "summary": {"covered_lines": 0, "num_statements": 13, "percent_covered": 0.0, "percent_covered_display": "0.00", "missing_lines": 13, "excluded_lines": 0, "num_branches": 8, "num_partial_branches": 0, "covered_branches": 0, "missing_branches": 8}, "missing_lines": [803, 804, 807, 810, 811, 812, 813, 816, 817, 818, 819, 821, 822], "excluded_lines": [], "executed_branches": [], "missing_branches": [[803, 804], [803, 807], [810, 811], [810, 816], [816, 817], [816, 821], [817, 816], [817, 818]]}, "create_whisper_stt": {"executed_lines": [], "summary": {"covered_lines": 0, "num_statements": 4, "percent_covered": 0.0, "percent_covered_display": "0.00", "missing_lines": 4, "excluded_lines": 0, "num_branches": 2, "num_partial_branches": 0, "covered_branches": 0, "missing_branches": 2}, "missing_lines": [839, 840, 841, 843], "excluded_lines": [], "executed_branches": [], "missing_branches": [[839, 840], [839, 843]]}, "": {"executed_lines": [2, 6, 7, 8, 9, 10, 11, 12, 13, 15, 19, 21, 22, 26, 27, 28, 31, 32, 33, 34, 36, 37, 41, 42, 47, 50, 51, 54, 55, 56, 57, 62, 81, 82, 84, 116, 175, 228, 313, 423, 545, 762, 763, 765, 793, 825, 847], "summary": {"covered_lines": 43, "num_statements": 50, "percent_covered": 84.61538461538461, "percent_covered_display": "84.62", "missing_lines": 7, "excluded_lines": 18, "num_branches": 2, "num_partial_branches": 1, "covered_branches": 1, "missing_branches": 1}, "missing_lines": [16, 24, 25, 38, 39, 43, 45], "excluded_lines": [847, 848, 850, 851, 854, 856, 858, 859, 860, 863, 864, 871, 872, 873, 874, 875, 876, 877], "executed_branches": [[15, 19]], "missing_branches": [[15, 16]]}}, "classes": {"WhisperSTT": {"executed_lines": [], "summary": {"covered_lines": 0, "num_statements": 318, "percent_covered": 0.0, "percent_covered_display": "0.00", "missing_lines": 318, "excluded_lines": 0, "num_branches": 104, "num_partial_branches": 0, "covered_branches": 0, "missing_branches": 104}, "missing_lines": [98, 99, 100, 101, 102, 103, 104, 106, 107, 110, 112, 118, 119, 123, 124, 125, 128, 130, 131, 132, 135, 137, 138, 144, 145, 146, 150, 151, 152, 154, 156, 157, 160, 161, 162, 164, 165, 166, 168, 169, 170, 171, 172, 173, 186, 187, 188, 191, 192, 193, 195, 196, 197, 200, 201, 202, 204, 213, 214, 216, 219, 221, 222, 223, 224, 225, 226, 239, 240, 243, 246, 247, 248, 251, 252, 255, 257, 258, 259, 261, 264, 265, 271, 274, 275, 278, 283, 284, 287, 290, 291, 292, 293, 294, 296, 297, 301, 302, 304, 305, 306, 309, 310, 311, 323, 324, 327, 328, 330, 333, 334, 335, 336, 337, 338, 339, 341, 342, 344, 346, 348, 354, 355, 356, 358, 359, 360, 361, 362, 366, 367, 370, 373, 374, 375, 376, 377, 380, 382, 384, 386, 387, 388, 390, 391, 394, 395, 398, 399, 400, 403, 404, 405, 408, 409, 411, 413, 415, 416, 417, 418, 419, 420, 421, 439, 440, 443, 446, 447, 448, 451, 452, 455, 457, 458, 460, 461, 463, 466, 467, 468, 471, 472, 473, 474, 476, 478, 484, 485, 488, 489, 490, 492, 493, 495, 498, 499, 500, 502, 503, 504, 507, 510, 515, 516, 519, 522, 523, 524, 525, 526, 528, 529, 533, 534, 536, 537, 538, 541, 542, 543, 567, 568, 569, 572, 573, 574, 577, 578, 581, 584, 585, 586, 588, 589, 591, 592, 594, 598, 599, 600, 601, 604, 605, 610, 611, 612, 614, 616, 622, 625, 628, 629, 630, 631, 632, 633, 635, 636, 641, 642, 647, 648, 649, 656, 657, 660, 661, 662, 665, 666, 667, 669, 675, 676, 678, 679, 682, 683, 684, 686, 700, 701, 702, 703, 704, 707, 708, 709, 710, 711, 716, 718, 719, 722, 723, 724, 726, 731, 734, 735, 736, 739, 740, 741, 742, 744, 745, 747, 748, 749, 750, 752, 753, 754, 757, 758, 759], "excluded_lines": [], "executed_branches": [], "missing_branches": [[106, 107], [106, 112], [118, 119], [118, 123], [124, 125], [124, 135], [135, 137], [135, 150], [137, 138], [137, 150], [186, 187], [186, 191], [191, 192], [191, 195], [200, 201], [200, 204], [239, 240], [239, 246], [246, 247], [246, 251], [251, 252], [251, 257], [305, 306], [305, 310], [323, 324], [323, 327], [327, 328], [327, 330], [333, 334], [333, 337], [337, 338], [337, 370], [341, 342], [341, 346], [355, 356], [355, 358], [373, 374], [373, 382], [384, 386], [384, 387], [387, 388], [387, 390], [394, 395], [394, 398], [398, 399], [398, 400], [403, 404], [403, 413], [439, 440], [439, 446], [446, 447], [446, 451], [451, 452], [451, 457], [476, 478], [476, 502], [488, 489], [488, 492], [498, 476], [498, 499], [502, 503], [502, 507], [537, 538], [537, 542], [567, 568], [567, 572], [572, 573], [572, 577], [577, 578], [577, 584], [584, 585], [584, 588], [614, 616], [614, 739], [629, 630], [629, 647], [631, 632], [631, 635], [641, 642], [641, 647], [656, 657], [656, 731], [660, 661], [660, 665], [666, 667], [666, 669], [675, 676], [675, 678], [682, 683], [682, 686], [701, 702], [701, 716], [707, 708], [707, 716], [716, 718], [716, 731], [718, 719], [718, 722], [734, 614], [734, 735], [740, 741], [740, 744], [753, 754], [753, 758]]}, "VoiceCommandMapper": {"executed_lines": [], "summary": {"covered_lines": 0, "num_statements": 15, "percent_covered": 0.0, "percent_covered_display": "0.00", "missing_lines": 15, "excluded_lines": 0, "num_branches": 8, "num_partial_branches": 0, "covered_branches": 0, "missing_branches": 8}, "missing_lines": [767, 788, 803, 804, 807, 810, 811, 812, 813, 816, 817, 818, 819, 821, 822], "excluded_lines": [], "executed_branches": [], "missing_branches": [[803, 804], [803, 807], [810, 811], [810, 816], [816, 817], [816, 821], [817, 816], [817, 818]]}, "": {"executed_lines": [2, 6, 7, 8, 9, 10, 11, 12, 13, 15, 19, 21, 22, 26, 27, 28, 31, 32, 33, 34, 36, 37, 41, 42, 47, 50, 51, 54, 55, 56, 57, 62, 81, 82, 84, 116, 175, 228, 313, 423, 545, 762, 763, 765, 793, 825, 847], "summary": {"covered_lines": 43, "num_statements": 62, "percent_covered": 64.70588235294117, "percent_covered_display": "64.71", "missing_lines": 19, "excluded_lines": 18, "num_branches": 6, "num_partial_branches": 1, "covered_branches": 1, "missing_branches": 5}, "missing_lines": [16, 24, 25, 38, 39, 43, 45, 68, 69, 71, 73, 74, 75, 76, 78, 839, 840, 841, 843], "excluded_lines": [847, 848, 850, 851, 854, 856, 858, 859, 860, 863, 864, 871, 872, 873, 874, 875, 876, 877], "executed_branches": [[15, 19]], "missing_branches": [[15, 16], [68, 69], [68, 71], [839, 840], [839, 843]]}}}}, "totals": {"covered_lines": 2881, "num_statements": 14329, "percent_covered": 16.029626425906905, "percent_covered_display": "16.03", "missing_lines": 11448, "excluded_lines": 314, "num_branches": 4168, "num_partial_branches": 78, "covered_branches": 84, "missing_branches": 4084}}